[EXECUTOR] executeTask - Begin task execution
WORKER - Parameters of execution:
  * Method type: METHOD
  * Method definition: [DECLARING CLASS=hybrid_dftf_streams, METHOD NAME=extract_info]
  * Parameter types: java.lang.String int int
  * Parameter values: /tmp/COMPSsWorker01/0e9848aa-c9f5-4e77-b8b5-4fff3135b8b1/COMPSsWorker01/d2v1_1563974556510.IT 500 100
  * Parameter streams: UNSPECIFIED UNSPECIFIED UNSPECIFIED
  * Parameter prefixes: null null null
  * Has Target: false
  * Has Return: true
[INVOKER] COMPSS_HOSTNAMES: COMPSsWorker01
[INVOKER] COMPSS_NUM_NODES: 1
[INVOKER] COMPSS_NUM_THREADS: 1
[EXECUTOR] executeTask - End task execution
utor - Received task in process: Process-0
pycompss.worker.piper.piper_worker pipe_executor -  - TASK CMD: ['EXECUTE_TASK', '3', '/tmp/COMPSsWorker01/0e9848aa-c9f5-4e77-b8b5-4fff3135b8b1/COMPSsWorker01/jobs/job3_NEW.out', '/tmp/COMPSsWorker01/0e9848aa-c9f5-4e77-b8b5-4fff3135b8b1/COMPSsWorker01/jobs/job3_NEW.err', '1', '3', 'true', 'null', 'METHOD', 'hybrid_dftf_streams', 'extract_info', '0', '1', 'COMPSsWorker01', '1', 'false', '9', '10', '13', '28', '3', 'null', 'fds_filtered', '/tmp/COMPSsWorker01/0e9848aa-c9f5-4e77-b8b5-4fff3135b8b1/COMPSsWorker01/d2v1_1563974556510.IT', 'R', '4', '3', 'null', 'base_sleep_time', '500', '4', '3', 'null', 'sleep_random_range', '100', '9', '3', '#', '$return_0', '/tmp/COMPSsWorker01/0e9848aa-c9f5-4e77-b8b5-4fff3135b8b1/COMPSsWorker01/sandBox/job_3/compss-serialized-obj_19c0477a-ae16-11e9-8029-a44cc871a000-3:d3v2_1563974556510.IT:false:true:/tmp/COMPSsWorker01/0e9848aa-c9f5-4e77-b8b5-4fff3135b8b1/COMPSsWorker01/sandBox/job_3/compss-serialized-obj_19c0477a-ae16-11e9-8029-a44cc871a000-3', '9', '3', '#', '$return_1', '/tmp/COMPSsWorker01/0e9848aa-c9f5-4e77-b8b5-4fff3135b8b1/COMPSsWorker01/sandBox/job_3/compss-serialized-obj_19c0477a-ae16-11e9-8029-a44cc871a000-4:d4v2_1563974556510.IT:false:true:/tmp/COMPSsWorker01/0e9848aa-c9f5-4e77-b8b5-4fff3135b8b1/COMPSsWorker01/sandBox/job_3/compss-serialized-obj_19c0477a-ae16-11e9-8029-a44cc871a000-4', '9', '3', '#', '$return_2', '/tmp/COMPSsWorker01/0e9848aa-c9f5-4e77-b8b5-4fff3135b8b1/COMPSsWorker01/sandBox/job_3/compss-serialized-obj_19c0477a-ae16-11e9-8029-a44cc871a000-5:d5v2_1563974556510.IT:false:true:/tmp/COMPSsWorker01/0e9848aa-c9f5-4e77-b8b5-4fff3135b8b1/COMPSsWorker01/sandBox/job_3/compss-serialized-obj_19c0477a-ae16-11e9-8029-a44cc871a000-5', '9', '3', '#', '$return_3', '/tmp/COMPSsWorker01/0e9848aa-c9f5-4e77-b8b5-4fff3135b8b1/COMPSsWorker01/sandBox/job_3/compss-serialized-obj_19c0477a-ae16-11e9-8029-a44cc871a000-6:d6v2_1563974556510.IT:false:true:/tmp/COMPSsWorker01/0e9848aa-c9f5-4e77-b8b5-4fff3135b8b1/COMPSsWorker01/sandBox/job_3/compss-serialized-obj_19c0477a-ae16-11e9-8029-a44cc871a000-6', '9', '3', '#', '$return_4', '/tmp/COMPSsWorker01/0e9848aa-c9f5-4e77-b8b5-4fff3135b8b1/COMPSsWorker01/sandBox/job_3/compss-serialized-obj_19c0477a-ae16-11e9-8029-a44cc871a000-7:d7v2_1563974556510.IT:false:true:/tmp/COMPSsWorker01/0e9848aa-c9f5-4e77-b8b5-4fff3135b8b1/COMPSsWorker01/sandBox/job_3/compss-serialized-obj_19c0477a-ae16-11e9-8029-a44cc871a000-7', '9', '3', '#', '$return_5', '/tmp/COMPSsWorker01/0e9848aa-c9f5-4e77-b8b5-4fff3135b8b1/COMPSsWorker01/sandBox/job_3/compss-serialized-obj_19c0477a-ae16-11e9-8029-a44cc871a000-8:d8v2_1563974556510.IT:false:true:/tmp/COMPSsWorker01/0e9848aa-c9f5-4e77-b8b5-4fff3135b8b1/COMPSsWorker01/sandBox/job_3/compss-serialized-obj_19c0477a-ae16-11e9-8029-a44cc871a000-8', '9', '3', '#', '$return_6', '/tmp/COMPSsWorker01/0e9848aa-c9f5-4e77-b8b5-4fff3135b8b1/COMPSsWorker01/sandBox/job_3/compss-serialized-obj_19c0477a-ae16-11e9-8029-a44cc871a000-9:d9v2_1563974556510.IT:false:true:/tmp/COMPSsWorker01/0e9848aa-c9f5-4e77-b8b5-4fff3135b8b1/COMPSsWorker01/sandBox/job_3/compss-serialized-obj_19c0477a-ae16-11e9-8029-a44cc871a000-9', '9', '3', '#', '$return_7', '/tmp/COMPSsWorker01/0e9848aa-c9f5-4e77-b8b5-4fff3135b8b1/COMPSsWorker01/sandBox/job_3/compss-serialized-obj_19c0477a-ae16-11e9-8029-a44cc871a000-10:d10v2_1563974556510.IT:false:true:/tmp/COMPSsWorker01/0e9848aa-c9f5-4e77-b8b5-4fff3135b8b1/COMPSsWorker01/sandBox/job_3/compss-serialized-obj_19c0477a-ae16-11e9-8029-a44cc871a000-10', '9', '3', '#', '$return_8', '/tmp/COMPSsWorker01/0e9848aa-c9f5-4e77-b8b5-4fff3135b8b1/COMPSsWorker01/sandBox/job_3/compss-serialized-obj_19c0477a-ae16-11e9-8029-a44cc871a000-11:d11v2_1563974556510.IT:false:true:/tmp/COMPSsWorker01/0e9848aa-c9f5-4e77-b8b5-4fff3135b8b1/COMPSsWorker01/sandBox/job_3/compss-serialized-obj_19c0477a-ae16-11e9-8029-a44cc871a000-11', '9', '3', '#', '$return_9', '/tmp/COMPSsWorker01/0e9848aa-c9f5-4e77-b8b5-4fff3135b8b1/COMPSsWorker01/sandBox/job_3/compss-serialized-obj_19c0477a-ae16-11e9-8029-a44cc871a000-12:d12v2_1563974556510.IT:false:true:/tmp/COMPSsWorker01/0e9848aa-c9f5-4e77-b8b5-4fff3135b8b1/COMPSsWorker01/sandBox/job_3/compss-serialized-obj_19c0477a-ae16-11e9-8029-a44cc871a000-12']
pycompss.worker.piper.piper_worker pipe_executor - Process environment:
pycompss.worker.piper.piper_worker pipe_executor - 	 - Number of nodes: 1
pycompss.worker.piper.piper_worker pipe_executor - 	 - Hostnames: COMPSsWorker01
pycompss.worker.piper.piper_worker pipe_executor - 	 - Number of threads: 1
pycompss.worker.piper.piper_worker worker_commons - Begin task execution in Process-0
pycompss.worker.piper.piper_worker worker_commons - Storage conf: null
pycompss.worker.piper.piper_worker worker_commons - Params: ['hybrid_dftf_streams', 'extract_info', '0', '1', 'COMPSsWorker01', '1', 'false', '9', '10', '13', '28', '3', 'null', 'fds_filtered', '/tmp/COMPSsWorker01/0e9848aa-c9f5-4e77-b8b5-4fff3135b8b1/COMPSsWorker01/d2v1_1563974556510.IT', 'R', '4', '3', 'null', 'base_sleep_time', '500', '4', '3', 'null', 'sleep_random_range', '100', '9', '3', '#', '$return_0', '/tmp/COMPSsWorker01/0e9848aa-c9f5-4e77-b8b5-4fff3135b8b1/COMPSsWorker01/sandBox/job_3/compss-serialized-obj_19c0477a-ae16-11e9-8029-a44cc871a000-3:d3v2_1563974556510.IT:false:true:/tmp/COMPSsWorker01/0e9848aa-c9f5-4e77-b8b5-4fff3135b8b1/COMPSsWorker01/sandBox/job_3/compss-serialized-obj_19c0477a-ae16-11e9-8029-a44cc871a000-3', '9', '3', '#', '$return_1', '/tmp/COMPSsWorker01/0e9848aa-c9f5-4e77-b8b5-4fff3135b8b1/COMPSsWorker01/sandBox/job_3/compss-serialized-obj_19c0477a-ae16-11e9-8029-a44cc871a000-4:d4v2_1563974556510.IT:false:true:/tmp/COMPSsWorker01/0e9848aa-c9f5-4e77-b8b5-4fff3135b8b1/COMPSsWorker01/sandBox/job_3/compss-serialized-obj_19c0477a-ae16-11e9-8029-a44cc871a000-4', '9', '3', '#', '$return_2', '/tmp/COMPSsWorker01/0e9848aa-c9f5-4e77-b8b5-4fff3135b8b1/COMPSsWorker01/sandBox/job_3/compss-serialized-obj_19c0477a-ae16-11e9-8029-a44cc871a000-5:d5v2_1563974556510.IT:false:true:/tmp/COMPSsWorker01/0e9848aa-c9f5-4e77-b8b5-4fff3135b8b1/COMPSsWorker01/sandBox/job_3/compss-serialized-obj_19c0477a-ae16-11e9-8029-a44cc871a000-5', '9', '3', '#', '$return_3', '/tmp/COMPSsWorker01/0e9848aa-c9f5-4e77-b8b5-4fff3135b8b1/COMPSsWorker01/sandBox/job_3/compss-serialized-obj_19c0477a-ae16-11e9-8029-a44cc871a000-6:d6v2_1563974556510.IT:false:true:/tmp/COMPSsWorker01/0e9848aa-c9f5-4e77-b8b5-4fff3135b8b1/COMPSsWorker01/sandBox/job_3/compss-serialized-obj_19c0477a-ae16-11e9-8029-a44cc871a000-6', '9', '3', '#', '$return_4', '/tmp/COMPSsWorker01/0e9848aa-c9f5-4e77-b8b5-4fff3135b8b1/COMPSsWorker01/sandBox/job_3/compss-serialized-obj_19c0477a-ae16-11e9-8029-a44cc871a000-7:d7v2_1563974556510.IT:false:true:/tmp/COMPSsWorker01/0e9848aa-c9f5-4e77-b8b5-4fff3135b8b1/COMPSsWorker01/sandBox/job_3/compss-serialized-obj_19c0477a-ae16-11e9-8029-a44cc871a000-7', '9', '3', '#', '$return_5', '/tmp/COMPSsWorker01/0e9848aa-c9f5-4e77-b8b5-4fff3135b8b1/COMPSsWorker01/sandBox/job_3/compss-serialized-obj_19c0477a-ae16-11e9-8029-a44cc871a000-8:d8v2_1563974556510.IT:false:true:/tmp/COMPSsWorker01/0e9848aa-c9f5-4e77-b8b5-4fff3135b8b1/COMPSsWorker01/sandBox/job_3/compss-serialized-obj_19c0477a-ae16-11e9-8029-a44cc871a000-8', '9', '3', '#', '$return_6', '/tmp/COMPSsWorker01/0e9848aa-c9f5-4e77-b8b5-4fff3135b8b1/COMPSsWorker01/sandBox/job_3/compss-serialized-obj_19c0477a-ae16-11e9-8029-a44cc871a000-9:d9v2_1563974556510.IT:false:true:/tmp/COMPSsWorker01/0e9848aa-c9f5-4e77-b8b5-4fff3135b8b1/COMPSsWorker01/sandBox/job_3/compss-serialized-obj_19c0477a-ae16-11e9-8029-a44cc871a000-9', '9', '3', '#', '$return_7', '/tmp/COMPSsWorker01/0e9848aa-c9f5-4e77-b8b5-4fff3135b8b1/COMPSsWorker01/sandBox/job_3/compss-serialized-obj_19c0477a-ae16-11e9-8029-a44cc871a000-10:d10v2_1563974556510.IT:false:true:/tmp/COMPSsWorker01/0e9848aa-c9f5-4e77-b8b5-4fff3135b8b1/COMPSsWorker01/sandBox/job_3/compss-serialized-obj_19c0477a-ae16-11e9-8029-a44cc871a000-10', '9', '3', '#', '$return_8', '/tmp/COMPSsWorker01/0e9848aa-c9f5-4e77-b8b5-4fff3135b8b1/COMPSsWorker01/sandBox/job_3/compss-serialized-obj_19c0477a-ae16-11e9-8029-a44cc871a000-11:d11v2_1563974556510.IT:false:true:/tmp/COMPSsWorker01/0e9848aa-c9f5-4e77-b8b5-4fff3135b8b1/COMPSsWorker01/sandBox/job_3/compss-serialized-obj_19c0477a-ae16-11e9-8029-a44cc871a000-11', '9', '3', '#', '$return_9', '/tmp/COMPSsWorker01/0e9848aa-c9f5-4e77-b8b5-4fff3135b8b1/COMPSsWorker01/sandBox/job_3/compss-serialized-obj_19c0477a-ae16-11e9-8029-a44cc871a000-12:d12v2_1563974556510.IT:false:true:/tmp/COMPSsWorker01/0e9848aa-c9f5-4e77-b8b5-4fff3135b8b1/COMPSsWorker01/sandBox/job_3/compss-serialized-obj_19c0477a-ae16-11e9-8029-a44cc871a000-12']
pycompss.worker.piper.piper_worker worker_commons - Path: hybrid_dftf_streams
pycompss.worker.piper.piper_worker worker_commons - Method name: extract_info
pycompss.worker.piper.piper_worker worker_commons - Num slaves: 1
pycompss.worker.piper.piper_worker worker_commons - Slaves: ['1']
pycompss.worker.piper.piper_worker worker_commons - Cus: 1
pycompss.worker.piper.piper_worker worker_commons - Has target: false
pycompss.worker.piper.piper_worker worker_commons - Num Params: 13
pycompss.worker.piper.piper_worker worker_commons - Return Length: 10
pycompss.worker.piper.piper_worker worker_commons - Args: ['28', '3', 'null', 'fds_filtered', '/tmp/COMPSsWorker01/0e9848aa-c9f5-4e77-b8b5-4fff3135b8b1/COMPSsWorker01/d2v1_1563974556510.IT', 'R', '4', '3', 'null', 'base_sleep_time', '500', '4', '3', 'null', 'sleep_random_range', '100', '9', '3', '#', '$return_0', '/tmp/COMPSsWorker01/0e9848aa-c9f5-4e77-b8b5-4fff3135b8b1/COMPSsWorker01/sandBox/job_3/compss-serialized-obj_19c0477a-ae16-11e9-8029-a44cc871a000-3:d3v2_1563974556510.IT:false:true:/tmp/COMPSsWorker01/0e9848aa-c9f5-4e77-b8b5-4fff3135b8b1/COMPSsWorker01/sandBox/job_3/compss-serialized-obj_19c0477a-ae16-11e9-8029-a44cc871a000-3', '9', '3', '#', '$return_1', '/tmp/COMPSsWorker01/0e9848aa-c9f5-4e77-b8b5-4fff3135b8b1/COMPSsWorker01/sandBox/job_3/compss-serialized-obj_19c0477a-ae16-11e9-8029-a44cc871a000-4:d4v2_1563974556510.IT:false:true:/tmp/COMPSsWorker01/0e9848aa-c9f5-4e77-b8b5-4fff3135b8b1/COMPSsWorker01/sandBox/job_3/compss-serialized-obj_19c0477a-ae16-11e9-8029-a44cc871a000-4', '9', '3', '#', '$return_2', '/tmp/COMPSsWorker01/0e9848aa-c9f5-4e77-b8b5-4fff3135b8b1/COMPSsWorker01/sandBox/job_3/compss-serialized-obj_19c0477a-ae16-11e9-8029-a44cc871a000-5:d5v2_1563974556510.IT:false:true:/tmp/COMPSsWorker01/0e9848aa-c9f5-4e77-b8b5-4fff3135b8b1/COMPSsWorker01/sandBox/job_3/compss-serialized-obj_19c0477a-ae16-11e9-8029-a44cc871a000-5', '9', '3', '#', '$return_3', '/tmp/COMPSsWorker01/0e9848aa-c9f5-4e77-b8b5-4fff3135b8b1/COMPSsWorker01/sandBox/job_3/compss-serialized-obj_19c0477a-ae16-11e9-8029-a44cc871a000-6:d6v2_1563974556510.IT:false:true:/tmp/COMPSsWorker01/0e9848aa-c9f5-4e77-b8b5-4fff3135b8b1/COMPSsWorker01/sandBox/job_3/compss-serialized-obj_19c0477a-ae16-11e9-8029-a44cc871a000-6', '9', '3', '#', '$return_4', '/tmp/COMPSsWorker01/0e9848aa-c9f5-4e77-b8b5-4fff3135b8b1/COMPSsWorker01/sandBox/job_3/compss-serialized-obj_19c0477a-ae16-11e9-8029-a44cc871a000-7:d7v2_1563974556510.IT:false:true:/tmp/COMPSsWorker01/0e9848aa-c9f5-4e77-b8b5-4fff3135b8b1/COMPSsWorker01/sandBox/job_3/compss-serialized-obj_19c0477a-ae16-11e9-8029-a44cc871a000-7', '9', '3', '#', '$return_5', '/tmp/COMPSsWorker01/0e9848aa-c9f5-4e77-b8b5-4fff3135b8b1/COMPSsWorker01/sandBox/job_3/compss-serialized-obj_19c0477a-ae16-11e9-8029-a44cc871a000-8:d8v2_1563974556510.IT:false:true:/tmp/COMPSsWorker01/0e9848aa-c9f5-4e77-b8b5-4fff3135b8b1/COMPSsWorker01/sandBox/job_3/compss-serialized-obj_19c0477a-ae16-11e9-8029-a44cc871a000-8', '9', '3', '#', '$return_6', '/tmp/COMPSsWorker01/0e9848aa-c9f5-4e77-b8b5-4fff3135b8b1/COMPSsWorker01/sandBox/job_3/compss-serialized-obj_19c0477a-ae16-11e9-8029-a44cc871a000-9:d9v2_1563974556510.IT:false:true:/tmp/COMPSsWorker01/0e9848aa-c9f5-4e77-b8b5-4fff3135b8b1/COMPSsWorker01/sandBox/job_3/compss-serialized-obj_19c0477a-ae16-11e9-8029-a44cc871a000-9', '9', '3', '#', '$return_7', '/tmp/COMPSsWorker01/0e9848aa-c9f5-4e77-b8b5-4fff3135b8b1/COMPSsWorker01/sandBox/job_3/compss-serialized-obj_19c0477a-ae16-11e9-8029-a44cc871a000-10:d10v2_1563974556510.IT:false:true:/tmp/COMPSsWorker01/0e9848aa-c9f5-4e77-b8b5-4fff3135b8b1/COMPSsWorker01/sandBox/job_3/compss-serialized-obj_19c0477a-ae16-11e9-8029-a44cc871a000-10', '9', '3', '#', '$return_8', '/tmp/COMPSsWorker01/0e9848aa-c9f5-4e77-b8b5-4fff3135b8b1/COMPSsWorker01/sandBox/job_3/compss-serialized-obj_19c0477a-ae16-11e9-8029-a44cc871a000-11:d11v2_1563974556510.IT:false:true:/tmp/COMPSsWorker01/0e9848aa-c9f5-4e77-b8b5-4fff3135b8b1/COMPSsWorker01/sandBox/job_3/compss-serialized-obj_19c0477a-ae16-11e9-8029-a44cc871a000-11', '9', '3', '#', '$return_9', '/tmp/COMPSsWorker01/0e9848aa-c9f5-4e77-b8b5-4fff3135b8b1/COMPSsWorker01/sandBox/job_3/compss-serialized-obj_19c0477a-ae16-11e9-8029-a44cc871a000-12:d12v2_1563974556510.IT:false:true:/tmp/COMPSsWorker01/0e9848aa-c9f5-4e77-b8b5-4fff3135b8b1/COMPSsWorker01/sandBox/job_3/compss-serialized-obj_19c0477a-ae16-11e9-8029-a44cc871a000-12']
pycompss.worker.piper.piper_worker worker_commons - Processing parameters:
pycompss.worker.piper.piper_worker worker_commons - Parameter : 0
pycompss.worker.piper.piper_worker worker_commons - 	 * Type : 28
pycompss.worker.piper.piper_worker worker_commons - 	 * Std IO Stream : 3
pycompss.worker.piper.piper_worker worker_commons - 	 * Prefix : null
pycompss.worker.piper.piper_worker worker_commons - 	 * Name : fds_filtered
pycompss.worker.piper.piper_worker worker_commons - 	 * Value: '/tmp/COMPSsWorker01/0e9848aa-c9f5-4e77-b8b5-4fff3135b8b1/COMPSsWorker01/d2v1_1563974556510.IT'
pycompss.worker.piper.piper_worker worker_commons - Parameter : 1
pycompss.worker.piper.piper_worker worker_commons - 	 * Type : 4
pycompss.worker.piper.piper_worker worker_commons - 	 * Std IO Stream : 3
pycompss.worker.piper.piper_worker worker_commons - 	 * Prefix : null
pycompss.worker.piper.piper_worker worker_commons - 	 * Name : base_sleep_time
pycompss.worker.piper.piper_worker worker_commons - 	 * Value: '500'
pycompss.worker.piper.piper_worker worker_commons - Parameter : 2
pycompss.worker.piper.piper_worker worker_commons - 	 * Type : 4
pycompss.worker.piper.piper_worker worker_commons - 	 * Std IO Stream : 3
pycompss.worker.piper.piper_worker worker_commons - 	 * Prefix : null
pycompss.worker.piper.piper_worker worker_commons - 	 * Name : sleep_random_range
pycompss.worker.piper.piper_worker worker_commons - 	 * Value: '100'
pycompss.worker.piper.piper_worker worker_commons - Parameter : 3
pycompss.worker.piper.piper_worker worker_commons - 	 * Type : 9
pycompss.worker.piper.piper_worker worker_commons - 	 * Std IO Stream : 3
pycompss.worker.piper.piper_worker worker_commons - 	 * Prefix : #
pycompss.worker.piper.piper_worker worker_commons - 	 * Name : $return_0
pycompss.worker.piper.piper_worker worker_commons - 	 * Value: '/tmp/COMPSsWorker01/0e9848aa-c9f5-4e77-b8b5-4fff3135b8b1/COMPSsWorker01/sandBox/job_3/compss-serialized-obj_19c0477a-ae16-11e9-8029-a44cc871a000-3:d3v2_1563974556510.IT:false:true:/tmp/COMPSsWorker01/0e9848aa-c9f5-4e77-b8b5-4fff3135b8b1/COMPSsWorker01/sandBox/job_3/compss-serialized-obj_19c0477a-ae16-11e9-8029-a44cc871a000-3'
pycompss.worker.piper.piper_worker worker_commons - Parameter : 4
pycompss.worker.piper.piper_worker worker_commons - 	 * Type : 9
pycompss.worker.piper.piper_worker worker_commons - 	 * Std IO Stream : 3
pycompss.worker.piper.piper_worker worker_commons - 	 * Prefix : #
pycompss.worker.piper.piper_worker worker_commons - 	 * Name : $return_1
pycompss.worker.piper.piper_worker worker_commons - 	 * Value: '/tmp/COMPSsWorker01/0e9848aa-c9f5-4e77-b8b5-4fff3135b8b1/COMPSsWorker01/sandBox/job_3/compss-serialized-obj_19c0477a-ae16-11e9-8029-a44cc871a000-4:d4v2_1563974556510.IT:false:true:/tmp/COMPSsWorker01/0e9848aa-c9f5-4e77-b8b5-4fff3135b8b1/COMPSsWorker01/sandBox/job_3/compss-serialized-obj_19c0477a-ae16-11e9-8029-a44cc871a000-4'
pycompss.worker.piper.piper_worker worker_commons - Parameter : 5
pycompss.worker.piper.piper_worker worker_commons - 	 * Type : 9
pycompss.worker.piper.piper_worker worker_commons - 	 * Std IO Stream : 3
pycompss.worker.piper.piper_worker worker_commons - 	 * Prefix : #
pycompss.worker.piper.piper_worker worker_commons - 	 * Name : $return_2
pycompss.worker.piper.piper_worker worker_commons - 	 * Value: '/tmp/COMPSsWorker01/0e9848aa-c9f5-4e77-b8b5-4fff3135b8b1/COMPSsWorker01/sandBox/job_3/compss-serialized-obj_19c0477a-ae16-11e9-8029-a44cc871a000-5:d5v2_1563974556510.IT:false:true:/tmp/COMPSsWorker01/0e9848aa-c9f5-4e77-b8b5-4fff3135b8b1/COMPSsWorker01/sandBox/job_3/compss-serialized-obj_19c0477a-ae16-11e9-8029-a44cc871a000-5'
pycompss.worker.piper.piper_worker worker_commons - Parameter : 6
pycompss.worker.piper.piper_worker worker_commons - 	 * Type : 9
pycompss.worker.piper.piper_worker worker_commons - 	 * Std IO Stream : 3
pycompss.worker.piper.piper_worker worker_commons - 	 * Prefix : #
pycompss.worker.piper.piper_worker worker_commons - 	 * Name : $return_3
pycompss.worker.piper.piper_worker worker_commons - 	 * Value: '/tmp/COMPSsWorker01/0e9848aa-c9f5-4e77-b8b5-4fff3135b8b1/COMPSsWorker01/sandBox/job_3/compss-serialized-obj_19c0477a-ae16-11e9-8029-a44cc871a000-6:d6v2_1563974556510.IT:false:true:/tmp/COMPSsWorker01/0e9848aa-c9f5-4e77-b8b5-4fff3135b8b1/COMPSsWorker01/sandBox/job_3/compss-serialized-obj_19c0477a-ae16-11e9-8029-a44cc871a000-6'
pycompss.worker.piper.piper_worker worker_commons - Parameter : 7
pycompss.worker.piper.piper_worker worker_commons - 	 * Type : 9
pycompss.worker.piper.piper_worker worker_commons - 	 * Std IO Stream : 3
pycompss.worker.piper.piper_worker worker_commons - 	 * Prefix : #
pycompss.worker.piper.piper_worker worker_commons - 	 * Name : $return_4
pycompss.worker.piper.piper_worker worker_commons - 	 * Value: '/tmp/COMPSsWorker01/0e9848aa-c9f5-4e77-b8b5-4fff3135b8b1/COMPSsWorker01/sandBox/job_3/compss-serialized-obj_19c0477a-ae16-11e9-8029-a44cc871a000-7:d7v2_1563974556510.IT:false:true:/tmp/COMPSsWorker01/0e9848aa-c9f5-4e77-b8b5-4fff3135b8b1/COMPSsWorker01/sandBox/job_3/compss-serialized-obj_19c0477a-ae16-11e9-8029-a44cc871a000-7'
pycompss.worker.piper.piper_worker worker_commons - Parameter : 8
pycompss.worker.piper.piper_worker worker_commons - 	 * Type : 9
pycompss.worker.piper.piper_worker worker_commons - 	 * Std IO Stream : 3
pycompss.worker.piper.piper_worker worker_commons - 	 * Prefix : #
pycompss.worker.piper.piper_worker worker_commons - 	 * Name : $return_5
pycompss.worker.piper.piper_worker worker_commons - 	 * Value: '/tmp/COMPSsWorker01/0e9848aa-c9f5-4e77-b8b5-4fff3135b8b1/COMPSsWorker01/sandBox/job_3/compss-serialized-obj_19c0477a-ae16-11e9-8029-a44cc871a000-8:d8v2_1563974556510.IT:false:true:/tmp/COMPSsWorker01/0e9848aa-c9f5-4e77-b8b5-4fff3135b8b1/COMPSsWorker01/sandBox/job_3/compss-serialized-obj_19c0477a-ae16-11e9-8029-a44cc871a000-8'
pycompss.worker.piper.piper_worker worker_commons - Parameter : 9
pycompss.worker.piper.piper_worker worker_commons - 	 * Type : 9
pycompss.worker.piper.piper_worker worker_commons - 	 * Std IO Stream : 3
pycompss.worker.piper.piper_worker worker_commons - 	 * Prefix : #
pycompss.worker.piper.piper_worker worker_commons - 	 * Name : $return_6
pycompss.worker.piper.piper_worker worker_commons - 	 * Value: '/tmp/COMPSsWorker01/0e9848aa-c9f5-4e77-b8b5-4fff3135b8b1/COMPSsWorker01/sandBox/job_3/compss-serialized-obj_19c0477a-ae16-11e9-8029-a44cc871a000-9:d9v2_1563974556510.IT:false:true:/tmp/COMPSsWorker01/0e9848aa-c9f5-4e77-b8b5-4fff3135b8b1/COMPSsWorker01/sandBox/job_3/compss-serialized-obj_19c0477a-ae16-11e9-8029-a44cc871a000-9'
pycompss.worker.piper.piper_worker worker_commons - Parameter : 10
pycompss.worker.piper.piper_worker worker_commons - 	 * Type : 9
pycompss.worker.piper.piper_worker worker_commons - 	 * Std IO Stream : 3
pycompss.worker.piper.piper_worker worker_commons - 	 * Prefix : #
pycompss.worker.piper.piper_worker worker_commons - 	 * Name : $return_7
pycompss.worker.piper.piper_worker worker_commons - 	 * Value: '/tmp/COMPSsWorker01/0e9848aa-c9f5-4e77-b8b5-4fff3135b8b1/COMPSsWorker01/sandBox/job_3/compss-serialized-obj_19c0477a-ae16-11e9-8029-a44cc871a000-10:d10v2_1563974556510.IT:false:true:/tmp/COMPSsWorker01/0e9848aa-c9f5-4e77-b8b5-4fff3135b8b1/COMPSsWorker01/sandBox/job_3/compss-serialized-obj_19c0477a-ae16-11e9-8029-a44cc871a000-10'
pycompss.worker.piper.piper_worker worker_commons - Parameter : 11
pycompss.worker.piper.piper_worker worker_commons - 	 * Type : 9
pycompss.worker.piper.piper_worker worker_commons - 	 * Std IO Stream : 3
pycompss.worker.piper.piper_worker worker_commons - 	 * Prefix : #
pycompss.worker.piper.piper_worker worker_commons - 	 * Name : $return_8
pycompss.worker.piper.piper_worker worker_commons - 	 * Value: '/tmp/COMPSsWorker01/0e9848aa-c9f5-4e77-b8b5-4fff3135b8b1/COMPSsWorker01/sandBox/job_3/compss-serialized-obj_19c0477a-ae16-11e9-8029-a44cc871a000-11:d11v2_1563974556510.IT:false:true:/tmp/COMPSsWorker01/0e9848aa-c9f5-4e77-b8b5-4fff3135b8b1/COMPSsWorker01/sandBox/job_3/compss-serialized-obj_19c0477a-ae16-11e9-8029-a44cc871a000-11'
pycompss.worker.piper.piper_worker worker_commons - Parameter : 12
pycompss.worker.piper.piper_worker worker_commons - 	 * Type : 9
pycompss.worker.piper.piper_worker worker_commons - 	 * Std IO Stream : 3
pycompss.worker.piper.piper_worker worker_commons - 	 * Prefix : #
pycompss.worker.piper.piper_worker worker_commons - 	 * Name : $return_9
pycompss.worker.piper.piper_worker worker_commons - 	 * Value: '/tmp/COMPSsWorker01/0e9848aa-c9f5-4e77-b8b5-4fff3135b8b1/COMPSsWorker01/sandBox/job_3/compss-serialized-obj_19c0477a-ae16-11e9-8029-a44cc871a000-12:d12v2_1563974556510.IT:false:true:/tmp/COMPSsWorker01/0e9848aa-c9f5-4e77-b8b5-4fff3135b8b1/COMPSsWorker01/sandBox/job_3/compss-serialized-obj_19c0477a-ae16-11e9-8029-a44cc871a000-12'
pycompss.worker.piper.piper_worker worker_commons - RUN TASK with arguments:
pycompss.worker.piper.piper_worker worker_commons - 	- Path: hybrid_dftf_streams
pycompss.worker.piper.piper_worker worker_commons - 	- Method/function name: extract_info
pycompss.worker.piper.piper_worker worker_commons - 	- Has target: false
pycompss.worker.piper.piper_worker worker_commons - 	- # parameters: 13
pycompss.worker.piper.piper_worker worker_commons - 	- Values:
pycompss.worker.piper.piper_worker worker_commons - 		 
Parameter fds_filtered
	Type 28
	File Name /tmp/COMPSsWorker01/0e9848aa-c9f5-4e77-b8b5-4fff3135b8b1/COMPSsWorker01/d2v1_1563974556510.IT
	Key None
	Content None
	Stream 3
	Prefix null
--------------------

pycompss.worker.piper.piper_worker worker_commons - 		 
Parameter base_sleep_time
	Type 4
	File Name None
	Key None
	Content 500
	Stream 3
	Prefix null
--------------------

pycompss.worker.piper.piper_worker worker_commons - 		 
Parameter sleep_random_range
	Type 4
	File Name None
	Key None
	Content 100
	Stream 3
	Prefix null
--------------------

pycompss.worker.piper.piper_worker worker_commons - 		 
Parameter $return_0
	Type 9
	File Name /tmp/COMPSsWorker01/0e9848aa-c9f5-4e77-b8b5-4fff3135b8b1/COMPSsWorker01/sandBox/job_3/compss-serialized-obj_19c0477a-ae16-11e9-8029-a44cc871a000-3:d3v2_1563974556510.IT:false:true:/tmp/COMPSsWorker01/0e9848aa-c9f5-4e77-b8b5-4fff3135b8b1/COMPSsWorker01/sandBox/job_3/compss-serialized-obj_19c0477a-ae16-11e9-8029-a44cc871a000-3
	Key None
	Content None
	Stream 3
	Prefix #
--------------------

pycompss.worker.piper.piper_worker worker_commons - 		 
Parameter $return_1
	Type 9
	File Name /tmp/COMPSsWorker01/0e9848aa-c9f5-4e77-b8b5-4fff3135b8b1/COMPSsWorker01/sandBox/job_3/compss-serialized-obj_19c0477a-ae16-11e9-8029-a44cc871a000-4:d4v2_1563974556510.IT:false:true:/tmp/COMPSsWorker01/0e9848aa-c9f5-4e77-b8b5-4fff3135b8b1/COMPSsWorker01/sandBox/job_3/compss-serialized-obj_19c0477a-ae16-11e9-8029-a44cc871a000-4
	Key None
	Content None
	Stream 3
	Prefix #
--------------------

pycompss.worker.piper.piper_worker worker_commons - 		 
Parameter $return_2
	Type 9
	File Name /tmp/COMPSsWorker01/0e9848aa-c9f5-4e77-b8b5-4fff3135b8b1/COMPSsWorker01/sandBox/job_3/compss-serialized-obj_19c0477a-ae16-11e9-8029-a44cc871a000-5:d5v2_1563974556510.IT:false:true:/tmp/COMPSsWorker01/0e9848aa-c9f5-4e77-b8b5-4fff3135b8b1/COMPSsWorker01/sandBox/job_3/compss-serialized-obj_19c0477a-ae16-11e9-8029-a44cc871a000-5
	Key None
	Content None
	Stream 3
	Prefix #
--------------------

pycompss.worker.piper.piper_worker worker_commons - 		 
Parameter $return_3
	Type 9
	File Name /tmp/COMPSsWorker01/0e9848aa-c9f5-4e77-b8b5-4fff3135b8b1/COMPSsWorker01/sandBox/job_3/compss-serialized-obj_19c0477a-ae16-11e9-8029-a44cc871a000-6:d6v2_1563974556510.IT:false:true:/tmp/COMPSsWorker01/0e9848aa-c9f5-4e77-b8b5-4fff3135b8b1/COMPSsWorker01/sandBox/job_3/compss-serialized-obj_19c0477a-ae16-11e9-8029-a44cc871a000-6
	Key None
	Content None
	Stream 3
	Prefix #
--------------------

pycompss.worker.piper.piper_worker worker_commons - 		 
Parameter $return_4
	Type 9
	File Name /tmp/COMPSsWorker01/0e9848aa-c9f5-4e77-b8b5-4fff3135b8b1/COMPSsWorker01/sandBox/job_3/compss-serialized-obj_19c0477a-ae16-11e9-8029-a44cc871a000-7:d7v2_1563974556510.IT:false:true:/tmp/COMPSsWorker01/0e9848aa-c9f5-4e77-b8b5-4fff3135b8b1/COMPSsWorker01/sandBox/job_3/compss-serialized-obj_19c0477a-ae16-11e9-8029-a44cc871a000-7
	Key None
	Content None
	Stream 3
	Prefix #
--------------------

pycompss.worker.piper.piper_worker worker_commons - 		 
Parameter $return_5
	Type 9
	File Name /tmp/COMPSsWorker01/0e9848aa-c9f5-4e77-b8b5-4fff3135b8b1/COMPSsWorker01/sandBox/job_3/compss-serialized-obj_19c0477a-ae16-11e9-8029-a44cc871a000-8:d8v2_1563974556510.IT:false:true:/tmp/COMPSsWorker01/0e9848aa-c9f5-4e77-b8b5-4fff3135b8b1/COMPSsWorker01/sandBox/job_3/compss-serialized-obj_19c0477a-ae16-11e9-8029-a44cc871a000-8
	Key None
	Content None
	Stream 3
	Prefix #
--------------------

pycompss.worker.piper.piper_worker worker_commons - 		 
Parameter $return_6
	Type 9
	File Name /tmp/COMPSsWorker01/0e9848aa-c9f5-4e77-b8b5-4fff3135b8b1/COMPSsWorker01/sandBox/job_3/compss-serialized-obj_19c0477a-ae16-11e9-8029-a44cc871a000-9:d9v2_1563974556510.IT:false:true:/tmp/COMPSsWorker01/0e9848aa-c9f5-4e77-b8b5-4fff3135b8b1/COMPSsWorker01/sandBox/job_3/compss-serialized-obj_19c0477a-ae16-11e9-8029-a44cc871a000-9
	Key None
	Content None
	Stream 3
	Prefix #
--------------------

pycompss.worker.piper.piper_worker worker_commons - 		 
Parameter $return_7
	Type 9
	File Name /tmp/COMPSsWorker01/0e9848aa-c9f5-4e77-b8b5-4fff3135b8b1/COMPSsWorker01/sandBox/job_3/compss-serialized-obj_19c0477a-ae16-11e9-8029-a44cc871a000-10:d10v2_1563974556510.IT:false:true:/tmp/COMPSsWorker01/0e9848aa-c9f5-4e77-b8b5-4fff3135b8b1/COMPSsWorker01/sandBox/job_3/compss-serialized-obj_19c0477a-ae16-11e9-8029-a44cc871a000-10
	Key None
	Content None
	Stream 3
	Prefix #
--------------------

pycompss.worker.piper.piper_worker worker_commons - 		 
Parameter $return_8
	Type 9
	File Name /tmp/COMPSsWorker01/0e9848aa-c9f5-4e77-b8b5-4fff3135b8b1/COMPSsWorker01/sandBox/job_3/compss-serialized-obj_19c0477a-ae16-11e9-8029-a44cc871a000-11:d11v2_1563974556510.IT:false:true:/tmp/COMPSsWorker01/0e9848aa-c9f5-4e77-b8b5-4fff3135b8b1/COMPSsWorker01/sandBox/job_3/compss-serialized-obj_19c0477a-ae16-11e9-8029-a44cc871a000-11
	Key None
	Content None
	Stream 3
	Prefix #
--------------------

pycompss.worker.piper.piper_worker worker_commons - 		 
Parameter $return_9
	Type 9
	File Name /tmp/COMPSsWorker01/0e9848aa-c9f5-4e77-b8b5-4fff3135b8b1/COMPSsWorker01/sandBox/job_3/compss-serialized-obj_19c0477a-ae16-11e9-8029-a44cc871a000-12:d12v2_1563974556510.IT:false:true:/tmp/COMPSsWorker01/0e9848aa-c9f5-4e77-b8b5-4fff3135b8b1/COMPSsWorker01/sandBox/job_3/compss-serialized-obj_19c0477a-ae16-11e9-8029-a44cc871a000-12
	Key None
	Content None
	Stream 3
	Prefix #
--------------------

pycompss.worker.piper.piper_worker worker_commons - 	- COMPSs types:
pycompss.worker.piper.piper_worker worker_commons - 		 28
pycompss.worker.piper.piper_worker worker_commons - 		 4
pycompss.worker.piper.piper_worker worker_commons - 		 4
pycompss.worker.piper.piper_worker worker_commons - 		 9
pycompss.worker.piper.piper_worker worker_commons - 		 9
pycompss.worker.piper.piper_worker worker_commons - 		 9
pycompss.worker.piper.piper_worker worker_commons - 		 9
pycompss.worker.piper.piper_worker worker_commons - 		 9
pycompss.worker.piper.piper_worker worker_commons - 		 9
pycompss.worker.piper.piper_worker worker_commons - 		 9
pycompss.worker.piper.piper_worker worker_commons - 		 9
pycompss.worker.piper.piper_worker worker_commons - 		 9
pycompss.worker.piper.piper_worker worker_commons - 		 9
pycompss.worker.piper.piper_worker worker_commons - Trying to import the user module: hybrid_dftf_streams
pycompss.worker.piper.piper_worker worker_commons - Module successfully loaded (Python version >= 2.7)
pycompss.worker.piper.piper_worker worker_commons - Starting task execution
pycompss.worker.piper.piper_worker worker_commons - module     : <module 'hybrid_dftf_streams' from '/home/cramonco/gitlab/projects/distro-stream-lib/examples/nested-hybrid-python/hybrid_dftf_streams.pyc'> 
pycompss.worker.piper.piper_worker worker_commons - method_name: extract_info 
pycompss.worker.piper.piper_worker worker_commons - time_out   : 0 
pycompss.worker.piper.piper_worker worker_commons - Types      : [28, 4, 4, 9, 9, 9, 9, 9, 9, 9, 9, 9, 9] 
pycompss.worker.piper.piper_worker worker_commons - Values     : [
Parameter fds_filtered
	Type 28
	File Name /tmp/COMPSsWorker01/0e9848aa-c9f5-4e77-b8b5-4fff3135b8b1/COMPSsWorker01/d2v1_1563974556510.IT
	Key None
	Content None
	Stream 3
	Prefix null
--------------------
, 
Parameter base_sleep_time
	Type 4
	File Name None
	Key None
	Content 500
	Stream 3
	Prefix null
--------------------
, 
Parameter sleep_random_range
	Type 4
	File Name None
	Key None
	Content 100
	Stream 3
	Prefix null
--------------------
, 
Parameter $return_0
	Type 9
	File Name /tmp/COMPSsWorker01/0e9848aa-c9f5-4e77-b8b5-4fff3135b8b1/COMPSsWorker01/sandBox/job_3/compss-serialized-obj_19c0477a-ae16-11e9-8029-a44cc871a000-3:d3v2_1563974556510.IT:false:true:/tmp/COMPSsWorker01/0e9848aa-c9f5-4e77-b8b5-4fff3135b8b1/COMPSsWorker01/sandBox/job_3/compss-serialized-obj_19c0477a-ae16-11e9-8029-a44cc871a000-3
	Key None
	Content None
	Stream 3
	Prefix #
--------------------
, 
Parameter $return_1
	Type 9
	File Name /tmp/COMPSsWorker01/0e9848aa-c9f5-4e77-b8b5-4fff3135b8b1/COMPSsWorker01/sandBox/job_3/compss-serialized-obj_19c0477a-ae16-11e9-8029-a44cc871a000-4:d4v2_1563974556510.IT:false:true:/tmp/COMPSsWorker01/0e9848aa-c9f5-4e77-b8b5-4fff3135b8b1/COMPSsWorker01/sandBox/job_3/compss-serialized-obj_19c0477a-ae16-11e9-8029-a44cc871a000-4
	Key None
	Content None
	Stream 3
	Prefix #
--------------------
, 
Parameter $return_2
	Type 9
	File Name /tmp/COMPSsWorker01/0e9848aa-c9f5-4e77-b8b5-4fff3135b8b1/COMPSsWorker01/sandBox/job_3/compss-serialized-obj_19c0477a-ae16-11e9-8029-a44cc871a000-5:d5v2_1563974556510.IT:false:true:/tmp/COMPSsWorker01/0e9848aa-c9f5-4e77-b8b5-4fff3135b8b1/COMPSsWorker01/sandBox/job_3/compss-serialized-obj_19c0477a-ae16-11e9-8029-a44cc871a000-5
	Key None
	Content None
	Stream 3
	Prefix #
--------------------
, 
Parameter $return_3
	Type 9
	File Name /tmp/COMPSsWorker01/0e9848aa-c9f5-4e77-b8b5-4fff3135b8b1/COMPSsWorker01/sandBox/job_3/compss-serialized-obj_19c0477a-ae16-11e9-8029-a44cc871a000-6:d6v2_1563974556510.IT:false:true:/tmp/COMPSsWorker01/0e9848aa-c9f5-4e77-b8b5-4fff3135b8b1/COMPSsWorker01/sandBox/job_3/compss-serialized-obj_19c0477a-ae16-11e9-8029-a44cc871a000-6
	Key None
	Content None
	Stream 3
	Prefix #
--------------------
, 
Parameter $return_4
	Type 9
	File Name /tmp/COMPSsWorker01/0e9848aa-c9f5-4e77-b8b5-4fff3135b8b1/COMPSsWorker01/sandBox/job_3/compss-serialized-obj_19c0477a-ae16-11e9-8029-a44cc871a000-7:d7v2_1563974556510.IT:false:true:/tmp/COMPSsWorker01/0e9848aa-c9f5-4e77-b8b5-4fff3135b8b1/COMPSsWorker01/sandBox/job_3/compss-serialized-obj_19c0477a-ae16-11e9-8029-a44cc871a000-7
	Key None
	Content None
	Stream 3
	Prefix #
--------------------
, 
Parameter $return_5
	Type 9
	File Name /tmp/COMPSsWorker01/0e9848aa-c9f5-4e77-b8b5-4fff3135b8b1/COMPSsWorker01/sandBox/job_3/compss-serialized-obj_19c0477a-ae16-11e9-8029-a44cc871a000-8:d8v2_1563974556510.IT:false:true:/tmp/COMPSsWorker01/0e9848aa-c9f5-4e77-b8b5-4fff3135b8b1/COMPSsWorker01/sandBox/job_3/compss-serialized-obj_19c0477a-ae16-11e9-8029-a44cc871a000-8
	Key None
	Content None
	Stream 3
	Prefix #
--------------------
, 
Parameter $return_6
	Type 9
	File Name /tmp/COMPSsWorker01/0e9848aa-c9f5-4e77-b8b5-4fff3135b8b1/COMPSsWorker01/sandBox/job_3/compss-serialized-obj_19c0477a-ae16-11e9-8029-a44cc871a000-9:d9v2_1563974556510.IT:false:true:/tmp/COMPSsWorker01/0e9848aa-c9f5-4e77-b8b5-4fff3135b8b1/COMPSsWorker01/sandBox/job_3/compss-serialized-obj_19c0477a-ae16-11e9-8029-a44cc871a000-9
	Key None
	Content None
	Stream 3
	Prefix #
--------------------
, 
Parameter $return_7
	Type 9
	File Name /tmp/COMPSsWorker01/0e9848aa-c9f5-4e77-b8b5-4fff3135b8b1/COMPSsWorker01/sandBox/job_3/compss-serialized-obj_19c0477a-ae16-11e9-8029-a44cc871a000-10:d10v2_1563974556510.IT:false:true:/tmp/COMPSsWorker01/0e9848aa-c9f5-4e77-b8b5-4fff3135b8b1/COMPSsWorker01/sandBox/job_3/compss-serialized-obj_19c0477a-ae16-11e9-8029-a44cc871a000-10
	Key None
	Content None
	Stream 3
	Prefix #
--------------------
, 
Parameter $return_8
	Type 9
	File Name /tmp/COMPSsWorker01/0e9848aa-c9f5-4e77-b8b5-4fff3135b8b1/COMPSsWorker01/sandBox/job_3/compss-serialized-obj_19c0477a-ae16-11e9-8029-a44cc871a000-11:d11v2_1563974556510.IT:false:true:/tmp/COMPSsWorker01/0e9848aa-c9f5-4e77-b8b5-4fff3135b8b1/COMPSsWorker01/sandBox/job_3/compss-serialized-obj_19c0477a-ae16-11e9-8029-a44cc871a000-11
	Key None
	Content None
	Stream 3
	Prefix #
--------------------
, 
Parameter $return_9
	Type 9
	File Name /tmp/COMPSsWorker01/0e9848aa-c9f5-4e77-b8b5-4fff3135b8b1/COMPSsWorker01/sandBox/job_3/compss-serialized-obj_19c0477a-ae16-11e9-8029-a44cc871a000-12:d12v2_1563974556510.IT:false:true:/tmp/COMPSsWorker01/0e9848aa-c9f5-4e77-b8b5-4fff3135b8b1/COMPSsWorker01/sandBox/job_3/compss-serialized-obj_19c0477a-ae16-11e9-8029-a44cc871a000-12
	Key None
	Content None
	Stream 3
	Prefix #
--------------------
] 
pycompss.worker.piper.piper_worker worker_commons - P. storage : False 
pycompss.worker.piper.piper_worker worker_commons - Storage cfg: null 
[DEBUG] Starting extract_info
[DEBUG] Polling new files
[DEBUG] Polling new files
[DEBUG] Polling new files
[DEBUG] Processing file /home/cramonco/gitlab/projects/distro-stream-lib/examples/nested-hybrid-python/run_scripts/exec/filter/filtered_file_file28
['Output image generated at 2019-07-24 15:22:55.781173\n', 'Output image generated from /home/cramonco/gitlab/projects/distro-stream-lib/examples/nested-hybrid-python/run_scripts/exec/sensor/file28\n']
[DEBUG] Processing file /home/cramonco/gitlab/projects/distro-stream-lib/examples/nested-hybrid-python/run_scripts/exec/filter/filtered_file_file7
['Output image generated at 2019-07-24 15:22:55.775644\n', 'Output image generated from /home/cramonco/gitlab/projects/distro-stream-lib/examples/nested-hybrid-python/run_scripts/exec/sensor/file7\n']
[DEBUG] Processing file /home/cramonco/gitlab/projects/distro-stream-lib/examples/nested-hybrid-python/run_scripts/exec/filter/filtered_file_file23
['Output image generated at 2019-07-24 15:22:53.778513\n', 'Output image generated from /home/cramonco/gitlab/projects/distro-stream-lib/examples/nested-hybrid-python/run_scripts/exec/sensor/file23\n']
[DEBUG] Processing file /home/cramonco/gitlab/projects/distro-stream-lib/examples/nested-hybrid-python/run_scripts/exec/filter/filtered_file_file44
['Output image generated at 2019-07-24 15:22:55.778077\n', 'Output image generated from /home/cramonco/gitlab/projects/distro-stream-lib/examples/nested-hybrid-python/run_scripts/exec/sensor/file44\n']
[DEBUG] Processing file /home/cramonco/gitlab/projects/distro-stream-lib/examples/nested-hybrid-python/run_scripts/exec/filter/filtered_file_file14
['Output image generated at 2019-07-24 15:22:53.775023\n', 'Output image generated from /home/cramonco/gitlab/projects/distro-stream-lib/examples/nested-hybrid-python/run_scripts/exec/sensor/file14\n']
[DEBUG] Processing file /home/cramonco/gitlab/projects/distro-stream-lib/examples/nested-hybrid-python/run_scripts/exec/filter/filtered_file_file22
['Output image generated at 2019-07-24 15:22:53.773568\n', 'Output image generated from /home/cramonco/gitlab/projects/distro-stream-lib/examples/nested-hybrid-python/run_scripts/exec/sensor/file22\n']
[DEBUG] Processing file /home/cramonco/gitlab/projects/distro-stream-lib/examples/nested-hybrid-python/run_scripts/exec/filter/filtered_file_file0
['Output image generated at 2019-07-24 15:22:53.803491\n', 'Output image generated from /home/cramonco/gitlab/projects/distro-stream-lib/examples/nested-hybrid-python/run_scripts/exec/sensor/file0\n']
[DEBUG] Polling new files
[DEBUG] Processing file /home/cramonco/gitlab/projects/distro-stream-lib/examples/nested-hybrid-python/run_scripts/exec/filter/filtered_file_file24
['Output image generated at 2019-07-24 15:22:59.779306\n', 'Output image generated from /home/cramonco/gitlab/projects/distro-stream-lib/examples/nested-hybrid-python/run_scripts/exec/sensor/file24\n']
[DEBUG] Processing file /home/cramonco/gitlab/projects/distro-stream-lib/examples/nested-hybrid-python/run_scripts/exec/filter/filtered_file_file11
['Output image generated at 2019-07-24 15:22:59.781802\n', 'Output image generated from /home/cramonco/gitlab/projects/distro-stream-lib/examples/nested-hybrid-python/run_scripts/exec/sensor/file11\n']
[DEBUG] Processing file /home/cramonco/gitlab/projects/distro-stream-lib/examples/nested-hybrid-python/run_scripts/exec/filter/filtered_file_file18
['Output image generated at 2019-07-24 15:22:57.779296\n', 'Output image generated from /home/cramonco/gitlab/projects/distro-stream-lib/examples/nested-hybrid-python/run_scripts/exec/sensor/file18\n']
[DEBUG] Processing file /home/cramonco/gitlab/projects/distro-stream-lib/examples/nested-hybrid-python/run_scripts/exec/filter/filtered_file_file35
['Output image generated at 2019-07-24 15:22:59.811197\n', 'Output image generated from /home/cramonco/gitlab/projects/distro-stream-lib/examples/nested-hybrid-python/run_scripts/exec/sensor/file35\n']
[DEBUG] Processing file /home/cramonco/gitlab/projects/distro-stream-lib/examples/nested-hybrid-python/run_scripts/exec/filter/filtered_file_file17
['Output image generated at 2019-07-24 15:22:59.785621\n', 'Output image generated from /home/cramonco/gitlab/projects/distro-stream-lib/examples/nested-hybrid-python/run_scripts/exec/sensor/file17\n']
[DEBUG] Processing file /home/cramonco/gitlab/projects/distro-stream-lib/examples/nested-hybrid-python/run_scripts/exec/filter/filtered_file_file21
['Output image generated at 2019-07-24 15:22:57.807695\n', 'Output image generated from /home/cramonco/gitlab/projects/distro-stream-lib/examples/nested-hybrid-python/run_scripts/exec/sensor/file21\n']
[DEBUG] Processing file /home/cramonco/gitlab/projects/distro-stream-lib/examples/nested-hybrid-python/run_scripts/exec/filter/filtered_file_file19
['Output image generated at 2019-07-24 15:22:57.778418\n', 'Output image generated from /home/cramonco/gitlab/projects/distro-stream-lib/examples/nested-hybrid-python/run_scripts/exec/sensor/file19\n']
[DEBUG] Processing file /home/cramonco/gitlab/projects/distro-stream-lib/examples/nested-hybrid-python/run_scripts/exec/filter/filtered_file_file10
['Output image generated at 2019-07-24 15:22:57.783278\n', 'Output image generated from /home/cramonco/gitlab/projects/distro-stream-lib/examples/nested-hybrid-python/run_scripts/exec/sensor/file10\n']
[DEBUG] Processing file /home/cramonco/gitlab/projects/distro-stream-lib/examples/nested-hybrid-python/run_scripts/exec/filter/filtered_file_file13
['Output image generated at 2019-07-24 15:22:55.805534\n', 'Output image generated from /home/cramonco/gitlab/projects/distro-stream-lib/examples/nested-hybrid-python/run_scripts/exec/sensor/file13\n']
[DEBUG] Polling new files
[DEBUG] Processing file /home/cramonco/gitlab/projects/distro-stream-lib/examples/nested-hybrid-python/run_scripts/exec/filter/filtered_file_file34
['Output image generated at 2019-07-24 15:23:03.783343\n', 'Output image generated from /home/cramonco/gitlab/projects/distro-stream-lib/examples/nested-hybrid-python/run_scripts/exec/sensor/file34\n']
[DEBUG] Processing file /home/cramonco/gitlab/projects/distro-stream-lib/examples/nested-hybrid-python/run_scripts/exec/filter/filtered_file_file4
['Output image generated at 2019-07-24 15:23:05.784711\n', 'Output image generated from /home/cramonco/gitlab/projects/distro-stream-lib/examples/nested-hybrid-python/run_scripts/exec/sensor/file4\n']
[DEBUG] Processing file /home/cramonco/gitlab/projects/distro-stream-lib/examples/nested-hybrid-python/run_scripts/exec/filter/filtered_file_file48
['Output image generated at 2019-07-24 15:23:05.815637\n', 'Output image generated from /home/cramonco/gitlab/projects/distro-stream-lib/examples/nested-hybrid-python/run_scripts/exec/sensor/file48\n']
[DEBUG] Processing file /home/cramonco/gitlab/projects/distro-stream-lib/examples/nested-hybrid-python/run_scripts/exec/filter/filtered_file_file5
['Output image generated at 2019-07-24 15:23:03.813318\n', 'Output image generated from /home/cramonco/gitlab/projects/distro-stream-lib/examples/nested-hybrid-python/run_scripts/exec/sensor/file5\n']
[DEBUG] Processing file /home/cramonco/gitlab/projects/distro-stream-lib/examples/nested-hybrid-python/run_scripts/exec/filter/filtered_file_file37
['Output image generated at 2019-07-24 15:23:05.792587\n', 'Output image generated from /home/cramonco/gitlab/projects/distro-stream-lib/examples/nested-hybrid-python/run_scripts/exec/sensor/file37\n']
[DEBUG] Processing file /home/cramonco/gitlab/projects/distro-stream-lib/examples/nested-hybrid-python/run_scripts/exec/filter/filtered_file_file30
['Output image generated at 2019-07-24 15:23:01.780788\n', 'Output image generated from /home/cramonco/gitlab/projects/distro-stream-lib/examples/nested-hybrid-python/run_scripts/exec/sensor/file30\n']
[DEBUG] Processing file /home/cramonco/gitlab/projects/distro-stream-lib/examples/nested-hybrid-python/run_scripts/exec/filter/filtered_file_file43
['Output image generated at 2019-07-24 15:23:01.784291\n', 'Output image generated from /home/cramonco/gitlab/projects/distro-stream-lib/examples/nested-hybrid-python/run_scripts/exec/sensor/file43\n']
[DEBUG] Processing file /home/cramonco/gitlab/projects/distro-stream-lib/examples/nested-hybrid-python/run_scripts/exec/filter/filtered_file_file41
['Output image generated at 2019-07-24 15:23:01.788235\n', 'Output image generated from /home/cramonco/gitlab/projects/distro-stream-lib/examples/nested-hybrid-python/run_scripts/exec/sensor/file41\n']
[DEBUG] Processing file /home/cramonco/gitlab/projects/distro-stream-lib/examples/nested-hybrid-python/run_scripts/exec/filter/filtered_file_file25
['Output image generated at 2019-07-24 15:23:03.790803\n', 'Output image generated from /home/cramonco/gitlab/projects/distro-stream-lib/examples/nested-hybrid-python/run_scripts/exec/sensor/file25\n']
[DEBUG] Processing file /home/cramonco/gitlab/projects/distro-stream-lib/examples/nested-hybrid-python/run_scripts/exec/filter/filtered_file_file46
['Output image generated at 2019-07-24 15:23:03.785028\n', 'Output image generated from /home/cramonco/gitlab/projects/distro-stream-lib/examples/nested-hybrid-python/run_scripts/exec/sensor/file46\n']
[DEBUG] Processing file /home/cramonco/gitlab/projects/distro-stream-lib/examples/nested-hybrid-python/run_scripts/exec/filter/filtered_file_file49
['Output image generated at 2019-07-24 15:23:05.785560\n', 'Output image generated from /home/cramonco/gitlab/projects/distro-stream-lib/examples/nested-hybrid-python/run_scripts/exec/sensor/file49\n']
[DEBUG] Processing file /home/cramonco/gitlab/projects/distro-stream-lib/examples/nested-hybrid-python/run_scripts/exec/filter/filtered_file_file40
['Output image generated at 2019-07-24 15:23:01.812391\n', 'Output image generated from /home/cramonco/gitlab/projects/distro-stream-lib/examples/nested-hybrid-python/run_scripts/exec/sensor/file40\n']
[DEBUG] Polling new files
[DEBUG] Processing file /home/cramonco/gitlab/projects/distro-stream-lib/examples/nested-hybrid-python/run_scripts/exec/filter/filtered_file_file32
['Output image generated at 2019-07-24 15:23:09.796409\n', 'Output image generated from /home/cramonco/gitlab/projects/distro-stream-lib/examples/nested-hybrid-python/run_scripts/exec/sensor/file32\n']
[DEBUG] Processing file /home/cramonco/gitlab/projects/distro-stream-lib/examples/nested-hybrid-python/run_scripts/exec/filter/filtered_file_file9
['Output image generated at 2019-07-24 15:23:07.786362\n', 'Output image generated from /home/cramonco/gitlab/projects/distro-stream-lib/examples/nested-hybrid-python/run_scripts/exec/sensor/file9\n']
[DEBUG] Processing file /home/cramonco/gitlab/projects/distro-stream-lib/examples/nested-hybrid-python/run_scripts/exec/filter/filtered_file_file20
['Output image generated at 2019-07-24 15:23:09.820979\n', 'Output image generated from /home/cramonco/gitlab/projects/distro-stream-lib/examples/nested-hybrid-python/run_scripts/exec/sensor/file20\n']
[DEBUG] Processing file /home/cramonco/gitlab/projects/distro-stream-lib/examples/nested-hybrid-python/run_scripts/exec/filter/filtered_file_file31
['Output image generated at 2019-07-24 15:23:09.788968\n', 'Output image generated from /home/cramonco/gitlab/projects/distro-stream-lib/examples/nested-hybrid-python/run_scripts/exec/sensor/file31\n']
[DEBUG] Processing file /home/cramonco/gitlab/projects/distro-stream-lib/examples/nested-hybrid-python/run_scripts/exec/filter/filtered_file_file33
['Output image generated at 2019-07-24 15:23:07.785735\n', 'Output image generated from /home/cramonco/gitlab/projects/distro-stream-lib/examples/nested-hybrid-python/run_scripts/exec/sensor/file33\n']
[DEBUG] Processing file /home/cramonco/gitlab/projects/distro-stream-lib/examples/nested-hybrid-python/run_scripts/exec/filter/filtered_file_file45
['Output image generated at 2019-07-24 15:23:07.818311\n', 'Output image generated from /home/cramonco/gitlab/projects/distro-stream-lib/examples/nested-hybrid-python/run_scripts/exec/sensor/file45\n']
[DEBUG] Processing file /home/cramonco/gitlab/projects/distro-stream-lib/examples/nested-hybrid-python/run_scripts/exec/filter/filtered_file_file29
['Output image generated at 2019-07-24 15:23:09.788630\n', 'Output image generated from /home/cramonco/gitlab/projects/distro-stream-lib/examples/nested-hybrid-python/run_scripts/exec/sensor/file29\n']
[DEBUG] Processing file /home/cramonco/gitlab/projects/distro-stream-lib/examples/nested-hybrid-python/run_scripts/exec/filter/filtered_file_file39
['Output image generated at 2019-07-24 15:23:07.795158\n', 'Output image generated from /home/cramonco/gitlab/projects/distro-stream-lib/examples/nested-hybrid-python/run_scripts/exec/sensor/file39\n']
[DEBUG] Polling new files
[DEBUG] Processing file /home/cramonco/gitlab/projects/distro-stream-lib/examples/nested-hybrid-python/run_scripts/exec/filter/filtered_file_file1
['Output image generated at 2019-07-24 15:23:13.929087\n', 'Output image generated from /home/cramonco/gitlab/projects/distro-stream-lib/examples/nested-hybrid-python/run_scripts/exec/sensor/file1\n']
[DEBUG] Processing file /home/cramonco/gitlab/projects/distro-stream-lib/examples/nested-hybrid-python/run_scripts/exec/filter/filtered_file_file47
['Output image generated at 2019-07-24 15:23:11.789576\n', 'Output image generated from /home/cramonco/gitlab/projects/distro-stream-lib/examples/nested-hybrid-python/run_scripts/exec/sensor/file47\n']
[DEBUG] Processing file /home/cramonco/gitlab/projects/distro-stream-lib/examples/nested-hybrid-python/run_scripts/exec/filter/filtered_file_file38
['Output image generated at 2019-07-24 15:23:11.822288\n', 'Output image generated from /home/cramonco/gitlab/projects/distro-stream-lib/examples/nested-hybrid-python/run_scripts/exec/sensor/file38\n']
[DEBUG] Processing file /home/cramonco/gitlab/projects/distro-stream-lib/examples/nested-hybrid-python/run_scripts/exec/filter/filtered_file_file15
['Output image generated at 2019-07-24 15:23:11.802390\n', 'Output image generated from /home/cramonco/gitlab/projects/distro-stream-lib/examples/nested-hybrid-python/run_scripts/exec/sensor/file15\n']
[DEBUG] Processing file /home/cramonco/gitlab/projects/distro-stream-lib/examples/nested-hybrid-python/run_scripts/exec/filter/filtered_file_file3
['Output image generated at 2019-07-24 15:23:11.789576\n', 'Output image generated from /home/cramonco/gitlab/projects/distro-stream-lib/examples/nested-hybrid-python/run_scripts/exec/sensor/file3\n']
[DEBUG] Polling new files
[DEBUG] Processing file /home/cramonco/gitlab/projects/distro-stream-lib/examples/nested-hybrid-python/run_scripts/exec/filter/filtered_file_file12
['Output image generated at 2019-07-24 15:23:15.930721\n', 'Output image generated from /home/cramonco/gitlab/projects/distro-stream-lib/examples/nested-hybrid-python/run_scripts/exec/sensor/file12\n']
[DEBUG] Processing file /home/cramonco/gitlab/projects/distro-stream-lib/examples/nested-hybrid-python/run_scripts/exec/filter/filtered_file_file27
['Output image generated at 2019-07-24 15:23:19.933698\n', 'Output image generated from /home/cramonco/gitlab/projects/distro-stream-lib/examples/nested-hybrid-python/run_scripts/exec/sensor/file27\n']
[DEBUG] Processing file /home/cramonco/gitlab/projects/distro-stream-lib/examples/nested-hybrid-python/run_scripts/exec/filter/filtered_file_file2
['Output image generated at 2019-07-24 15:23:17.931515\n', 'Output image generated from /home/cramonco/gitlab/projects/distro-stream-lib/examples/nested-hybrid-python/run_scripts/exec/sensor/file2\n']
[DEBUG] Polling new files
[DEBUG] Processing file /home/cramonco/gitlab/projects/distro-stream-lib/examples/nested-hybrid-python/run_scripts/exec/filter/filtered_file_file36
['Output image generated at 2019-07-24 15:23:23.936802\n', 'Output image generated from /home/cramonco/gitlab/projects/distro-stream-lib/examples/nested-hybrid-python/run_scripts/exec/sensor/file36\n']
[DEBUG] Processing file /home/cramonco/gitlab/projects/distro-stream-lib/examples/nested-hybrid-python/run_scripts/exec/filter/filtered_file_file26
['Output image generated at 2019-07-24 15:23:21.934494\n', 'Output image generated from /home/cramonco/gitlab/projects/distro-stream-lib/examples/nested-hybrid-python/run_scripts/exec/sensor/file26\n']
[DEBUG] Polling new files
[DEBUG] Prpycompss.worker.piper.piper_worker worker_commons - Exit code : 0 
pycompss.worker.piper.piper_worker worker_commons - Return Types : [28, 4, 4, 9, 9, 9, 9, 9, 9, 9, 9, 9, 9] 
pycompss.worker.piper.piper_worker worker_commons - Return Values: ['null', 'null', 'null', 'null', 'null', 'null', 'null', 'null', 'null', 'null', 'null', 'null', 'null'] 
pycompss.worker.piper.piper_worker worker_commons - Return target_direction: Parameter(type=None, direction=2, stream=3, prefix=null
          object=None
          file_name=None
          is_future=False) 
pycompss.worker.piper.piper_worker worker_commons - Return timed_out: False 
pycompss.worker.piper.piper_worker worker_commons - Return exception_message:  
pycompss.worker.piper.piper_worker worker_commons - Finished task execution
pycompss.worker.piper.piper_worker worker_commons - End task execution. Status: Ok
ocessing file /home/cramonco/gitlab/projects/distro-stream-lib/examples/nested-hybrid-python/run_scripts/exec/filter/filtered_file_file16
['Output image generated at 2019-07-24 15:23:27.940894\n', 'Output image generated from /home/cramonco/gitlab/projects/distro-stream-lib/examples/nested-hybrid-python/run_scripts/exec/sensor/file16\n']
[DEBUG] Processing file /home/cramonco/gitlab/projects/distro-stream-lib/examples/nested-hybrid-python/run_scripts/exec/filter/filtered_file_file8
['Output image generated at 2019-07-24 15:23:29.943186\n', 'Output image generated from /home/cramonco/gitlab/projects/distro-stream-lib/examples/nested-hybrid-python/run_scripts/exec/sensor/file8\n']
[DEBUG] Processing file /home/cramonco/gitlab/projects/distro-stream-lib/examples/nested-hybrid-python/run_scripts/exec/filter/filtered_file_file6
['Output image generated at 2019-07-24 15:23:25.938620\n', 'Output image generated from /home/cramonco/gitlab/projects/distro-stream-lib/examples/nested-hybrid-python/run_scripts/exec/sensor/file6\n']
[DEBUG] Polling new files
[DEBUG] Processing file /home/cramonco/gitlab/projects/distro-stream-lib/examples/nested-hybrid-python/run_scripts/exec/filter/filtered_file_file42
['Output image generated at 2019-07-24 15:23:31.946273\n', 'Output image generated from /home/cramonco/gitlab/projects/distro-stream-lib/examples/nested-hybrid-python/run_scripts/exec/sensor/file42\n']
[DEBUG] Polling new files
[DEBUG] Detected valid elements: [<my_element.MyElement object at 0x7f0a023e27d0>, <my_element.MyElement object at 0x7f0a023e2790>, <my_element.MyElement object at 0x7f0a023e2850>, <my_element.MyElement object at 0x7f0a023e26d0>, <my_element.MyElement object at 0x7f0a023e28d0>, <my_element.MyElement object at 0x7f0a023e25d0>, <my_element.MyElement object at 0x7f0a023e2950>, <my_element.MyElement object at 0x7f0a023e2610>, <my_element.MyElement object at 0x7f0a023e29d0>, <my_element.MyElement object at 0x7f0a023e2690>]
pycompss.worker.piper.piper_worker pipe_executor - Process-0 - Pipe /tmp/COMPSsWorker01/0e9848aa-c9f5-4e77-b8b5-4fff3135b8b1/COMPSsWorker01/pipe_-1754684036_compute0.inbound END TASK MESSAGE: END_TASK 3 0 13 28 null 4 null 4 null 9 null 9 null 9 null 9 null 9 null 9 null 9 null 9 null 9 null 9 null 

pycompss.worker.piper.piper_worker pipe_executor - Cleaning environment.
pycompss.worker.piper.piper_worker pipe_executor - Restoring loggers.
