[EXECUTOR] executeTask - Begin task execution
WORKER - Parameters of execution:
  * Method type: METHOD
  * Method definition: [DECLARING CLASS=simulation_streams, METHOD NAME=simulation]
  * Parameter types: java.lang.String int int int
  * Parameter values: /tmp/COMPSsWorker03/b6523274-e7a5-4eec-aaba-9c4155122aa3/COMPSsWorker03/d2v1_1563975778589.IT 50 1000 200
  * Parameter streams: UNSPECIFIED UNSPECIFIED UNSPECIFIED UNSPECIFIED
  * Parameter prefixes: null null null null
  * Has Target: false
  * Has Return: true
[INVOKER] COMPSS_HOSTNAMES: COMPSsWorker03,COMPSsWorker03,COMPSsWorker03,COMPSsWorker03,COMPSsWorker03,COMPSsWorker03,COMPSsWorker03,COMPSsWorker03
[INVOKER] COMPSS_NUM_NODES: 1
[INVOKER] COMPSS_NUM_THREADS: 8
[EXECUTOR] executeTask - End task execution
utor - Received task in process: Process-2
pycompss.worker.piper.piper_worker pipe_executor -  - TASK CMD: ['EXECUTE_TASK', '2', '/tmp/COMPSsWorker03/b6523274-e7a5-4eec-aaba-9c4155122aa3/COMPSsWorker03/jobs/job2_NEW.out', '/tmp/COMPSsWorker03/b6523274-e7a5-4eec-aaba-9c4155122aa3/COMPSsWorker03/jobs/job2_NEW.err', '1', '2', 'true', 'null', 'METHOD', 'simulation_streams', 'simulation', '0', '1', 'COMPSsWorker03', '8', 'false', 'null', '0', '4', '28', '3', 'null', 'fds', '/tmp/COMPSsWorker03/b6523274-e7a5-4eec-aaba-9c4155122aa3/COMPSsWorker03/d2v1_1563975778589.IT', 'W', '4', '3', 'null', 'num_files', '50', '4', '3', 'null', 'base_sleep_time', '1000', '4', '3', 'null', 'sleep_random_range', '200']
pycompss.worker.piper.piper_worker pipe_executor - Process environment:
pycompss.worker.piper.piper_worker pipe_executor - 	 - Number of nodes: 1
pycompss.worker.piper.piper_worker pipe_executor - 	 - Hostnames: COMPSsWorker03
pycompss.worker.piper.piper_worker pipe_executor - 	 - Number of threads: 8
pycompss.worker.piper.piper_worker worker_commons - Begin task execution in Process-2
pycompss.worker.piper.piper_worker worker_commons - Storage conf: null
pycompss.worker.piper.piper_worker worker_commons - Params: ['simulation_streams', 'simulation', '0', '1', 'COMPSsWorker03', '8', 'false', 'null', '0', '4', '28', '3', 'null', 'fds', '/tmp/COMPSsWorker03/b6523274-e7a5-4eec-aaba-9c4155122aa3/COMPSsWorker03/d2v1_1563975778589.IT', 'W', '4', '3', 'null', 'num_files', '50', '4', '3', 'null', 'base_sleep_time', '1000', '4', '3', 'null', 'sleep_random_range', '200']
pycompss.worker.piper.piper_worker worker_commons - Path: simulation_streams
pycompss.worker.piper.piper_worker worker_commons - Method name: simulation
pycompss.worker.piper.piper_worker worker_commons - Num slaves: 1
pycompss.worker.piper.piper_worker worker_commons - Slaves: ['1']
pycompss.worker.piper.piper_worker worker_commons - Cus: 8
pycompss.worker.piper.piper_worker worker_commons - Has target: false
pycompss.worker.piper.piper_worker worker_commons - Num Params: 4
pycompss.worker.piper.piper_worker worker_commons - Return Length: 0
pycompss.worker.piper.piper_worker worker_commons - Args: ['28', '3', 'null', 'fds', '/tmp/COMPSsWorker03/b6523274-e7a5-4eec-aaba-9c4155122aa3/COMPSsWorker03/d2v1_1563975778589.IT', 'W', '4', '3', 'null', 'num_files', '50', '4', '3', 'null', 'base_sleep_time', '1000', '4', '3', 'null', 'sleep_random_range', '200']
pycompss.worker.piper.piper_worker worker_commons - Processing parameters:
pycompss.worker.piper.piper_worker worker_commons - Parameter : 0
pycompss.worker.piper.piper_worker worker_commons - 	 * Type : 28
pycompss.worker.piper.piper_worker worker_commons - 	 * Std IO Stream : 3
pycompss.worker.piper.piper_worker worker_commons - 	 * Prefix : null
pycompss.worker.piper.piper_worker worker_commons - 	 * Name : fds
pycompss.worker.piper.piper_worker worker_commons - 	 * Value: '/tmp/COMPSsWorker03/b6523274-e7a5-4eec-aaba-9c4155122aa3/COMPSsWorker03/d2v1_1563975778589.IT'
pycompss.worker.piper.piper_worker worker_commons - Parameter : 1
pycompss.worker.piper.piper_worker worker_commons - 	 * Type : 4
pycompss.worker.piper.piper_worker worker_commons - 	 * Std IO Stream : 3
pycompss.worker.piper.piper_worker worker_commons - 	 * Prefix : null
pycompss.worker.piper.piper_worker worker_commons - 	 * Name : num_files
pycompss.worker.piper.piper_worker worker_commons - 	 * Value: '50'
pycompss.worker.piper.piper_worker worker_commons - Parameter : 2
pycompss.worker.piper.piper_worker worker_commons - 	 * Type : 4
pycompss.worker.piper.piper_worker worker_commons - 	 * Std IO Stream : 3
pycompss.worker.piper.piper_worker worker_commons - 	 * Prefix : null
pycompss.worker.piper.piper_worker worker_commons - 	 * Name : base_sleep_time
pycompss.worker.piper.piper_worker worker_commons - 	 * Value: '1000'
pycompss.worker.piper.piper_worker worker_commons - Parameter : 3
pycompss.worker.piper.piper_worker worker_commons - 	 * Type : 4
pycompss.worker.piper.piper_worker worker_commons - 	 * Std IO Stream : 3
pycompss.worker.piper.piper_worker worker_commons - 	 * Prefix : null
pycompss.worker.piper.piper_worker worker_commons - 	 * Name : sleep_random_range
pycompss.worker.piper.piper_worker worker_commons - 	 * Value: '200'
pycompss.worker.piper.piper_worker worker_commons - RUN TASK with arguments:
pycompss.worker.piper.piper_worker worker_commons - 	- Path: simulation_streams
pycompss.worker.piper.piper_worker worker_commons - 	- Method/function name: simulation
pycompss.worker.piper.piper_worker worker_commons - 	- Has target: false
pycompss.worker.piper.piper_worker worker_commons - 	- # parameters: 4
pycompss.worker.piper.piper_worker worker_commons - 	- Values:
pycompss.worker.piper.piper_worker worker_commons - 		 
Parameter fds
	Type 28
	File Name /tmp/COMPSsWorker03/b6523274-e7a5-4eec-aaba-9c4155122aa3/COMPSsWorker03/d2v1_1563975778589.IT
	Key None
	Content None
	Stream 3
	Prefix null
--------------------

pycompss.worker.piper.piper_worker worker_commons - 		 
Parameter num_files
	Type 4
	File Name None
	Key None
	Content 50
	Stream 3
	Prefix null
--------------------

pycompss.worker.piper.piper_worker worker_commons - 		 
Parameter base_sleep_time
	Type 4
	File Name None
	Key None
	Content 1000
	Stream 3
	Prefix null
--------------------

pycompss.worker.piper.piper_worker worker_commons - 		 
Parameter sleep_random_range
	Type 4
	File Name None
	Key None
	Content 200
	Stream 3
	Prefix null
--------------------

pycompss.worker.piper.piper_worker worker_commons - 	- COMPSs types:
pycompss.worker.piper.piper_worker worker_commons - 		 28
pycompss.worker.piper.piper_worker worker_commons - 		 4
pycompss.worker.piper.piper_worker worker_commons - 		 4
pycompss.worker.piper.piper_worker worker_commons - 		 4
pycompss.worker.piper.piper_worker worker_commons - Trying to import the user module: simulation_streams
pycompss.worker.piper.piper_worker worker_commons - Module successfully loaded (Python version >= 2.7)
pycompss.worker.piper.piper_worker worker_commons - Starting task execution
pycompss.worker.piper.piper_worker worker_commons - module     : <module 'simulation_streams' from '/home/cramonco/gitlab/projects/distro-stream-lib/examples/simulation-python/simulation_streams.pyc'> 
pycompss.worker.piper.piper_worker worker_commons - method_name: simulation 
pycompss.worker.piper.piper_worker worker_commons - time_out   : 0 
pycompss.worker.piper.piper_worker worker_commons - Types      : [28, 4, 4, 4] 
pycompss.worker.piper.piper_worker worker_commons - Values     : [
Parameter fds
	Type 28
	File Name /tmp/COMPSsWorker03/b6523274-e7a5-4eec-aaba-9c4155122aa3/COMPSsWorker03/d2v1_1563975778589.IT
	Key None
	Content None
	Stream 3
	Prefix null
--------------------
, 
Parameter num_files
	Type 4
	File Name None
	Key None
	Content 50
	Stream 3
	Prefix null
--------------------
, 
Parameter base_sleep_time
	Type 4
	File Name None
	Key None
	Content 1000
	Stream 3
	Prefix null
--------------------
, 
Parameter sleep_random_range
	Type 4
	File Name None
	Key None
	Content 200
	Stream 3
	Prefix null
--------------------
] 
pycompss.worker.piper.piper_worker worker_commons - P. storage : False 
pycompss.worker.piper.piper_worker worker_commons - Storage cfg: null 
[DEBUG] Starting simulation
[DEBUG] (2019-07-24 15:43:02.539840) Generating file /home/cramonco/gitlab/projects/distro-stream-lib/examples/simulation-python/run_scripts/exec//stream1//file0
[DEBUG] (2019-07-24 15:43:03.541039) Generating file /home/cramonco/gitlab/projects/distro-stream-lib/examples/simulation-python/run_scripts/exec//stream1//file1
[DEBUG] (2019-07-24 15:43:04.542270) Generating file /home/cramonco/gitlab/projects/distro-stream-lib/examples/simulation-python/run_scripts/exec//stream1//file2
[DEBUG] (2019-07-24 15:43:05.543469) Generating file /home/cramonco/gitlab/projects/distro-stream-lib/examples/simulation-python/run_scripts/exec//stream1//file3
[DEBUG] (2019-07-24 15:43:06.544606) Generating file /home/cramonco/gitlab/projects/distro-stream-lib/examples/simulation-python/run_scripts/exec//stream1//file4
[DEBUG] (2019-07-24 15:43:07.545103) Generating file /home/cramonco/gitlab/projects/distro-stream-lib/examples/simulation-python/run_scripts/exec//stream1//file5
[DEBUG] (2019-07-24 15:43:08.546604) Generating file /home/cramonco/gitlab/projects/distro-stream-lib/examples/simulation-python/run_scripts/exec//stream1//file6
[DEBUG] (2019-07-24 15:43:09.548067) Generating file /home/cramonco/gitlab/projects/distro-stream-lib/examples/simulation-python/run_scripts/exec//stream1//file7
[DEBUG] (2019-07-24 15:43:10.549566) Generating file /home/cramonco/gitlab/projects/distro-stream-lib/examples/simulation-python/run_scripts/exec//stream1//file8
[DEBUG] (2019-07-24 15:43:11.551046) Generating file /home/cramonco/gitlab/projects/distro-stream-lib/examples/simulation-python/run_scripts/exec//stream1//file9
[DEBUG] (2019-07-24 15:43:12.552011) Generating file /home/cramonco/gitlab/projects/distro-stream-lib/examples/simulation-python/run_scripts/exec//stream1//file10
[DEBUG] (2019-07-24 15:43:13.553116) Generating file /home/cramonco/gitlab/projects/distro-stream-lib/examples/simulation-python/run_scripts/exec//stream1//file11
[DEBUG] (2019-07-24 15:43:14.553878) Generating file /home/cramonco/gitlab/projects/distro-stream-lib/examples/simulation-python/run_scripts/exec//stream1//file12
[DEBUG] (2019-07-24 15:43:15.555260) Generating file /home/cramonco/gitlab/projects/distro-stream-lib/examples/simulation-python/run_scripts/exec//stream1//file13
[DEBUG] (2019-07-24 15:43:16.556570) Generating file /home/cramonco/gitlab/projects/distro-stream-lib/examples/simulation-python/run_scripts/exec//stream1//file14
[DEBUG] (2019-07-24 15:43:17.558123) Generating file /home/cramonco/gitlab/projects/distro-stream-lib/examples/simulation-python/run_scripts/exec//stream1//file15
[DEBUG] (2019-07-24 15:43:18.558332) Generating file /home/cramonco/gitlab/projects/distro-stream-lib/examples/simulation-python/run_scripts/exec//stream1//file16
[DEBUG] (2019-07-24 15:43:19.559479) Generating file /home/cramonco/gitlab/projects/distro-stream-lib/examples/simulation-python/run_scripts/exec//stream1//file17
[DEBUG] (2019-07-24 15:43:20.560725) Generating file /home/cramonco/gitlab/projects/distro-stream-lib/examples/simulation-python/run_scripts/exec//stream1//file18
[DEBUG] (2019-07-24 15:43:21.562047) Generating file /home/cramonco/gitlab/projects/distro-stream-lib/examples/simulation-python/run_scripts/exec//stream1//file19
[DEBUG] (2019-07-24 15:43:22.563532) Generating file /home/cramonco/gitlab/projects/distro-stream-lib/examples/simulation-python/run_scripts/exec//stream1//file20
[DEBUG] (2019-07-24 15:43:23.564950) Generating file /home/cramonco/gitlab/projects/distro-stream-lib/examples/simulation-python/run_scripts/exec//stream1//file21
[DEBUG] (2019-07-24 15:43:24.565539) Generating file /home/cramonco/gitlab/projects/distro-stream-lib/examples/simulation-python/run_scripts/exec//stream1//file22
[DEBUG] (2019-07-24 15:43:25.566287) Generating file /home/cramonco/gitlab/projects/distro-stream-lib/examples/simulation-python/run_scripts/exec//stream1//file23
[DEBUG] (2019-07-24 15:43:26.566677) Generating file /home/cramonco/gitlab/projects/distro-stream-lib/examples/simulation-python/run_scripts/exec//stream1//file24
[DEpycompss.worker.piper.piper_worker worker_commons - Exit code : 0 
pycompss.worker.piper.piper_worker worker_commons - Return Types : [28, 4, 4, 4] 
pycompss.worker.piper.piper_worker worker_commons - Return Values: ['null', 'null', 'null', 'null'] 
pycompss.worker.piper.piper_worker worker_commons - Return target_direction: Parameter(type=None, direction=2, stream=3, prefix=null
          object=None
          file_name=None
          is_future=False) 
pycompss.worker.piper.piper_worker worker_commons - Return timed_out: False 
pycompss.worker.piper.piper_worker worker_commons - Return exception_message:  
pycompss.worker.piper.piper_worker worker_commons - Finished task execution
pycompss.worker.piper.piper_worker worker_commons - End task execution. Status: Ok
BUG] (2019-07-24 15:43:27.567744) Generating file /home/cramonco/gitlab/projects/distro-stream-lib/examples/simulation-python/run_scripts/exec//stream1//file25
[DEBUG] (2019-07-24 15:43:28.568664) Generating file /home/cramonco/gitlab/projects/distro-stream-lib/examples/simulation-python/run_scripts/exec//stream1//file26
[DEBUG] (2019-07-24 15:43:29.570181) Generating file /home/cramonco/gitlab/projects/distro-stream-lib/examples/simulation-python/run_scripts/exec//stream1//file27
[DEBUG] (2019-07-24 15:43:30.571763) Generating file /home/cramonco/gitlab/projects/distro-stream-lib/examples/simulation-python/run_scripts/exec//stream1//file28
[DEBUG] (2019-07-24 15:43:31.572607) Generating file /home/cramonco/gitlab/projects/distro-stream-lib/examples/simulation-python/run_scripts/exec//stream1//file29
[DEBUG] (2019-07-24 15:43:32.573693) Generating file /home/cramonco/gitlab/projects/distro-stream-lib/examples/simulation-python/run_scripts/exec//stream1//file30
[DEBUG] (2019-07-24 15:43:33.574553) Generating file /home/cramonco/gitlab/projects/distro-stream-lib/examples/simulation-python/run_scripts/exec//stream1//file31
[DEBUG] (2019-07-24 15:43:34.575517) Generating file /home/cramonco/gitlab/projects/distro-stream-lib/examples/simulation-python/run_scripts/exec//stream1//file32
[DEBUG] (2019-07-24 15:43:35.577110) Generating file /home/cramonco/gitlab/projects/distro-stream-lib/examples/simulation-python/run_scripts/exec//stream1//file33
[DEBUG] (2019-07-24 15:43:36.578185) Generating file /home/cramonco/gitlab/projects/distro-stream-lib/examples/simulation-python/run_scripts/exec//stream1//file34
[DEBUG] (2019-07-24 15:43:37.579166) Generating file /home/cramonco/gitlab/projects/distro-stream-lib/examples/simulation-python/run_scripts/exec//stream1//file35
[DEBUG] (2019-07-24 15:43:38.579834) Generating file /home/cramonco/gitlab/projects/distro-stream-lib/examples/simulation-python/run_scripts/exec//stream1//file36
[DEBUG] (2019-07-24 15:43:39.581182) Generating file /home/cramonco/gitlab/projects/distro-stream-lib/examples/simulation-python/run_scripts/exec//stream1//file37
[DEBUG] (2019-07-24 15:43:40.581804) Generating file /home/cramonco/gitlab/projects/distro-stream-lib/examples/simulation-python/run_scripts/exec//stream1//file38
[DEBUG] (2019-07-24 15:43:41.582771) Generating file /home/cramonco/gitlab/projects/distro-stream-lib/examples/simulation-python/run_scripts/exec//stream1//file39
[DEBUG] (2019-07-24 15:43:42.584343) Generating file /home/cramonco/gitlab/projects/distro-stream-lib/examples/simulation-python/run_scripts/exec//stream1//file40
[DEBUG] (2019-07-24 15:43:43.584983) Generating file /home/cramonco/gitlab/projects/distro-stream-lib/examples/simulation-python/run_scripts/exec//stream1//file41
[DEBUG] (2019-07-24 15:43:44.586347) Generating file /home/cramonco/gitlab/projects/distro-stream-lib/examples/simulation-python/run_scripts/exec//stream1//file42
[DEBUG] (2019-07-24 15:43:45.587884) Generating file /home/cramonco/gitlab/projects/distro-stream-lib/examples/simulation-python/run_scripts/exec//stream1//file43
[DEBUG] (2019-07-24 15:43:46.589309) Generating file /home/cramonco/gitlab/projects/distro-stream-lib/examples/simulation-python/run_scripts/exec//stream1//file44
[DEBUG] (2019-07-24 15:43:47.590093) Generating file /home/cramonco/gitlab/projects/distro-stream-lib/examples/simulation-python/run_scripts/exec//stream1//file45
[DEBUG] (2019-07-24 15:43:48.591411) Generating file /home/cramonco/gitlab/projects/distro-stream-lib/examples/simulation-python/run_scripts/exec//stream1//file46
[DEBUG] (2019-07-24 15:43:49.592567) Generating file /home/cramonco/gitlab/projects/distro-stream-lib/examples/simulation-python/run_scripts/exec//stream1//file47
[DEBUG] (2019-07-24 15:43:50.596687) Generating file /home/cramonco/gitlab/projects/distro-stream-lib/examples/simulation-python/run_scripts/exec//stream1//file48
[DEBUG] (2019-07-24 15:43:51.598202) Generating file /home/cramonco/gitlab/projects/distro-stream-lib/examples/simulation-python/run_scripts/exec//stream1//file49
pycompss.worker.piper.piper_worker pipe_executor - Process-2 - Pipe /tmp/COMPSsWorker03/b6523274-e7a5-4eec-aaba-9c4155122aa3/COMPSsWorker03/pipe_-315512590_compute2.inbound END TASK MESSAGE: END_TASK 2 0 4 28 null 4 null 4 null 4 null 

pycompss.worker.piper.piper_worker pipe_executor - Cleaning environment.
pycompss.worker.piper.piper_worker pipe_executor - Restoring loggers.
