[EXECUTOR] executeTask - Begin task execution
WORKER - Parameters of execution:
  * Method type: METHOD
  * Method definition: [DECLARING CLASS=simulation_streams, METHOD NAME=process_sim_file]
  * Parameter types: java.lang.String java.lang.String int int
  * Parameter values: /tmp/COMPSsWorker01/b6523274-e7a5-4eec-aaba-9c4155122aa3/COMPSsWorker01/sandBox/job_9/file5 /tmp/COMPSsWorker01/b6523274-e7a5-4eec-aaba-9c4155122aa3/COMPSsWorker01/sandBox/job_9/file5.out 2000 100
  * Parameter streams: UNSPECIFIED UNSPECIFIED UNSPECIFIED UNSPECIFIED
  * Parameter prefixes: null null null null
  * Has Target: false
  * Has Return: true
[INVOKER] COMPSS_HOSTNAMES: COMPSsWorker01
[INVOKER] COMPSS_NUM_NODES: 1
[INVOKER] COMPSS_NUM_THREADS: 1
[EXECUTOR] executeTask - End task execution
utor - Received task in process: Process-1
pycompss.worker.piper.piper_worker pipe_executor -  - TASK CMD: ['EXECUTE_TASK', '9', '/tmp/COMPSsWorker01/b6523274-e7a5-4eec-aaba-9c4155122aa3/COMPSsWorker01/jobs/job9_NEW.out', '/tmp/COMPSsWorker01/b6523274-e7a5-4eec-aaba-9c4155122aa3/COMPSsWorker01/jobs/job9_NEW.err', '1', '9', 'true', 'null', 'METHOD', 'simulation_streams', 'process_sim_file', '0', '1', 'COMPSsWorker01', '1', 'false', 'null', '0', '4', '9', '3', 'null', 'input_file', '/tmp/COMPSsWorker01/b6523274-e7a5-4eec-aaba-9c4155122aa3/COMPSsWorker01/sandBox/job_9/file5:d15v1_1563975778589.IT:true:false:/tmp/COMPSsWorker01/b6523274-e7a5-4eec-aaba-9c4155122aa3/COMPSsWorker01/sandBox/job_9/file5', '9', '3', 'null', 'output_image', '/tmp/COMPSsWorker01/b6523274-e7a5-4eec-aaba-9c4155122aa3/COMPSsWorker01/sandBox/job_9/file5.out:d16v2_1563975778589.IT:false:true:/tmp/COMPSsWorker01/b6523274-e7a5-4eec-aaba-9c4155122aa3/COMPSsWorker01/sandBox/job_9/file5.out', '4', '3', 'null', 'base_sleep_time', '2000', '4', '3', 'null', 'sleep_random_range', '100']
pycompss.worker.piper.piper_worker pipe_executor - Process environment:
pycompss.worker.piper.piper_worker pipe_executor - 	 - Number of nodes: 1
pycompss.worker.piper.piper_worker pipe_executor - 	 - Hostnames: COMPSsWorker01
pycompss.worker.piper.piper_worker pipe_executor - 	 - Number of threads: 1
pycompss.worker.piper.piper_worker worker_commons - Begin task execution in Process-1
pycompss.worker.piper.piper_worker worker_commons - Storage conf: null
pycompss.worker.piper.piper_worker worker_commons - Params: ['simulation_streams', 'process_sim_file', '0', '1', 'COMPSsWorker01', '1', 'false', 'null', '0', '4', '9', '3', 'null', 'input_file', '/tmp/COMPSsWorker01/b6523274-e7a5-4eec-aaba-9c4155122aa3/COMPSsWorker01/sandBox/job_9/file5:d15v1_1563975778589.IT:true:false:/tmp/COMPSsWorker01/b6523274-e7a5-4eec-aaba-9c4155122aa3/COMPSsWorker01/sandBox/job_9/file5', '9', '3', 'null', 'output_image', '/tmp/COMPSsWorker01/b6523274-e7a5-4eec-aaba-9c4155122aa3/COMPSsWorker01/sandBox/job_9/file5.out:d16v2_1563975778589.IT:false:true:/tmp/COMPSsWorker01/b6523274-e7a5-4eec-aaba-9c4155122aa3/COMPSsWorker01/sandBox/job_9/file5.out', '4', '3', 'null', 'base_sleep_time', '2000', '4', '3', 'null', 'sleep_random_range', '100']
pycompss.worker.piper.piper_worker worker_commons - Path: simulation_streams
pycompss.worker.piper.piper_worker worker_commons - Method name: process_sim_file
pycompss.worker.piper.piper_worker worker_commons - Num slaves: 1
pycompss.worker.piper.piper_worker worker_commons - Slaves: ['1']
pycompss.worker.piper.piper_worker worker_commons - Cus: 1
pycompss.worker.piper.piper_worker worker_commons - Has target: false
pycompss.worker.piper.piper_worker worker_commons - Num Params: 4
pycompss.worker.piper.piper_worker worker_commons - Return Length: 0
pycompss.worker.piper.piper_worker worker_commons - Args: ['9', '3', 'null', 'input_file', '/tmp/COMPSsWorker01/b6523274-e7a5-4eec-aaba-9c4155122aa3/COMPSsWorker01/sandBox/job_9/file5:d15v1_1563975778589.IT:true:false:/tmp/COMPSsWorker01/b6523274-e7a5-4eec-aaba-9c4155122aa3/COMPSsWorker01/sandBox/job_9/file5', '9', '3', 'null', 'output_image', '/tmp/COMPSsWorker01/b6523274-e7a5-4eec-aaba-9c4155122aa3/COMPSsWorker01/sandBox/job_9/file5.out:d16v2_1563975778589.IT:false:true:/tmp/COMPSsWorker01/b6523274-e7a5-4eec-aaba-9c4155122aa3/COMPSsWorker01/sandBox/job_9/file5.out', '4', '3', 'null', 'base_sleep_time', '2000', '4', '3', 'null', 'sleep_random_range', '100']
pycompss.worker.piper.piper_worker worker_commons - Processing parameters:
pycompss.worker.piper.piper_worker worker_commons - Parameter : 0
pycompss.worker.piper.piper_worker worker_commons - 	 * Type : 9
pycompss.worker.piper.piper_worker worker_commons - 	 * Std IO Stream : 3
pycompss.worker.piper.piper_worker worker_commons - 	 * Prefix : null
pycompss.worker.piper.piper_worker worker_commons - 	 * Name : input_file
pycompss.worker.piper.piper_worker worker_commons - 	 * Value: '/tmp/COMPSsWorker01/b6523274-e7a5-4eec-aaba-9c4155122aa3/COMPSsWorker01/sandBox/job_9/file5:d15v1_1563975778589.IT:true:false:/tmp/COMPSsWorker01/b6523274-e7a5-4eec-aaba-9c4155122aa3/COMPSsWorker01/sandBox/job_9/file5'
pycompss.worker.piper.piper_worker worker_commons - Parameter : 1
pycompss.worker.piper.piper_worker worker_commons - 	 * Type : 9
pycompss.worker.piper.piper_worker worker_commons - 	 * Std IO Stream : 3
pycompss.worker.piper.piper_worker worker_commons - 	 * Prefix : null
pycompss.worker.piper.piper_worker worker_commons - 	 * Name : output_image
pycompss.worker.piper.piper_worker worker_commons - 	 * Value: '/tmp/COMPSsWorker01/b6523274-e7a5-4eec-aaba-9c4155122aa3/COMPSsWorker01/sandBox/job_9/file5.out:d16v2_1563975778589.IT:false:true:/tmp/COMPSsWorker01/b6523274-e7a5-4eec-aaba-9c4155122aa3/COMPSsWorker01/sandBox/job_9/file5.out'
pycompss.worker.piper.piper_worker worker_commons - Parameter : 2
pycompss.worker.piper.piper_worker worker_commons - 	 * Type : 4
pycompss.worker.piper.piper_worker worker_commons - 	 * Std IO Stream : 3
pycompss.worker.piper.piper_worker worker_commons - 	 * Prefix : null
pycompss.worker.piper.piper_worker worker_commons - 	 * Name : base_sleep_time
pycompss.worker.piper.piper_worker worker_commons - 	 * Value: '2000'
pycompss.worker.piper.piper_worker worker_commons - Parameter : 3
pycompss.worker.piper.piper_worker worker_commons - 	 * Type : 4
pycompss.worker.piper.piper_worker worker_commons - 	 * Std IO Stream : 3
pycompss.worker.piper.piper_worker worker_commons - 	 * Prefix : null
pycompss.worker.piper.piper_worker worker_commons - 	 * Name : sleep_random_range
pycompss.worker.piper.piper_worker worker_commons - 	 * Value: '100'
pycompss.worker.piper.piper_worker worker_commons - RUN TASK with arguments:
pycompss.worker.piper.piper_worker worker_commons - 	- Path: simulation_streams
pycompss.worker.piper.piper_worker worker_commons - 	- Method/function name: process_sim_file
pycompss.worker.piper.piper_worker worker_commons - 	- Has target: false
pycompss.worker.piper.piper_worker worker_commons - 	- # parameters: 4
pycompss.worker.piper.piper_worker worker_commons - 	- Values:
pycompss.worker.piper.piper_worker worker_commons - 		 
Parameter input_file
	Type 9
	File Name /tmp/COMPSsWorker01/b6523274-e7a5-4eec-aaba-9c4155122aa3/COMPSsWorker01/sandBox/job_9/file5:d15v1_1563975778589.IT:true:false:/tmp/COMPSsWorker01/b6523274-e7a5-4eec-aaba-9c4155122aa3/COMPSsWorker01/sandBox/job_9/file5
	Key None
	Content None
	Stream 3
	Prefix null
--------------------

pycompss.worker.piper.piper_worker worker_commons - 		 
Parameter output_image
	Type 9
	File Name /tmp/COMPSsWorker01/b6523274-e7a5-4eec-aaba-9c4155122aa3/COMPSsWorker01/sandBox/job_9/file5.out:d16v2_1563975778589.IT:false:true:/tmp/COMPSsWorker01/b6523274-e7a5-4eec-aaba-9c4155122aa3/COMPSsWorker01/sandBox/job_9/file5.out
	Key None
	Content None
	Stream 3
	Prefix null
--------------------

pycompss.worker.piper.piper_worker worker_commons - 		 
Parameter base_sleep_time
	Type 4
	File Name None
	Key None
	Content 2000
	Stream 3
	Prefix null
--------------------

pycompss.worker.piper.piper_worker worker_commons - 		 
Parameter sleep_random_range
	Type 4
	File Name None
	Key None
	Content 100
	Stream 3
	Prefix null
--------------------

pycompss.worker.piper.piper_worker worker_commons - 	- COMPSs types:
pycompss.worker.piper.piper_worker worker_commons - 		 9
pycompss.worker.piper.piper_worker worker_commons - 		 9
pycompss.worker.piper.piper_worker worker_commons - 		 4
pycompss.worker.piper.piper_worker worker_commons - 		 4
pycompss.worker.piper.piper_worker worker_commons - Trying to import the user module: simulation_streams
pycompss.worker.piper.piper_worker worker_commons - Module successfully loaded (Python version >= 2.7)
pycompss.worker.piper.piper_worker worker_commons - Starting task execution
pycompss.worker.piper.piper_worker worker_commons - module     : <module 'simulation_streams' from '/home/cramonco/gitlab/projects/distro-stream-lib/examples/simulation-python/simulation_streams.pyc'> 
pycompss.worker.piper.piper_worker worker_commons - method_name: process_sim_file 
pycompss.worker.piper.piper_worker worker_commons - time_out   : 0 
pycompss.worker.piper.piper_worker worker_commons - Types      : [9, 9, 4, 4] 
pycompss.worker.piper.piper_worker worker_commons - Values     : [
Parameter input_file
	Type 9
	File Name /tmp/COMPSsWorker01/b6523274-e7a5-4eec-aaba-9c4155122aa3/COMPSsWorker01/sandBox/job_9/file5:d15v1_1563975778589.IT:true:false:/tmp/COMPSsWorker01/b6523274-e7a5-4eec-aaba-9c4155122aa3/COMPSsWorker01/sandBox/job_9/file5
	Key None
	Content None
	Stream 3
	Prefix null
--------------------
, 
Parameter output_image
	Type 9
	File Name /tmp/COMPSsWorker01/b6523274-e7a5-4eec-aaba-9c4155122aa3/COMPSsWorker01/sandBox/job_9/file5.out:d16v2_1563975778589.IT:false:true:/tmp/COMPSsWorker01/b6523274-e7a5-4eec-aaba-9c4155122aa3/COMPSsWorker01/sandBox/job_9/file5.out
	Key None
	Content None
	Stream 3
	Prefix null
--------------------
, 
Parameter base_sleep_time
	Type 4
	File Name None
	Key None
	Content 2000
	Stream 3
	Prefix null
--------------------
, 
Parameter sleep_random_range
	Type 4
	File Name None
	Key None
	Content 100
	Stream 3
	Prefix null
--------------------
] 
pycompss.worker.piper.piper_worker worker_commons - P. storage : False 
pycompss.worker.piper.piper_worker worker_commons - Storage cfg: null 
pycompss.worker.piper.piper_worker worker_commons - Exit code : 0 
pycompss.worker.piper.piper_worker worker_commons - Return Types : [9, 9, 4, 4] 
pycompss.worker.piper.piper_worker worker_commons - Return Values: ['null', 'null', 'null', 'null'] 
pycompss.worker.piper.piper_worker worker_commons - Return target_direction: Parameter(type=None, direction=2, stream=3, prefix=null
          object=None
          file_name=None
          is_future=False) 
pycompss.worker.piper.piper_worker worker_commons - Return timed_out: False 
pycompss.worker.piper.piper_worker worker_commons - Return exception_message:  
pycompss.worker.piper.piper_worker worker_commons - Finished task execution
pycompss.worker.piper.piper_worker worker_commons - End task execution. Status: Ok
[DEBUG] Processing file /tmp/COMPSsWorker01/b6523274-e7a5-4eec-aaba-9c4155122aa3/COMPSsWorker01/sandBox/job_9/file5
['File generated at 2019-07-24 15:43:07.541333\n']
pycompss.worker.piper.piper_worker pipe_executor - Process-1 - Pipe /tmp/COMPSsWorker01/b6523274-e7a5-4eec-aaba-9c4155122aa3/COMPSsWorker01/pipe_802811896_compute1.inbound END TASK MESSAGE: END_TASK 9 0 4 9 null 9 null 4 null 4 null 

pycompss.worker.piper.piper_worker pipe_executor - Cleaning environment.
pycompss.worker.piper.piper_worker pipe_executor - Restoring loggers.
