[EXECUTOR] executeTask - Begin task execution
WORKER - Parameters of execution:
  * Method type: METHOD
  * Method definition: [DECLARING CLASS=simulation_streams, METHOD NAME=simulation]
  * Parameter types: java.lang.String int int int
  * Parameter values: /tmp/COMPSsWorker03/d4b2505e-c32f-4539-a823-53f656484a5a/COMPSsWorker03/d1v1_1563977551164.IT 5 1000 200
  * Parameter streams: UNSPECIFIED UNSPECIFIED UNSPECIFIED UNSPECIFIED
  * Parameter prefixes: null null null null
  * Has Target: false
  * Has Return: true
[INVOKER] COMPSS_HOSTNAMES: COMPSsWorker03,COMPSsWorker03,COMPSsWorker03,COMPSsWorker03,COMPSsWorker03,COMPSsWorker03,COMPSsWorker03,COMPSsWorker03
[INVOKER] COMPSS_NUM_NODES: 1
[INVOKER] COMPSS_NUM_THREADS: 8
[EXECUTOR] executeTask - End task execution
utor - Received task in process: Process-1
pycompss.worker.piper.piper_worker pipe_executor -  - TASK CMD: ['EXECUTE_TASK', '1', '/tmp/COMPSsWorker03/d4b2505e-c32f-4539-a823-53f656484a5a/COMPSsWorker03/jobs/job1_NEW.out', '/tmp/COMPSsWorker03/d4b2505e-c32f-4539-a823-53f656484a5a/COMPSsWorker03/jobs/job1_NEW.err', '1', '1', 'true', 'null', 'METHOD', 'simulation_streams', 'simulation', '0', '1', 'COMPSsWorker03', '8', 'false', 'null', '0', '4', '28', '3', 'null', 'fds', '/tmp/COMPSsWorker03/d4b2505e-c32f-4539-a823-53f656484a5a/COMPSsWorker03/d1v1_1563977551164.IT', 'W', '4', '3', 'null', 'num_files', '5', '4', '3', 'null', 'base_sleep_time', '1000', '4', '3', 'null', 'sleep_random_range', '200']
pycompss.worker.piper.piper_worker pipe_executor - Process environment:
pycompss.worker.piper.piper_worker pipe_executor - 	 - Number of nodes: 1
pycompss.worker.piper.piper_worker pipe_executor - 	 - Hostnames: COMPSsWorker03
pycompss.worker.piper.piper_worker pipe_executor - 	 - Number of threads: 8
pycompss.worker.piper.piper_worker worker_commons - Begin task execution in Process-1
pycompss.worker.piper.piper_worker worker_commons - Storage conf: null
pycompss.worker.piper.piper_worker worker_commons - Params: ['simulation_streams', 'simulation', '0', '1', 'COMPSsWorker03', '8', 'false', 'null', '0', '4', '28', '3', 'null', 'fds', '/tmp/COMPSsWorker03/d4b2505e-c32f-4539-a823-53f656484a5a/COMPSsWorker03/d1v1_1563977551164.IT', 'W', '4', '3', 'null', 'num_files', '5', '4', '3', 'null', 'base_sleep_time', '1000', '4', '3', 'null', 'sleep_random_range', '200']
pycompss.worker.piper.piper_worker worker_commons - Path: simulation_streams
pycompss.worker.piper.piper_worker worker_commons - Method name: simulation
pycompss.worker.piper.piper_worker worker_commons - Num slaves: 1
pycompss.worker.piper.piper_worker worker_commons - Slaves: ['1']
pycompss.worker.piper.piper_worker worker_commons - Cus: 8
pycompss.worker.piper.piper_worker worker_commons - Has target: false
pycompss.worker.piper.piper_worker worker_commons - Num Params: 4
pycompss.worker.piper.piper_worker worker_commons - Return Length: 0
pycompss.worker.piper.piper_worker worker_commons - Args: ['28', '3', 'null', 'fds', '/tmp/COMPSsWorker03/d4b2505e-c32f-4539-a823-53f656484a5a/COMPSsWorker03/d1v1_1563977551164.IT', 'W', '4', '3', 'null', 'num_files', '5', '4', '3', 'null', 'base_sleep_time', '1000', '4', '3', 'null', 'sleep_random_range', '200']
pycompss.worker.piper.piper_worker worker_commons - Processing parameters:
pycompss.worker.piper.piper_worker worker_commons - Parameter : 0
pycompss.worker.piper.piper_worker worker_commons - 	 * Type : 28
pycompss.worker.piper.piper_worker worker_commons - 	 * Std IO Stream : 3
pycompss.worker.piper.piper_worker worker_commons - 	 * Prefix : null
pycompss.worker.piper.piper_worker worker_commons - 	 * Name : fds
pycompss.worker.piper.piper_worker worker_commons - 	 * Value: '/tmp/COMPSsWorker03/d4b2505e-c32f-4539-a823-53f656484a5a/COMPSsWorker03/d1v1_1563977551164.IT'
pycompss.worker.piper.piper_worker worker_commons - Parameter : 1
pycompss.worker.piper.piper_worker worker_commons - 	 * Type : 4
pycompss.worker.piper.piper_worker worker_commons - 	 * Std IO Stream : 3
pycompss.worker.piper.piper_worker worker_commons - 	 * Prefix : null
pycompss.worker.piper.piper_worker worker_commons - 	 * Name : num_files
pycompss.worker.piper.piper_worker worker_commons - 	 * Value: '5'
pycompss.worker.piper.piper_worker worker_commons - Parameter : 2
pycompss.worker.piper.piper_worker worker_commons - 	 * Type : 4
pycompss.worker.piper.piper_worker worker_commons - 	 * Std IO Stream : 3
pycompss.worker.piper.piper_worker worker_commons - 	 * Prefix : null
pycompss.worker.piper.piper_worker worker_commons - 	 * Name : base_sleep_time
pycompss.worker.piper.piper_worker worker_commons - 	 * Value: '1000'
pycompss.worker.piper.piper_worker worker_commons - Parameter : 3
pycompss.worker.piper.piper_worker worker_commons - 	 * Type : 4
pycompss.worker.piper.piper_worker worker_commons - 	 * Std IO Stream : 3
pycompss.worker.piper.piper_worker worker_commons - 	 * Prefix : null
pycompss.worker.piper.piper_worker worker_commons - 	 * Name : sleep_random_range
pycompss.worker.piper.piper_worker worker_commons - 	 * Value: '200'
pycompss.worker.piper.piper_worker worker_commons - RUN TASK with arguments:
pycompss.worker.piper.piper_worker worker_commons - 	- Path: simulation_streams
pycompss.worker.piper.piper_worker worker_commons - 	- Method/function name: simulation
pycompss.worker.piper.piper_worker worker_commons - 	- Has target: false
pycompss.worker.piper.piper_worker worker_commons - 	- # parameters: 4
pycompss.worker.piper.piper_worker worker_commons - 	- Values:
pycompss.worker.piper.piper_worker worker_commons - 		 
Parameter fds
	Type 28
	File Name /tmp/COMPSsWorker03/d4b2505e-c32f-4539-a823-53f656484a5a/COMPSsWorker03/d1v1_1563977551164.IT
	Key None
	Content None
	Stream 3
	Prefix null
--------------------

pycompss.worker.piper.piper_worker worker_commons - 		 
Parameter num_files
	Type 4
	File Name None
	Key None
	Content 5
	Stream 3
	Prefix null
--------------------

pycompss.worker.piper.piper_worker worker_commons - 		 
Parameter base_sleep_time
	Type 4
	File Name None
	Key None
	Content 1000
	Stream 3
	Prefix null
--------------------

pycompss.worker.piper.piper_worker worker_commons - 		 
Parameter sleep_random_range
	Type 4
	File Name None
	Key None
	Content 200
	Stream 3
	Prefix null
--------------------

pycompss.worker.piper.piper_worker worker_commons - 	- COMPSs types:
pycompss.worker.piper.piper_worker worker_commons - 		 28
pycompss.worker.piper.piper_worker worker_commons - 		 4
pycompss.worker.piper.piper_worker worker_commons - 		 4
pycompss.worker.piper.piper_worker worker_commons - 		 4
pycompss.worker.piper.piper_worker worker_commons - Trying to import the user module: simulation_streams
pycompss.worker.piper.piper_worker worker_commons - Module successfully loaded (Python version >= 2.7)
pycompss.worker.piper.piper_worker worker_commons - Starting task execution
pycompss.worker.piper.piper_worker worker_commons - module     : <module 'simulation_streams' from '/home/cramonco/gitlab/projects/distro-stream-lib/examples/simulation-python/simulation_streams.py'> 
pycompss.worker.piper.piper_worker worker_commons - method_name: simulation 
pycompss.worker.piper.piper_worker worker_commons - time_out   : 0 
pycompss.worker.piper.piper_worker worker_commons - Types      : [28, 4, 4, 4] 
pycompss.worker.piper.piper_worker worker_commons - Values     : [
Parameter fds
	Type 28
	File Name /tmp/COMPSsWorker03/d4b2505e-c32f-4539-a823-53f656484a5a/COMPSsWorker03/d1v1_1563977551164.IT
	Key None
	Content None
	Stream 3
	Prefix null
--------------------
, 
Parameter num_files
	Type 4
	File Name None
	Key None
	Content 5
	Stream 3
	Prefix null
--------------------
, 
Parameter base_sleep_time
	Type 4
	File Name None
	Key None
	Content 1000
	Stream 3
	Prefix null
--------------------
, 
Parameter sleep_random_range
	Type 4
	File Name None
	Key None
	Content 200
	Stream 3
	Prefix null
--------------------
] 
pycompss.worker.piper.piper_worker worker_commons - P. storage : False 
pycompss.worker.piper.piper_worker worker_commons - Storage cfg: null 
pycompss.worker.piper.piper_worker worker_commons - Exit code : 0 
pycompss.worker.piper.piper_worker worker_commons - Return Types : [28, 4, 4, 4] 
pycompss.worker.piper.piper_worker worker_commons - Return Values: ['null', 'null', 'null', 'null'] 
pycompss.worker.piper.piper_worker worker_commons - Return target_direction: Parameter(type=None, direction=2, stream=3, prefix=null
          object=None
          file_name=None
          is_future=False) 
pycompss.worker.piper.piper_worker worker_commons - Return timed_out: False 
pycompss.worker.piper.piper_worker worker_commons - Return exception_message:  
pycompss.worker.piper.piper_worker worker_commons - Finished task execution
pycompss.worker.piper.piper_worker worker_commons - End task execution. Status: Ok
[DEBUG] Starting simulation
[DEBUG] (2019-07-24 16:12:35.228158) Generating file /home/cramonco/gitlab/projects/distro-stream-lib/examples/simulation-python/run_scripts/exec//stream0//file0
[DEBUG] (2019-07-24 16:12:36.236606) Generating file /home/cramonco/gitlab/projects/distro-stream-lib/examples/simulation-python/run_scripts/exec//stream0//file1
[DEBUG] (2019-07-24 16:12:37.237812) Generating file /home/cramonco/gitlab/projects/distro-stream-lib/examples/simulation-python/run_scripts/exec//stream0//file2
[DEBUG] (2019-07-24 16:12:38.238424) Generating file /home/cramonco/gitlab/projects/distro-stream-lib/examples/simulation-python/run_scripts/exec//stream0//file3
[DEBUG] (2019-07-24 16:12:39.239196) Generating file /home/cramonco/gitlab/projects/distro-stream-lib/examples/simulation-python/run_scripts/exec//stream0//file4
pycompss.worker.piper.piper_worker pipe_executor - Process-1 - Pipe /tmp/COMPSsWorker03/d4b2505e-c32f-4539-a823-53f656484a5a/COMPSsWorker03/pipe_-455630582_compute1.inbound END TASK MESSAGE: END_TASK 1 0 4 28 null 4 null 4 null 4 null 

pycompss.worker.piper.piper_worker pipe_executor - Cleaning environment.
pycompss.worker.piper.piper_worker pipe_executor - Restoring loggers.
