[EXECUTOR] executeTask - Begin task execution
WORKER - Parameters of execution:
  * Method type: METHOD
  * Method definition: [DECLARING CLASS=simulation_streams, METHOD NAME=merge_reduce]
  * Parameter types: java.lang.String int int java.lang.String java.lang.String java.lang.String java.lang.String java.lang.String
  * Parameter values: /tmp/COMPSsWorker01/d4b2505e-c32f-4539-a823-53f656484a5a/COMPSsWorker01/sandBox/job_14/output_gif_1 10000 1000 /tmp/COMPSsWorker01/d4b2505e-c32f-4539-a823-53f656484a5a/COMPSsWorker01/sandBox/job_14/file0.out /tmp/COMPSsWorker01/d4b2505e-c32f-4539-a823-53f656484a5a/COMPSsWorker01/sandBox/job_14/file1.out /tmp/COMPSsWorker01/d4b2505e-c32f-4539-a823-53f656484a5a/COMPSsWorker01/sandBox/job_14/file4.out /tmp/COMPSsWorker01/d4b2505e-c32f-4539-a823-53f656484a5a/COMPSsWorker01/sandBox/job_14/file3.out /tmp/COMPSsWorker01/d4b2505e-c32f-4539-a823-53f656484a5a/COMPSsWorker01/sandBox/job_14/file2.out
  * Parameter streams: UNSPECIFIED UNSPECIFIED UNSPECIFIED UNSPECIFIED UNSPECIFIED UNSPECIFIED UNSPECIFIED UNSPECIFIED
  * Parameter prefixes: null null null null null null null null
  * Has Target: false
  * Has Return: true
[INVOKER] COMPSS_HOSTNAMES: COMPSsWorker01,COMPSsWorker01
[INVOKER] COMPSS_NUM_NODES: 1
[INVOKER] COMPSS_NUM_THREADS: 2
[EXECUTOR] executeTask - End task execution
utor - Received task in process: Process-1
pycompss.worker.piper.piper_worker pipe_executor -  - TASK CMD: ['EXECUTE_TASK', '14', '/tmp/COMPSsWorker01/d4b2505e-c32f-4539-a823-53f656484a5a/COMPSsWorker01/jobs/job14_NEW.out', '/tmp/COMPSsWorker01/d4b2505e-c32f-4539-a823-53f656484a5a/COMPSsWorker01/jobs/job14_NEW.err', '1', '14', 'true', 'null', 'METHOD', 'simulation_streams', 'merge_reduce', '0', '1', 'COMPSsWorker01', '2', 'false', 'null', '0', '8', '9', '3', 'null', 'output_gif', '/tmp/COMPSsWorker01/d4b2505e-c32f-4539-a823-53f656484a5a/COMPSsWorker01/sandBox/job_14/output_gif_1:d24v2_1563977551164.IT:false:true:/tmp/COMPSsWorker01/d4b2505e-c32f-4539-a823-53f656484a5a/COMPSsWorker01/sandBox/job_14/output_gif_1', '4', '3', 'null', 'base_sleep_time', '10000', '4', '3', 'null', 'sleep_random_range', '1000', '9', '3', 'null', '*args*_0', '/tmp/COMPSsWorker01/d4b2505e-c32f-4539-a823-53f656484a5a/COMPSsWorker01/sandBox/job_14/file0.out:d6v2_1563977551164.IT:true:false:/tmp/COMPSsWorker01/d4b2505e-c32f-4539-a823-53f656484a5a/COMPSsWorker01/sandBox/job_14/file0.out', '9', '3', 'null', '*args*_1', '/tmp/COMPSsWorker01/d4b2505e-c32f-4539-a823-53f656484a5a/COMPSsWorker01/sandBox/job_14/file1.out:d8v2_1563977551164.IT:true:false:/tmp/COMPSsWorker01/d4b2505e-c32f-4539-a823-53f656484a5a/COMPSsWorker01/sandBox/job_14/file1.out', '9', '3', 'null', '*args*_2', '/tmp/COMPSsWorker01/d4b2505e-c32f-4539-a823-53f656484a5a/COMPSsWorker01/sandBox/job_14/file4.out:d18v2_1563977551164.IT:true:false:/tmp/COMPSsWorker01/d4b2505e-c32f-4539-a823-53f656484a5a/COMPSsWorker01/sandBox/job_14/file4.out', '9', '3', 'null', '*args*_3', '/tmp/COMPSsWorker01/d4b2505e-c32f-4539-a823-53f656484a5a/COMPSsWorker01/sandBox/job_14/file3.out:d20v2_1563977551164.IT:true:false:/tmp/COMPSsWorker01/d4b2505e-c32f-4539-a823-53f656484a5a/COMPSsWorker01/sandBox/job_14/file3.out', '9', '3', 'null', '*args*_4', '/tmp/COMPSsWorker01/d4b2505e-c32f-4539-a823-53f656484a5a/COMPSsWorker01/sandBox/job_14/file2.out:d22v2_1563977551164.IT:true:false:/tmp/COMPSsWorker01/d4b2505e-c32f-4539-a823-53f656484a5a/COMPSsWorker01/sandBox/job_14/file2.out']
pycompss.worker.piper.piper_worker pipe_executor - Process environment:
pycompss.worker.piper.piper_worker pipe_executor - 	 - Number of nodes: 1
pycompss.worker.piper.piper_worker pipe_executor - 	 - Hostnames: COMPSsWorker01
pycompss.worker.piper.piper_worker pipe_executor - 	 - Number of threads: 2
pycompss.worker.piper.piper_worker worker_commons - Begin task execution in Process-1
pycompss.worker.piper.piper_worker worker_commons - Storage conf: null
pycompss.worker.piper.piper_worker worker_commons - Params: ['simulation_streams', 'merge_reduce', '0', '1', 'COMPSsWorker01', '2', 'false', 'null', '0', '8', '9', '3', 'null', 'output_gif', '/tmp/COMPSsWorker01/d4b2505e-c32f-4539-a823-53f656484a5a/COMPSsWorker01/sandBox/job_14/output_gif_1:d24v2_1563977551164.IT:false:true:/tmp/COMPSsWorker01/d4b2505e-c32f-4539-a823-53f656484a5a/COMPSsWorker01/sandBox/job_14/output_gif_1', '4', '3', 'null', 'base_sleep_time', '10000', '4', '3', 'null', 'sleep_random_range', '1000', '9', '3', 'null', '*args*_0', '/tmp/COMPSsWorker01/d4b2505e-c32f-4539-a823-53f656484a5a/COMPSsWorker01/sandBox/job_14/file0.out:d6v2_1563977551164.IT:true:false:/tmp/COMPSsWorker01/d4b2505e-c32f-4539-a823-53f656484a5a/COMPSsWorker01/sandBox/job_14/file0.out', '9', '3', 'null', '*args*_1', '/tmp/COMPSsWorker01/d4b2505e-c32f-4539-a823-53f656484a5a/COMPSsWorker01/sandBox/job_14/file1.out:d8v2_1563977551164.IT:true:false:/tmp/COMPSsWorker01/d4b2505e-c32f-4539-a823-53f656484a5a/COMPSsWorker01/sandBox/job_14/file1.out', '9', '3', 'null', '*args*_2', '/tmp/COMPSsWorker01/d4b2505e-c32f-4539-a823-53f656484a5a/COMPSsWorker01/sandBox/job_14/file4.out:d18v2_1563977551164.IT:true:false:/tmp/COMPSsWorker01/d4b2505e-c32f-4539-a823-53f656484a5a/COMPSsWorker01/sandBox/job_14/file4.out', '9', '3', 'null', '*args*_3', '/tmp/COMPSsWorker01/d4b2505e-c32f-4539-a823-53f656484a5a/COMPSsWorker01/sandBox/job_14/file3.out:d20v2_1563977551164.IT:true:false:/tmp/COMPSsWorker01/d4b2505e-c32f-4539-a823-53f656484a5a/COMPSsWorker01/sandBox/job_14/file3.out', '9', '3', 'null', '*args*_4', '/tmp/COMPSsWorker01/d4b2505e-c32f-4539-a823-53f656484a5a/COMPSsWorker01/sandBox/job_14/file2.out:d22v2_1563977551164.IT:true:false:/tmp/COMPSsWorker01/d4b2505e-c32f-4539-a823-53f656484a5a/COMPSsWorker01/sandBox/job_14/file2.out']
pycompss.worker.piper.piper_worker worker_commons - Path: simulation_streams
pycompss.worker.piper.piper_worker worker_commons - Method name: merge_reduce
pycompss.worker.piper.piper_worker worker_commons - Num slaves: 1
pycompss.worker.piper.piper_worker worker_commons - Slaves: ['1']
pycompss.worker.piper.piper_worker worker_commons - Cus: 2
pycompss.worker.piper.piper_worker worker_commons - Has target: false
pycompss.worker.piper.piper_worker worker_commons - Num Params: 8
pycompss.worker.piper.piper_worker worker_commons - Return Length: 0
pycompss.worker.piper.piper_worker worker_commons - Args: ['9', '3', 'null', 'output_gif', '/tmp/COMPSsWorker01/d4b2505e-c32f-4539-a823-53f656484a5a/COMPSsWorker01/sandBox/job_14/output_gif_1:d24v2_1563977551164.IT:false:true:/tmp/COMPSsWorker01/d4b2505e-c32f-4539-a823-53f656484a5a/COMPSsWorker01/sandBox/job_14/output_gif_1', '4', '3', 'null', 'base_sleep_time', '10000', '4', '3', 'null', 'sleep_random_range', '1000', '9', '3', 'null', '*args*_0', '/tmp/COMPSsWorker01/d4b2505e-c32f-4539-a823-53f656484a5a/COMPSsWorker01/sandBox/job_14/file0.out:d6v2_1563977551164.IT:true:false:/tmp/COMPSsWorker01/d4b2505e-c32f-4539-a823-53f656484a5a/COMPSsWorker01/sandBox/job_14/file0.out', '9', '3', 'null', '*args*_1', '/tmp/COMPSsWorker01/d4b2505e-c32f-4539-a823-53f656484a5a/COMPSsWorker01/sandBox/job_14/file1.out:d8v2_1563977551164.IT:true:false:/tmp/COMPSsWorker01/d4b2505e-c32f-4539-a823-53f656484a5a/COMPSsWorker01/sandBox/job_14/file1.out', '9', '3', 'null', '*args*_2', '/tmp/COMPSsWorker01/d4b2505e-c32f-4539-a823-53f656484a5a/COMPSsWorker01/sandBox/job_14/file4.out:d18v2_1563977551164.IT:true:false:/tmp/COMPSsWorker01/d4b2505e-c32f-4539-a823-53f656484a5a/COMPSsWorker01/sandBox/job_14/file4.out', '9', '3', 'null', '*args*_3', '/tmp/COMPSsWorker01/d4b2505e-c32f-4539-a823-53f656484a5a/COMPSsWorker01/sandBox/job_14/file3.out:d20v2_1563977551164.IT:true:false:/tmp/COMPSsWorker01/d4b2505e-c32f-4539-a823-53f656484a5a/COMPSsWorker01/sandBox/job_14/file3.out', '9', '3', 'null', '*args*_4', '/tmp/COMPSsWorker01/d4b2505e-c32f-4539-a823-53f656484a5a/COMPSsWorker01/sandBox/job_14/file2.out:d22v2_1563977551164.IT:true:false:/tmp/COMPSsWorker01/d4b2505e-c32f-4539-a823-53f656484a5a/COMPSsWorker01/sandBox/job_14/file2.out']
pycompss.worker.piper.piper_worker worker_commons - Processing parameters:
pycompss.worker.piper.piper_worker worker_commons - Parameter : 0
pycompss.worker.piper.piper_worker worker_commons - 	 * Type : 9
pycompss.worker.piper.piper_worker worker_commons - 	 * Std IO Stream : 3
pycompss.worker.piper.piper_worker worker_commons - 	 * Prefix : null
pycompss.worker.piper.piper_worker worker_commons - 	 * Name : output_gif
pycompss.worker.piper.piper_worker worker_commons - 	 * Value: '/tmp/COMPSsWorker01/d4b2505e-c32f-4539-a823-53f656484a5a/COMPSsWorker01/sandBox/job_14/output_gif_1:d24v2_1563977551164.IT:false:true:/tmp/COMPSsWorker01/d4b2505e-c32f-4539-a823-53f656484a5a/COMPSsWorker01/sandBox/job_14/output_gif_1'
pycompss.worker.piper.piper_worker worker_commons - Parameter : 1
pycompss.worker.piper.piper_worker worker_commons - 	 * Type : 4
pycompss.worker.piper.piper_worker worker_commons - 	 * Std IO Stream : 3
pycompss.worker.piper.piper_worker worker_commons - 	 * Prefix : null
pycompss.worker.piper.piper_worker worker_commons - 	 * Name : base_sleep_time
pycompss.worker.piper.piper_worker worker_commons - 	 * Value: '10000'
pycompss.worker.piper.piper_worker worker_commons - Parameter : 2
pycompss.worker.piper.piper_worker worker_commons - 	 * Type : 4
pycompss.worker.piper.piper_worker worker_commons - 	 * Std IO Stream : 3
pycompss.worker.piper.piper_worker worker_commons - 	 * Prefix : null
pycompss.worker.piper.piper_worker worker_commons - 	 * Name : sleep_random_range
pycompss.worker.piper.piper_worker worker_commons - 	 * Value: '1000'
pycompss.worker.piper.piper_worker worker_commons - Parameter : 3
pycompss.worker.piper.piper_worker worker_commons - 	 * Type : 9
pycompss.worker.piper.piper_worker worker_commons - 	 * Std IO Stream : 3
pycompss.worker.piper.piper_worker worker_commons - 	 * Prefix : null
pycompss.worker.piper.piper_worker worker_commons - 	 * Name : *args*_0
pycompss.worker.piper.piper_worker worker_commons - 	 * Value: '/tmp/COMPSsWorker01/d4b2505e-c32f-4539-a823-53f656484a5a/COMPSsWorker01/sandBox/job_14/file0.out:d6v2_1563977551164.IT:true:false:/tmp/COMPSsWorker01/d4b2505e-c32f-4539-a823-53f656484a5a/COMPSsWorker01/sandBox/job_14/file0.out'
pycompss.worker.piper.piper_worker worker_commons - Parameter : 4
pycompss.worker.piper.piper_worker worker_commons - 	 * Type : 9
pycompss.worker.piper.piper_worker worker_commons - 	 * Std IO Stream : 3
pycompss.worker.piper.piper_worker worker_commons - 	 * Prefix : null
pycompss.worker.piper.piper_worker worker_commons - 	 * Name : *args*_1
pycompss.worker.piper.piper_worker worker_commons - 	 * Value: '/tmp/COMPSsWorker01/d4b2505e-c32f-4539-a823-53f656484a5a/COMPSsWorker01/sandBox/job_14/file1.out:d8v2_1563977551164.IT:true:false:/tmp/COMPSsWorker01/d4b2505e-c32f-4539-a823-53f656484a5a/COMPSsWorker01/sandBox/job_14/file1.out'
pycompss.worker.piper.piper_worker worker_commons - Parameter : 5
pycompss.worker.piper.piper_worker worker_commons - 	 * Type : 9
pycompss.worker.piper.piper_worker worker_commons - 	 * Std IO Stream : 3
pycompss.worker.piper.piper_worker worker_commons - 	 * Prefix : null
pycompss.worker.piper.piper_worker worker_commons - 	 * Name : *args*_2
pycompss.worker.piper.piper_worker worker_commons - 	 * Value: '/tmp/COMPSsWorker01/d4b2505e-c32f-4539-a823-53f656484a5a/COMPSsWorker01/sandBox/job_14/file4.out:d18v2_1563977551164.IT:true:false:/tmp/COMPSsWorker01/d4b2505e-c32f-4539-a823-53f656484a5a/COMPSsWorker01/sandBox/job_14/file4.out'
pycompss.worker.piper.piper_worker worker_commons - Parameter : 6
pycompss.worker.piper.piper_worker worker_commons - 	 * Type : 9
pycompss.worker.piper.piper_worker worker_commons - 	 * Std IO Stream : 3
pycompss.worker.piper.piper_worker worker_commons - 	 * Prefix : null
pycompss.worker.piper.piper_worker worker_commons - 	 * Name : *args*_3
pycompss.worker.piper.piper_worker worker_commons - 	 * Value: '/tmp/COMPSsWorker01/d4b2505e-c32f-4539-a823-53f656484a5a/COMPSsWorker01/sandBox/job_14/file3.out:d20v2_1563977551164.IT:true:false:/tmp/COMPSsWorker01/d4b2505e-c32f-4539-a823-53f656484a5a/COMPSsWorker01/sandBox/job_14/file3.out'
pycompss.worker.piper.piper_worker worker_commons - Parameter : 7
pycompss.worker.piper.piper_worker worker_commons - 	 * Type : 9
pycompss.worker.piper.piper_worker worker_commons - 	 * Std IO Stream : 3
pycompss.worker.piper.piper_worker worker_commons - 	 * Prefix : null
pycompss.worker.piper.piper_worker worker_commons - 	 * Name : *args*_4
pycompss.worker.piper.piper_worker worker_commons - 	 * Value: '/tmp/COMPSsWorker01/d4b2505e-c32f-4539-a823-53f656484a5a/COMPSsWorker01/sandBox/job_14/file2.out:d22v2_1563977551164.IT:true:false:/tmp/COMPSsWorker01/d4b2505e-c32f-4539-a823-53f656484a5a/COMPSsWorker01/sandBox/job_14/file2.out'
pycompss.worker.piper.piper_worker worker_commons - RUN TASK with arguments:
pycompss.worker.piper.piper_worker worker_commons - 	- Path: simulation_streams
pycompss.worker.piper.piper_worker worker_commons - 	- Method/function name: merge_reduce
pycompss.worker.piper.piper_worker worker_commons - 	- Has target: false
pycompss.worker.piper.piper_worker worker_commons - 	- # parameters: 8
pycompss.worker.piper.piper_worker worker_commons - 	- Values:
pycompss.worker.piper.piper_worker worker_commons - 		 
Parameter output_gif
	Type 9
	File Name /tmp/COMPSsWorker01/d4b2505e-c32f-4539-a823-53f656484a5a/COMPSsWorker01/sandBox/job_14/output_gif_1:d24v2_1563977551164.IT:false:true:/tmp/COMPSsWorker01/d4b2505e-c32f-4539-a823-53f656484a5a/COMPSsWorker01/sandBox/job_14/output_gif_1
	Key None
	Content None
	Stream 3
	Prefix null
--------------------

pycompss.worker.piper.piper_worker worker_commons - 		 
Parameter base_sleep_time
	Type 4
	File Name None
	Key None
	Content 10000
	Stream 3
	Prefix null
--------------------

pycompss.worker.piper.piper_worker worker_commons - 		 
Parameter sleep_random_range
	Type 4
	File Name None
	Key None
	Content 1000
	Stream 3
	Prefix null
--------------------

pycompss.worker.piper.piper_worker worker_commons - 		 
Parameter *args*_0
	Type 9
	File Name /tmp/COMPSsWorker01/d4b2505e-c32f-4539-a823-53f656484a5a/COMPSsWorker01/sandBox/job_14/file0.out:d6v2_1563977551164.IT:true:false:/tmp/COMPSsWorker01/d4b2505e-c32f-4539-a823-53f656484a5a/COMPSsWorker01/sandBox/job_14/file0.out
	Key None
	Content None
	Stream 3
	Prefix null
--------------------

pycompss.worker.piper.piper_worker worker_commons - 		 
Parameter *args*_1
	Type 9
	File Name /tmp/COMPSsWorker01/d4b2505e-c32f-4539-a823-53f656484a5a/COMPSsWorker01/sandBox/job_14/file1.out:d8v2_1563977551164.IT:true:false:/tmp/COMPSsWorker01/d4b2505e-c32f-4539-a823-53f656484a5a/COMPSsWorker01/sandBox/job_14/file1.out
	Key None
	Content None
	Stream 3
	Prefix null
--------------------

pycompss.worker.piper.piper_worker worker_commons - 		 
Parameter *args*_2
	Type 9
	File Name /tmp/COMPSsWorker01/d4b2505e-c32f-4539-a823-53f656484a5a/COMPSsWorker01/sandBox/job_14/file4.out:d18v2_1563977551164.IT:true:false:/tmp/COMPSsWorker01/d4b2505e-c32f-4539-a823-53f656484a5a/COMPSsWorker01/sandBox/job_14/file4.out
	Key None
	Content None
	Stream 3
	Prefix null
--------------------

pycompss.worker.piper.piper_worker worker_commons - 		 
Parameter *args*_3
	Type 9
	File Name /tmp/COMPSsWorker01/d4b2505e-c32f-4539-a823-53f656484a5a/COMPSsWorker01/sandBox/job_14/file3.out:d20v2_1563977551164.IT:true:false:/tmp/COMPSsWorker01/d4b2505e-c32f-4539-a823-53f656484a5a/COMPSsWorker01/sandBox/job_14/file3.out
	Key None
	Content None
	Stream 3
	Prefix null
--------------------

pycompss.worker.piper.piper_worker worker_commons - 		 
Parameter *args*_4
	Type 9
	File Name /tmp/COMPSsWorker01/d4b2505e-c32f-4539-a823-53f656484a5a/COMPSsWorker01/sandBox/job_14/file2.out:d22v2_1563977551164.IT:true:false:/tmp/COMPSsWorker01/d4b2505e-c32f-4539-a823-53f656484a5a/COMPSsWorker01/sandBox/job_14/file2.out
	Key None
	Content None
	Stream 3
	Prefix null
--------------------

pycompss.worker.piper.piper_worker worker_commons - 	- COMPSs types:
pycompss.worker.piper.piper_worker worker_commons - 		 9
pycompss.worker.piper.piper_worker worker_commons - 		 4
pycompss.worker.piper.piper_worker worker_commons - 		 4
pycompss.worker.piper.piper_worker worker_commons - 		 9
pycompss.worker.piper.piper_worker worker_commons - 		 9
pycompss.worker.piper.piper_worker worker_commons - 		 9
pycompss.worker.piper.piper_worker worker_commons - 		 9
pycompss.worker.piper.piper_worker worker_commons - 		 9
pycompss.worker.piper.piper_worker worker_commons - Trying to import the user module: simulation_streams
pycompss.worker.piper.piper_worker worker_commons - Module successfully loaded (Python version >= 2.7)
pycompss.worker.piper.piper_worker worker_commons - Starting task execution
pycompss.worker.piper.piper_worker worker_commons - module     : <module 'simulation_streams' from '/home/cramonco/gitlab/projects/distro-stream-lib/examples/simulation-python/simulation_streams.pyc'> 
pycompss.worker.piper.piper_worker worker_commons - method_name: merge_reduce 
pycompss.worker.piper.piper_worker worker_commons - time_out   : 0 
pycompss.worker.piper.piper_worker worker_commons - Types      : [9, 4, 4, 9, 9, 9, 9, 9] 
pycompss.worker.piper.piper_worker worker_commons - Values     : [
Parameter output_gif
	Type 9
	File Name /tmp/COMPSsWorker01/d4b2505e-c32f-4539-a823-53f656484a5a/COMPSsWorker01/sandBox/job_14/output_gif_1:d24v2_1563977551164.IT:false:true:/tmp/COMPSsWorker01/d4b2505e-c32f-4539-a823-53f656484a5a/COMPSsWorker01/sandBox/job_14/output_gif_1
	Key None
	Content None
	Stream 3
	Prefix null
--------------------
, 
Parameter base_sleep_time
	Type 4
	File Name None
	Key None
	Content 10000
	Stream 3
	Prefix null
--------------------
, 
Parameter sleep_random_range
	Type 4
	File Name None
	Key None
	Content 1000
	Stream 3
	Prefix null
--------------------
, 
Parameter *args*_0
	Type 9
	File Name /tmp/COMPSsWorker01/d4b2505e-c32f-4539-a823-53f656484a5a/COMPSsWorker01/sandBox/job_14/file0.out:d6v2_1563977551164.IT:true:false:/tmp/COMPSsWorker01/d4b2505e-c32f-4539-a823-53f656484a5a/COMPSsWorker01/sandBox/job_14/file0.out
	Key None
	Content None
	Stream 3
	Prefix null
--------------------
, 
Parameter *args*_1
	Type 9
	File Name /tmp/COMPSsWorker01/d4b2505e-c32f-4539-a823-53f656484a5a/COMPSsWorker01/sandBox/job_14/file1.out:d8v2_1563977551164.IT:true:false:/tmp/COMPSsWorker01/d4b2505e-c32f-4539-a823-53f656484a5a/COMPSsWorker01/sandBox/job_14/file1.out
	Key None
	Content None
	Stream 3
	Prefix null
--------------------
, 
Parameter *args*_2
	Type 9
	File Name /tmp/COMPSsWorker01/d4b2505e-c32f-4539-a823-53f656484a5a/COMPSsWorker01/sandBox/job_14/file4.out:d18v2_1563977551164.IT:true:false:/tmp/COMPSsWorker01/d4b2505e-c32f-4539-a823-53f656484a5a/COMPSsWorker01/sandBox/job_14/file4.out
	Key None
	Content None
	Stream 3
	Prefix null
--------------------
, 
Parameter *args*_3
	Type 9
	File Name /tmp/COMPSsWorker01/d4b2505e-c32f-4539-a823-53f656484a5a/COMPSsWorker01/sandBox/job_14/file3.out:d20v2_1563977551164.IT:true:false:/tmp/COMPSsWorker01/d4b2505e-c32f-4539-a823-53f656484a5a/COMPSsWorker01/sandBox/job_14/file3.out
	Key None
	Content None
	Stream 3
	Prefix null
--------------------
, 
Parameter *args*_4
	Type 9
	File Name /tmp/COMPSsWorker01/d4b2505e-c32f-4539-a823-53f656484a5a/COMPSsWorker01/sandBox/job_14/file2.out:d22v2_1563977551164.IT:true:false:/tmp/COMPSsWorker01/d4b2505e-c32f-4539-a823-53f656484a5a/COMPSsWorker01/sandBox/job_14/file2.out
	Key None
	Content None
	Stream 3
	Prefix null
--------------------
] 
pycompss.worker.piper.piper_worker worker_commons - P. storage : False 
pycompss.worker.piper.piper_worker worker_commons - Storage cfg: null 
pycompss.worker.piper.piper_worker worker_commons - Exit code : 0 
pycompss.worker.piper.piper_worker worker_commons - Return Types : [9, 4, 4, 9, 9, 9, 9, 9] 
pycompss.worker.piper.piper_worker worker_commons - Return Values: ['null', 'null', 'null', 'null', 'null', 'null', 'null', 'null'] 
pycompss.worker.piper.piper_worker worker_commons - Return target_direction: Parameter(type=None, direction=2, stream=3, prefix=null
          object=None
          file_name=None
          is_future=False) 
pycompss.worker.piper.piper_worker worker_commons - Return timed_out: False 
pycompss.worker.piper.piper_worker worker_commons - Return exception_message:  
pycompss.worker.piper.piper_worker worker_commons - Finished task execution
pycompss.worker.piper.piper_worker worker_commons - End task execution. Status: Ok
[DEBUG] Generating /tmp/COMPSsWorker01/d4b2505e-c32f-4539-a823-53f656484a5a/COMPSsWorker01/sandBox/job_14/output_gif_1
   - Input file: /tmp/COMPSsWorker01/d4b2505e-c32f-4539-a823-53f656484a5a/COMPSsWorker01/sandBox/job_14/file0.out
   - Input file: /tmp/COMPSsWorker01/d4b2505e-c32f-4539-a823-53f656484a5a/COMPSsWorker01/sandBox/job_14/file1.out
   - Input file: /tmp/COMPSsWorker01/d4b2505e-c32f-4539-a823-53f656484a5a/COMPSsWorker01/sandBox/job_14/file4.out
   - Input file: /tmp/COMPSsWorker01/d4b2505e-c32f-4539-a823-53f656484a5a/COMPSsWorker01/sandBox/job_14/file3.out
   - Input file: /tmp/COMPSsWorker01/d4b2505e-c32f-4539-a823-53f656484a5a/COMPSsWorker01/sandBox/job_14/file2.out
pycompss.worker.piper.piper_worker pipe_executor - Process-1 - Pipe /tmp/COMPSsWorker01/d4b2505e-c32f-4539-a823-53f656484a5a/COMPSsWorker01/pipe_1030061022_compute1.inbound END TASK MESSAGE: END_TASK 14 0 8 9 null 4 null 4 null 9 null 9 null 9 null 9 null 9 null 

pycompss.worker.piper.piper_worker pipe_executor - Cleaning environment.
pycompss.worker.piper.piper_worker pipe_executor - Restoring loggers.
