[EXECUTOR] executeTask - Begin task execution
WORKER - Parameters of execution:
  * Method type: METHOD
  * Method definition: [DECLARING CLASS=sensors_streams, METHOD NAME=big_filter]
  * Parameter types: java.lang.String java.lang.String int int
  * Parameter values: /tmp/COMPSsWorker01/7e0d3247-25bd-4ed2-9f4d-f4cc77f54621/COMPSsWorker01/d1v1_1563974683515.IT /tmp/COMPSsWorker01/7e0d3247-25bd-4ed2-9f4d-f4cc77f54621/COMPSsWorker01/d2v1_1563974683515.IT 2000 200
  * Parameter streams: UNSPECIFIED UNSPECIFIED UNSPECIFIED UNSPECIFIED
  * Parameter prefixes: null null null null
  * Has Target: false
  * Has Return: true
[INVOKER] COMPSS_HOSTNAMES: COMPSsWorker01
[INVOKER] COMPSS_NUM_NODES: 1
[INVOKER] COMPSS_NUM_THREADS: 1
[EXECUTOR] executeTask - End task execution
utor - Received task in process: Process-0
pycompss.worker.piper.piper_worker pipe_executor -  - TASK CMD: ['EXECUTE_TASK', '2', '/tmp/COMPSsWorker01/7e0d3247-25bd-4ed2-9f4d-f4cc77f54621/COMPSsWorker01/jobs/job2_NEW.out', '/tmp/COMPSsWorker01/7e0d3247-25bd-4ed2-9f4d-f4cc77f54621/COMPSsWorker01/jobs/job2_NEW.err', '1', '2', 'true', 'null', 'METHOD', 'sensors_streams', 'big_filter', '0', '1', 'COMPSsWorker01', '1', 'false', 'null', '0', '4', '28', '3', 'null', 'fds_sensor', '/tmp/COMPSsWorker01/7e0d3247-25bd-4ed2-9f4d-f4cc77f54621/COMPSsWorker01/d1v1_1563974683515.IT', 'R', '28', '3', 'null', 'fds_filtered', '/tmp/COMPSsWorker01/7e0d3247-25bd-4ed2-9f4d-f4cc77f54621/COMPSsWorker01/d2v1_1563974683515.IT', 'W', '4', '3', 'null', 'base_sleep_time', '2000', '4', '3', 'null', 'sleep_random_range', '200']
pycompss.worker.piper.piper_worker pipe_executor - Process environment:
pycompss.worker.piper.piper_worker pipe_executor - 	 - Number of nodes: 1
pycompss.worker.piper.piper_worker pipe_executor - 	 - Hostnames: COMPSsWorker01
pycompss.worker.piper.piper_worker pipe_executor - 	 - Number of threads: 1
pycompss.worker.piper.piper_worker worker_commons - Begin task execution in Process-0
pycompss.worker.piper.piper_worker worker_commons - Storage conf: null
pycompss.worker.piper.piper_worker worker_commons - Params: ['sensors_streams', 'big_filter', '0', '1', 'COMPSsWorker01', '1', 'false', 'null', '0', '4', '28', '3', 'null', 'fds_sensor', '/tmp/COMPSsWorker01/7e0d3247-25bd-4ed2-9f4d-f4cc77f54621/COMPSsWorker01/d1v1_1563974683515.IT', 'R', '28', '3', 'null', 'fds_filtered', '/tmp/COMPSsWorker01/7e0d3247-25bd-4ed2-9f4d-f4cc77f54621/COMPSsWorker01/d2v1_1563974683515.IT', 'W', '4', '3', 'null', 'base_sleep_time', '2000', '4', '3', 'null', 'sleep_random_range', '200']
pycompss.worker.piper.piper_worker worker_commons - Path: sensors_streams
pycompss.worker.piper.piper_worker worker_commons - Method name: big_filter
pycompss.worker.piper.piper_worker worker_commons - Num slaves: 1
pycompss.worker.piper.piper_worker worker_commons - Slaves: ['1']
pycompss.worker.piper.piper_worker worker_commons - Cus: 1
pycompss.worker.piper.piper_worker worker_commons - Has target: false
pycompss.worker.piper.piper_worker worker_commons - Num Params: 4
pycompss.worker.piper.piper_worker worker_commons - Return Length: 0
pycompss.worker.piper.piper_worker worker_commons - Args: ['28', '3', 'null', 'fds_sensor', '/tmp/COMPSsWorker01/7e0d3247-25bd-4ed2-9f4d-f4cc77f54621/COMPSsWorker01/d1v1_1563974683515.IT', 'R', '28', '3', 'null', 'fds_filtered', '/tmp/COMPSsWorker01/7e0d3247-25bd-4ed2-9f4d-f4cc77f54621/COMPSsWorker01/d2v1_1563974683515.IT', 'W', '4', '3', 'null', 'base_sleep_time', '2000', '4', '3', 'null', 'sleep_random_range', '200']
pycompss.worker.piper.piper_worker worker_commons - Processing parameters:
pycompss.worker.piper.piper_worker worker_commons - Parameter : 0
pycompss.worker.piper.piper_worker worker_commons - 	 * Type : 28
pycompss.worker.piper.piper_worker worker_commons - 	 * Std IO Stream : 3
pycompss.worker.piper.piper_worker worker_commons - 	 * Prefix : null
pycompss.worker.piper.piper_worker worker_commons - 	 * Name : fds_sensor
pycompss.worker.piper.piper_worker worker_commons - 	 * Value: '/tmp/COMPSsWorker01/7e0d3247-25bd-4ed2-9f4d-f4cc77f54621/COMPSsWorker01/d1v1_1563974683515.IT'
pycompss.worker.piper.piper_worker worker_commons - Parameter : 1
pycompss.worker.piper.piper_worker worker_commons - 	 * Type : 28
pycompss.worker.piper.piper_worker worker_commons - 	 * Std IO Stream : 3
pycompss.worker.piper.piper_worker worker_commons - 	 * Prefix : null
pycompss.worker.piper.piper_worker worker_commons - 	 * Name : fds_filtered
pycompss.worker.piper.piper_worker worker_commons - 	 * Value: '/tmp/COMPSsWorker01/7e0d3247-25bd-4ed2-9f4d-f4cc77f54621/COMPSsWorker01/d2v1_1563974683515.IT'
pycompss.worker.piper.piper_worker worker_commons - Parameter : 2
pycompss.worker.piper.piper_worker worker_commons - 	 * Type : 4
pycompss.worker.piper.piper_worker worker_commons - 	 * Std IO Stream : 3
pycompss.worker.piper.piper_worker worker_commons - 	 * Prefix : null
pycompss.worker.piper.piper_worker worker_commons - 	 * Name : base_sleep_time
pycompss.worker.piper.piper_worker worker_commons - 	 * Value: '2000'
pycompss.worker.piper.piper_worker worker_commons - Parameter : 3
pycompss.worker.piper.piper_worker worker_commons - 	 * Type : 4
pycompss.worker.piper.piper_worker worker_commons - 	 * Std IO Stream : 3
pycompss.worker.piper.piper_worker worker_commons - 	 * Prefix : null
pycompss.worker.piper.piper_worker worker_commons - 	 * Name : sleep_random_range
pycompss.worker.piper.piper_worker worker_commons - 	 * Value: '200'
pycompss.worker.piper.piper_worker worker_commons - RUN TASK with arguments:
pycompss.worker.piper.piper_worker worker_commons - 	- Path: sensors_streams
pycompss.worker.piper.piper_worker worker_commons - 	- Method/function name: big_filter
pycompss.worker.piper.piper_worker worker_commons - 	- Has target: false
pycompss.worker.piper.piper_worker worker_commons - 	- # parameters: 4
pycompss.worker.piper.piper_worker worker_commons - 	- Values:
pycompss.worker.piper.piper_worker worker_commons - 		 
Parameter fds_sensor
	Type 28
	File Name /tmp/COMPSsWorker01/7e0d3247-25bd-4ed2-9f4d-f4cc77f54621/COMPSsWorker01/d1v1_1563974683515.IT
	Key None
	Content None
	Stream 3
	Prefix null
--------------------

pycompss.worker.piper.piper_worker worker_commons - 		 
Parameter fds_filtered
	Type 28
	File Name /tmp/COMPSsWorker01/7e0d3247-25bd-4ed2-9f4d-f4cc77f54621/COMPSsWorker01/d2v1_1563974683515.IT
	Key None
	Content None
	Stream 3
	Prefix null
--------------------

pycompss.worker.piper.piper_worker worker_commons - 		 
Parameter base_sleep_time
	Type 4
	File Name None
	Key None
	Content 2000
	Stream 3
	Prefix null
--------------------

pycompss.worker.piper.piper_worker worker_commons - 		 
Parameter sleep_random_range
	Type 4
	File Name None
	Key None
	Content 200
	Stream 3
	Prefix null
--------------------

pycompss.worker.piper.piper_worker worker_commons - 	- COMPSs types:
pycompss.worker.piper.piper_worker worker_commons - 		 28
pycompss.worker.piper.piper_worker worker_commons - 		 28
pycompss.worker.piper.piper_worker worker_commons - 		 4
pycompss.worker.piper.piper_worker worker_commons - 		 4
pycompss.worker.piper.piper_worker worker_commons - Trying to import the user module: sensors_streams
pycompss.worker.piper.piper_worker worker_commons - Module successfully loaded (Python version >= 2.7)
pycompss.worker.piper.piper_worker worker_commons - Starting task execution
pycompss.worker.piper.piper_worker worker_commons - module     : <module 'sensors_streams' from '/home/cramonco/gitlab/projects/distro-stream-lib/examples/sensors-python/sensors_streams.pyc'> 
pycompss.worker.piper.piper_worker worker_commons - method_name: big_filter 
pycompss.worker.piper.piper_worker worker_commons - time_out   : 0 
pycompss.worker.piper.piper_worker worker_commons - Types      : [28, 28, 4, 4] 
pycompss.worker.piper.piper_worker worker_commons - Values     : [
Parameter fds_sensor
	Type 28
	File Name /tmp/COMPSsWorker01/7e0d3247-25bd-4ed2-9f4d-f4cc77f54621/COMPSsWorker01/d1v1_1563974683515.IT
	Key None
	Content None
	Stream 3
	Prefix null
--------------------
, 
Parameter fds_filtered
	Type 28
	File Name /tmp/COMPSsWorker01/7e0d3247-25bd-4ed2-9f4d-f4cc77f54621/COMPSsWorker01/d2v1_1563974683515.IT
	Key None
	Content None
	Stream 3
	Prefix null
--------------------
, 
Parameter base_sleep_time
	Type 4
	File Name None
	Key None
	Content 2000
	Stream 3
	Prefix null
--------------------
, 
Parameter sleep_random_range
	Type 4
	File Name None
	Key None
	Content 200
	Stream 3
	Prefix null
--------------------
] 
pycompss.worker.piper.piper_worker worker_commons - P. storage : False 
pycompss.worker.piper.piper_worker worker_commons - Storage cfg: null 
[DEBUG] Starting big_filter
[DEBUG] Polling new files
[DEBUG] Polling new files
[DEBUG] Processing file /home/cramonco/gitlab/projects/distro-stream-lib/examples/sensors-python/run_scripts/exec/sensor/file14
['File generated at 2019-07-24 15:24:58.216513\n']
[DEBUG] Generating filtered file /home/cramonco/gitlab/projects/distro-stream-lib/examples/sensors-python/run_scripts/exec//filter//filtered_file_file14
[DEBUG] Processing file /home/cramonco/gitlab/projects/distro-stream-lib/examples/sensors-python/run_scripts/exec/sensor/file44
['File generated at 2019-07-24 15:24:58.222314\n']
[DEBUG] Generating filtered file /home/cramonco/gitlab/projects/distro-stream-lib/examples/sensors-python/run_scripts/exec//filter//filtered_file_file44
[DEBUG] Processing file /home/cramonco/gitlab/projects/distro-stream-lib/examples/sensors-python/run_scripts/exec/sensor/file18
['File generated at 2019-07-24 15:24:58.217306\n']
[DEBUG] Generating filtered file /home/cramonco/gitlab/projects/distro-stream-lib/examples/sensors-python/run_scripts/exec//filter//filtered_file_file18
[DEBUG] Processing file /home/cramonco/gitlab/projects/distro-stream-lib/examples/sensors-python/run_scripts/exec/sensor/file11
['File generated at 2019-07-24 15:24:58.215970\n']
[DEBUG] Generating filtered file /home/cramonco/gitlab/projects/distro-stream-lib/examples/sensors-python/run_scripts/exec//filter//filtered_file_file11
[DEBUG] Processing file /home/cramonco/gitlab/projects/distro-stream-lib/examples/sensors-python/run_scripts/exec/sensor/file43
['File generated at 2019-07-24 15:24:58.222088\n']
[DEBUG] Generating filtered file /home/cramonco/gitlab/projects/distro-stream-lib/examples/sensors-python/run_scripts/exec//filter//filtered_file_file43
[DEBUG] Processing file /home/cramonco/gitlab/projects/distro-stream-lib/examples/sensors-python/run_scripts/exec/sensor/file46
['File generated at 2019-07-24 15:24:58.222675\n']
[DEBUG] Generating filtered file /home/cramonco/gitlab/projects/distro-stream-lib/examples/sensors-python/run_scripts/exec//filter//filtered_file_file46
[DEBUG] Processing file /home/cramonco/gitlab/projects/distro-stream-lib/examples/sensors-python/run_scripts/exec/sensor/file49
['File generated at 2019-07-24 15:24:58.223233\n']
[DEBUG] Generating filtered file /home/cramonco/gitlab/projects/distro-stream-lib/examples/sensors-python/run_scripts/exec//filter//filtered_file_file49
[DEBUG] Processing file /home/cramonco/gitlab/projects/distro-stream-lib/examples/sensors-python/run_scripts/exec/sensor/file9
['File generated at 2019-07-24 15:24:58.215517\n']
[DEBUG] Generating filtered file /home/cramonco/gitlab/projects/distro-stream-lib/examples/sensors-python/run_scripts/exec//filter//filtered_file_file9
[DEBUG] Processing file /home/cramonco/gitlab/projects/distro-stream-lib/examples/sensors-python/run_scripts/exec/sensor/file31
['File generated at 2019-07-24 15:24:58.219840\n']
[DEBUG] Generating filtered file /home/cramonco/gitlab/projects/distro-stream-lib/examples/sensors-python/run_scripts/exec//filter//filtered_file_file31
[DEBUG] Processing file /home/cramonco/gitlab/projects/distro-stream-lib/examples/sensors-python/run_scripts/exec/sensor/file47
['File generated at 2019-07-24 15:24:58.222843\n']
[DEBUG] Generating filtered file /home/cramonco/gitlab/projects/distro-stream-lib/examples/sensors-python/run_scripts/exec//filter//filtered_file_file47
[DEBUG] Processing file /home/cramonco/gitlab/projects/distro-stream-lib/examples/sensors-python/run_scripts/exec/sensor/file23
['File generated at 2019-07-24 15:24:58.218200\n']
[DEBUG] Generating filtered file /home/cramonco/gitlab/projects/distro-stream-lib/examples/sensors-python/run_scripts/exec//filter//filtered_file_file23
[DEBUG] Processing file /home/cramonco/gitlab/projects/distro-stream-lib/examples/sensors-python/run_scripts/exec/sensor/file28
['File generated at 2019-07-24 15:24:58.219209\n']
[DEBUG] Generating filtered file /home/cramonco/gitlab/projects/distro-stream-lib/examples/sensors-python/run_scripts/exec//filter//filtered_file_file28
[DEBUG] Processing file /home/cramonco/gitlab/projects/distro-stream-lib/examples/sensors-python/run_scripts/exec/sensor/file10
['File generated at 2019-07-24 15:24:58.215778\n']
[DEBUG] Generating filtered file /home/cramonco/gitlab/projects/distro-stream-lib/examples/sensors-python/run_scripts/exec//filter//filtered_file_file10
[DEBUG] Processing file /home/cramonco/gitlab/projects/distro-stream-lib/examples/sensors-python/run_scripts/exec/sensor/file17
['File generated at 2019-07-24 15:24:58.217124\n']
[DEBUG] Generating filtered file /home/cramonco/gitlab/projects/distro-stream-lib/examples/sensors-python/run_scripts/exec//filter//filtered_file_file17
[DEBUG] Processing file /home/cramonco/gitlab/projects/distro-stream-lib/examples/sensors-python/run_scripts/exec/sensor/file41
['File generated at 2019-07-24 15:24:58.221651\n']
[DEBUG] Generating filtered file /home/cramonco/gitlab/projects/distro-stream-lib/examples/sensors-python/run_scripts/exec//filter//filtered_file_file41
[DEBUG] Processing file /home/cramonco/gitlab/projects/distro-stream-lib/examples/sensors-python/run_scripts/exec/sensor/file25
['File generated at 2019-07-24 15:24:58.218639\n']
[DEBUG] Generating filtered file /home/cramonco/gitlab/projects/distro-stream-lib/examples/sensors-python/run_scripts/exec//filter//filtered_file_file25
[DEBUG] Processing file /home/cramonco/gitlab/projects/distro-stream-lib/examples/sensors-python/run_scripts/exec/sensor/file37
['File generated at 2019-07-24 15:24:58.220964\n']
[DEBUG] Generating filtered file /home/cramonco/gitlab/projects/distro-stream-lib/examples/sensors-python/run_scripts/exec//filter//filtered_file_file37
[DEBUG] Processing file /home/cramonco/gitlab/projects/distro-stream-lib/examples/sensors-python/run_scripts/exec/sensor/file39
['File generated at 2019-07-24 15:24:58.221315\n']
[DEBUG] Generating filtered file /home/cramonco/gitlab/projects/distro-stream-lib/examples/sensors-python/run_scripts/exec//filter//filtered_file_file39
[DEBUG] Processing file /home/cramonco/gitlab/projects/distro-stream-lib/examples/sensors-python/run_scripts/exec/sensor/file32
['File generated at 2019-07-24 15:24:58.220009\n']
[DEBUG] Generating filtered file /home/cramonco/gitlab/projects/distro-stream-lib/examples/sensors-python/run_scripts/exec//filter//filtered_file_file32
[DEBUG] Processing file /home/cramonco/gitlab/projects/distro-stream-lib/examples/sensors-python/run_scripts/exec/sensor/file15
['File generated at 2019-07-24 15:24:58.216687\n']
[DEBUG] Generating filtered file /home/cramonco/gitlab/projects/distro-stream-lib/examples/sensors-python/run_scripts/exec//filter//filtered_file_file15
[DEBUG] Processing file /home/cramonco/gitlab/projects/distro-stream-lib/examples/sensors-python/run_scripts/exec/sensor/file22
['File generated at 2019-07-24 15:24:58.217979\n']
[DEBUG] Generating filtered file /home/cramonco/gitlab/projects/distro-stream-lib/examples/sensors-python/run_scripts/exec//filter//filtered_file_file22
[DEBUG] Processing file /home/cramonco/gitlab/projects/distro-stream-lib/examples/sensors-python/run_scripts/exec/sensor/file7
['File generated at 2019-07-24 15:24:58.215178\n']
[DEBUG] Generating filtered file /home/cramonco/gitlab/projects/distro-stream-lib/examples/sensors-python/run_scripts/exec//filter//filtered_file_file7
[DEBUG] Processing file /home/cramonco/gitlab/projects/distro-stream-lib/examples/sensors-python/run_scripts/exec/sensor/file19
['File generated at 2019-07-24 15:24:58.217473\n']
[DEBUG] Generating filtered file /home/cramonco/gitlab/projects/distro-stream-lib/examples/sensors-python/run_scripts/exec//filter//filtered_file_file19
[DEBUG] Processing file /home/cramonco/gitlab/projects/distro-stream-lib/examples/sensors-python/run_scripts/exec/sensor/file24
['File generated at 2019-07-24 15:24:58.218461\n']
[DEBUG] Generating filtered file /home/cramonco/gitlab/projects/distro-stream-lib/examples/sensors-python/run_scripts/exec//filter//filtered_file_file24
[DEBUG] Processing file /home/cramonco/gitlab/projects/distro-stream-lib/examples/sensors-python/run_scripts/exec/sensor/file30
['File generated at 2019-07-24 15:24:58.219661\n']
[DEBUG] Generating filtered file /home/cramonco/gitlab/projects/distro-stream-lib/examples/sensors-python/run_scripts/exec//filter//filtered_file_file30
[DEBUG] Processing file /home/cramonco/gitlab/projects/distro-stream-lib/examples/sensors-python/run_scripts/exec/sensor/file34
['File generated at 2019-07-24 15:24:58.220350\n']
[DEBUG] Generating filtered file /home/cramonco/gitlab/projects/distro-stream-lib/examples/sensors-python/run_scripts/exec//filter//filtered_file_file34
[DEBUG] Processing file /home/cramonco/gitlab/projects/distro-stream-lib/examples/sensors-python/run_scripts/exec/sensor/file4
['File generated at 2019-07-24 15:24:58.214659\n']
[DEBUG] Generating filtered file /home/cramonco/gitlab/projects/distro-stream-lib/examples/sensors-python/run_scripts/exec//filter//filtered_file_file4
[DEBUG] Processing file /home/cramonco/gitlab/projects/distro-stream-lib/examples/sensors-python/run_scripts/exec/sensor/file33
['File generated at 2019-07-24 15:24:58.220182\n']
[DEBUG] Generating filtered file /home/cramonco/gitlab/projects/distro-stream-lib/examples/sensors-python/run_scripts/exec//filter//filtered_file_file33
[DEBUG] Processing file /home/cramonco/gitlab/projects/distro-stream-lib/examples/sensors-python/run_scripts/exec/sensor/file29
['File generated at 2019-07-24 15:24:58.219406\n']
[DEBUG] Generating filtered file /home/cramonco/gitlab/projects/distro-stream-lib/examples/sensors-python/run_scripts/exec//filter//filtered_file_file29
[DEBUG] Processing file /home/cramonco/gitlab/projects/distro-stream-lib/examples/sensors-python/run_scripts/exec/sensor/file3
['File generated at 2019-07-24 15:24:58.214418\n']
[DEBUG] Generating filtered file /home/cramonco/gitlab/projects/distro-stream-lib/examples/sensors-python/run_scripts/exec//filter//filtered_file_file3
[DEBUG] Processing file /home/cramonco/gitlab/projects/distro-stream-lib/examples/sensors-python/run_scripts/exec/sensor/file0
['File generated at 2019-07-24 15:24:58.213016\n']
[DEBUG] Generating filtered file /home/cramonco/gitlab/projects/distro-stream-lib/examples/sensors-python/run_scripts/exec//filter//filtered_file_file0
[DEBUG] Processing file /home/cramonco/gitlab/projects/distro-stream-lib/examples/sensors-python/run_scripts/exec/sensor/file13
['File generated at 2019-07-24 15:24:58.216331\n']
[DEBUG] Generating filtered file /home/cramonco/gitlab/projects/distro-stream-lib/examples/sensors-python/run_scripts/exec//filter//filtered_file_file13
[DEBUG] Processing file /home/cramonco/gitlab/projects/distro-stream-lib/examples/sensors-python/run_scripts/exec/sensor/file21
['File generated at 2019-07-24 15:24:58.217811\n']
[DEBUG] Generating filtered file /home/cramonco/gitlab/projects/distro-stream-lib/examples/sensors-python/run_scripts/exec//filter//filtered_file_file21
[DEBUG] Processing file /home/cramonco/gitlab/projects/distro-stream-lib/examples/sensors-python/run_scripts/exec/sensor/file35
['File generated at 2019-07-24 15:24:58.220517\n']
[DEBUG] Generating filtered file /home/cramonco/gitlab/projects/distro-stream-lib/examples/sensors-python/run_scripts/exec//filter//filtered_file_file35
[DEBUG] Processing file /home/cramonco/gitlab/projects/distro-stream-lib/examples/sensors-python/run_scripts/exec/sensor/file40
['File generated at 2019-07-24 15:24:58.221483\n']
[DEBUG] Generating filtered file /home/cramonco/gitlab/projects/distro-stream-lib/examples/sensors-python/run_scripts/exec//filter//filtered_file_file40
[DEBUG] Processing file /home/cramonco/gitlab/projects/distro-stream-lib/examples/sensors-python/run_scripts/exec/sensor/file5
['File generated at 2019-07-24 15:24:58.214835\n']
[DEBUG] Generating filtered file /home/cramonco/gitlab/projects/distro-stream-lib/examples/sensors-python/run_scripts/exec//filter//filtered_file_file5
[DEBUG] Processing file /home/cramonco/gitlab/projects/distro-stream-lib/examples/sensors-python/run_scripts/exec/sensor/file48
['File generated at 2019-07-24 15:24:58.223017\n']
[DEBUG] Generating filtered file /home/cramonco/gitlab/projects/distro-stream-lib/examples/sensors-python/run_scripts/exec//filter//filtered_file_file48
[DEBUG] Processing file /home/cramonco/gitlab/projects/distro-stream-lib/examples/sensors-python/run_scripts/exec/sensor/file45
['File generated at 2019-07-24 15:24:58.222506\n']
[DEBUG] Generating filtered file /home/cramonco/gitlab/projects/distro-stream-lib/examples/sensors-python/run_scripts/exec//filter//filtered_file_file45
[DEBUG] Processing file /home/cramonco/gitlab/projects/distro-stream-lib/examples/sensors-python/run_scripts/exec/sensor/file20
['File generated at 2019-07-24 15:24:58.217639\n']
[DEBUG] Generating filtered file /home/cramonco/gitlab/projects/distro-stream-lib/examples/sensors-python/run_scripts/exec//filter//filtered_file_file20
[DEBUG] Processing file /home/cramonco/gitlab/projects/distro-stream-lib/examples/sensors-python/run_scripts/exec/sensor/file38
['File generated at 2019-07-24 15:24:58.221135\n']
[DEBUG] Generating filtered file /home/cramonco/gitlab/projects/distro-stream-lib/examples/sensors-python/run_scripts/exec//filter//filtered_file_file38
[DEBUG] Processing file /home/cramonco/gitlab/projects/distro-stream-lib/examples/sensors-python/run_scripts/exec/sensor/file1
['File generated at 2019-07-24 15:24:58.213785\n']
[DEBUG] Generating filtered file /home/cramonco/gitlab/projects/distro-stream-lib/examples/sensors-python/run_scripts/exec//filter//filtered_file_file1
[DEBUG] Processing file /home/cramonco/gitlab/projects/distro-stream-lib/examples/sensors-python/run_scripts/exec/sensor/file12
['File generated at 2019-07-24 15:24:58.216161\n']
[DEBUG] Generating filtered file /home/cramonco/gitlab/projects/distro-stream-lib/examples/sensors-python/run_scripts/exec//filter//filtered_file_file12
[DEBUG] Processing file /home/cramonco/gitlab/projects/distro-stream-lib/examples/sensors-python/run_scripts/exec/sensor/file2
['File generated at 2019-07-24 15:24:58.214097\n']
[DEBUG] Generating filtered file /home/cramonco/gitlab/projects/distro-stream-lib/examples/sensors-python/run_scripts/exec//filter//filtered_file_file2
[DEBUG] Processing file /home/cramonco/gitlab/projects/distro-stream-lib/examples/sensors-python/run_scripts/exec/sensor/file27
['File generated at 2019-07-24 15:24:58.219037\n']
[DEBUG] Generating filtered file /home/cramonco/gitlab/projects/distro-stream-lib/examples/sensors-python/run_scripts/exec//filter//filtered_file_file27
[DEBUG] Processing file /home/cramonco/gitlab/projects/distro-stream-lib/examples/sensors-python/run_scripts/exec/sensor/file26
['File generated at 2019-07-24 15:24:58.218862\n']
[DEBUG] Generating filtered file /home/cramonco/gitlab/projects/distro-stream-lib/examples/sensors-python/run_scripts/exec//filter//filtered_file_file26
[DEBUG] Processing file /home/cramonco/gitlab/projects/distro-stream-lib/examples/sensors-python/run_scripts/exec/sensor/file36
['File generated at 2019-07-24 15:24:58.220744\n']
[DEBUG] Generating filtered file /home/cramonco/gitlab/projects/distro-stream-lib/examples/sensors-python/run_scripts/exec//filter//filtered_file_file36
[DEBUG] Processing file /home/cramonco/gitlab/projects/distro-stream-lib/examples/sensors-python/run_scripts/exec/sensor/file6
['File generated at 2019-07-24 15:24:58.215009\n']
[DEBUG] Generating filtered file /home/cramonco/gitlab/projects/distro-stream-lib/examples/sensors-python/run_scripts/exec//filter//filtered_file_file6
[DEBUG] Processing file /home/cramonco/gitlab/projects/distro-stream-lib/examples/sensors-python/run_scripts/exec/sensor/file16
['File generated at 2019-07-24 15:24:58.216882\n']
[DEBUG] Generating filtered file /home/cramonco/gitlab/projects/distro-stream-lib/examples/sensors-python/run_scripts/exec//filter//filtered_file_file16
[DEBUG] Processing file /home/cramonco/gitlab/projects/distro-stream-lib/examples/sensors-python/run_scripts/exec/sensor/file8
['File generated at 2019-07-24 15:24:58.215345\n']
[DEBUG] Generating filtered file /home/cramonco/gitlab/projects/distro-stream-lib/examples/sensors-python/run_scripts/exec//filter//filtered_file_file8
[DEBUG] Processing file /home/cramonco/gitlab/projects/dpycompss.worker.piper.piper_worker worker_commons - Exit code : 0 
pycompss.worker.piper.piper_worker worker_commons - Return Types : [28, 28, 4, 4] 
pycompss.worker.piper.piper_worker worker_commons - Return Values: ['null', 'null', 'null', 'null'] 
pycompss.worker.piper.piper_worker worker_commons - Return target_direction: Parameter(type=None, direction=2, stream=3, prefix=null
          object=None
          file_name=None
          is_future=False) 
pycompss.worker.piper.piper_worker worker_commons - Return timed_out: False 
pycompss.worker.piper.piper_worker worker_commons - Return exception_message:  
pycompss.worker.piper.piper_worker worker_commons - Finished task execution
pycompss.worker.piper.piper_worker worker_commons - End task execution. Status: Ok
istro-stream-lib/examples/sensors-python/run_scripts/exec/sensor/file42
['File generated at 2019-07-24 15:24:58.221825\n']
[DEBUG] Generating filtered file /home/cramonco/gitlab/projects/distro-stream-lib/examples/sensors-python/run_scripts/exec//filter//filtered_file_file42
[DEBUG] Polling new files
[DEBUG] Notifying stream closure
[DEBUG] Stopping big_filter
pycompss.worker.piper.piper_worker pipe_executor - Process-0 - Pipe /tmp/COMPSsWorker01/7e0d3247-25bd-4ed2-9f4d-f4cc77f54621/COMPSsWorker01/pipe_-62428917_compute0.inbound END TASK MESSAGE: END_TASK 2 0 4 28 null 28 null 4 null 4 null 

pycompss.worker.piper.piper_worker pipe_executor - Cleaning environment.
pycompss.worker.piper.piper_worker pipe_executor - Restoring loggers.
