[EXECUTOR] executeTask - Begin task execution
WORKER - Parameters of execution:
  * Method type: METHOD
  * Method definition: [DECLARING CLASS=sensors_streams, METHOD NAME=big_filter]
  * Parameter types: java.lang.String java.lang.String int int
  * Parameter values: /tmp/COMPSsWorker01/7e0d3247-25bd-4ed2-9f4d-f4cc77f54621/COMPSsWorker01/d1v1_1563974683515.IT /tmp/COMPSsWorker01/7e0d3247-25bd-4ed2-9f4d-f4cc77f54621/COMPSsWorker01/d2v1_1563974683515.IT 2000 200
  * Parameter streams: UNSPECIFIED UNSPECIFIED UNSPECIFIED UNSPECIFIED
  * Parameter prefixes: null null null null
  * Has Target: false
  * Has Return: true
[INVOKER] COMPSS_HOSTNAMES: COMPSsWorker01
[INVOKER] COMPSS_NUM_NODES: 1
[INVOKER] COMPSS_NUM_THREADS: 1
[EXECUTOR] executeTask - End task execution
utor - Received task in process: Process-4
pycompss.worker.piper.piper_worker pipe_executor -  - TASK CMD: ['EXECUTE_TASK', '5', '/tmp/COMPSsWorker01/7e0d3247-25bd-4ed2-9f4d-f4cc77f54621/COMPSsWorker01/jobs/job5_NEW.out', '/tmp/COMPSsWorker01/7e0d3247-25bd-4ed2-9f4d-f4cc77f54621/COMPSsWorker01/jobs/job5_NEW.err', '1', '5', 'true', 'null', 'METHOD', 'sensors_streams', 'big_filter', '0', '1', 'COMPSsWorker01', '1', 'false', 'null', '0', '4', '28', '3', 'null', 'fds_sensor', '/tmp/COMPSsWorker01/7e0d3247-25bd-4ed2-9f4d-f4cc77f54621/COMPSsWorker01/d1v1_1563974683515.IT', 'R', '28', '3', 'null', 'fds_filtered', '/tmp/COMPSsWorker01/7e0d3247-25bd-4ed2-9f4d-f4cc77f54621/COMPSsWorker01/d2v1_1563974683515.IT', 'W', '4', '3', 'null', 'base_sleep_time', '2000', '4', '3', 'null', 'sleep_random_range', '200']
pycompss.worker.piper.piper_worker pipe_executor - Process environment:
pycompss.worker.piper.piper_worker pipe_executor - 	 - Number of nodes: 1
pycompss.worker.piper.piper_worker pipe_executor - 	 - Hostnames: COMPSsWorker01
pycompss.worker.piper.piper_worker pipe_executor - 	 - Number of threads: 1
pycompss.worker.piper.piper_worker worker_commons - Begin task execution in Process-4
pycompss.worker.piper.piper_worker worker_commons - Storage conf: null
pycompss.worker.piper.piper_worker worker_commons - Params: ['sensors_streams', 'big_filter', '0', '1', 'COMPSsWorker01', '1', 'false', 'null', '0', '4', '28', '3', 'null', 'fds_sensor', '/tmp/COMPSsWorker01/7e0d3247-25bd-4ed2-9f4d-f4cc77f54621/COMPSsWorker01/d1v1_1563974683515.IT', 'R', '28', '3', 'null', 'fds_filtered', '/tmp/COMPSsWorker01/7e0d3247-25bd-4ed2-9f4d-f4cc77f54621/COMPSsWorker01/d2v1_1563974683515.IT', 'W', '4', '3', 'null', 'base_sleep_time', '2000', '4', '3', 'null', 'sleep_random_range', '200']
pycompss.worker.piper.piper_worker worker_commons - Path: sensors_streams
pycompss.worker.piper.piper_worker worker_commons - Method name: big_filter
pycompss.worker.piper.piper_worker worker_commons - Num slaves: 1
pycompss.worker.piper.piper_worker worker_commons - Slaves: ['1']
pycompss.worker.piper.piper_worker worker_commons - Cus: 1
pycompss.worker.piper.piper_worker worker_commons - Has target: false
pycompss.worker.piper.piper_worker worker_commons - Num Params: 4
pycompss.worker.piper.piper_worker worker_commons - Return Length: 0
pycompss.worker.piper.piper_worker worker_commons - Args: ['28', '3', 'null', 'fds_sensor', '/tmp/COMPSsWorker01/7e0d3247-25bd-4ed2-9f4d-f4cc77f54621/COMPSsWorker01/d1v1_1563974683515.IT', 'R', '28', '3', 'null', 'fds_filtered', '/tmp/COMPSsWorker01/7e0d3247-25bd-4ed2-9f4d-f4cc77f54621/COMPSsWorker01/d2v1_1563974683515.IT', 'W', '4', '3', 'null', 'base_sleep_time', '2000', '4', '3', 'null', 'sleep_random_range', '200']
pycompss.worker.piper.piper_worker worker_commons - Processing parameters:
pycompss.worker.piper.piper_worker worker_commons - Parameter : 0
pycompss.worker.piper.piper_worker worker_commons - 	 * Type : 28
pycompss.worker.piper.piper_worker worker_commons - 	 * Std IO Stream : 3
pycompss.worker.piper.piper_worker worker_commons - 	 * Prefix : null
pycompss.worker.piper.piper_worker worker_commons - 	 * Name : fds_sensor
pycompss.worker.piper.piper_worker worker_commons - 	 * Value: '/tmp/COMPSsWorker01/7e0d3247-25bd-4ed2-9f4d-f4cc77f54621/COMPSsWorker01/d1v1_1563974683515.IT'
pycompss.worker.piper.piper_worker worker_commons - Parameter : 1
pycompss.worker.piper.piper_worker worker_commons - 	 * Type : 28
pycompss.worker.piper.piper_worker worker_commons - 	 * Std IO Stream : 3
pycompss.worker.piper.piper_worker worker_commons - 	 * Prefix : null
pycompss.worker.piper.piper_worker worker_commons - 	 * Name : fds_filtered
pycompss.worker.piper.piper_worker worker_commons - 	 * Value: '/tmp/COMPSsWorker01/7e0d3247-25bd-4ed2-9f4d-f4cc77f54621/COMPSsWorker01/d2v1_1563974683515.IT'
pycompss.worker.piper.piper_worker worker_commons - Parameter : 2
pycompss.worker.piper.piper_worker worker_commons - 	 * Type : 4
pycompss.worker.piper.piper_worker worker_commons - 	 * Std IO Stream : 3
pycompss.worker.piper.piper_worker worker_commons - 	 * Prefix : null
pycompss.worker.piper.piper_worker worker_commons - 	 * Name : base_sleep_time
pycompss.worker.piper.piper_worker worker_commons - 	 * Value: '2000'
pycompss.worker.piper.piper_worker worker_commons - Parameter : 3
pycompss.worker.piper.piper_worker worker_commons - 	 * Type : 4
pycompss.worker.piper.piper_worker worker_commons - 	 * Std IO Stream : 3
pycompss.worker.piper.piper_worker worker_commons - 	 * Prefix : null
pycompss.worker.piper.piper_worker worker_commons - 	 * Name : sleep_random_range
pycompss.worker.piper.piper_worker worker_commons - 	 * Value: '200'
pycompss.worker.piper.piper_worker worker_commons - RUN TASK with arguments:
pycompss.worker.piper.piper_worker worker_commons - 	- Path: sensors_streams
pycompss.worker.piper.piper_worker worker_commons - 	- Method/function name: big_filter
pycompss.worker.piper.piper_worker worker_commons - 	- Has target: false
pycompss.worker.piper.piper_worker worker_commons - 	- # parameters: 4
pycompss.worker.piper.piper_worker worker_commons - 	- Values:
pycompss.worker.piper.piper_worker worker_commons - 		 
Parameter fds_sensor
	Type 28
	File Name /tmp/COMPSsWorker01/7e0d3247-25bd-4ed2-9f4d-f4cc77f54621/COMPSsWorker01/d1v1_1563974683515.IT
	Key None
	Content None
	Stream 3
	Prefix null
--------------------

pycompss.worker.piper.piper_worker worker_commons - 		 
Parameter fds_filtered
	Type 28
	File Name /tmp/COMPSsWorker01/7e0d3247-25bd-4ed2-9f4d-f4cc77f54621/COMPSsWorker01/d2v1_1563974683515.IT
	Key None
	Content None
	Stream 3
	Prefix null
--------------------

pycompss.worker.piper.piper_worker worker_commons - 		 
Parameter base_sleep_time
	Type 4
	File Name None
	Key None
	Content 2000
	Stream 3
	Prefix null
--------------------

pycompss.worker.piper.piper_worker worker_commons - 		 
Parameter sleep_random_range
	Type 4
	File Name None
	Key None
	Content 200
	Stream 3
	Prefix null
--------------------

pycompss.worker.piper.piper_worker worker_commons - 	- COMPSs types:
pycompss.worker.piper.piper_worker worker_commons - 		 28
pycompss.worker.piper.piper_worker worker_commons - 		 28
pycompss.worker.piper.piper_worker worker_commons - 		 4
pycompss.worker.piper.piper_worker worker_commons - 		 4
pycompss.worker.piper.piper_worker worker_commons - Trying to import the user module: sensors_streams
pycompss.worker.piper.piper_worker worker_commons - Module successfully loaded (Python version >= 2.7)
pycompss.worker.piper.piper_worker worker_commons - Starting task execution
pycompss.worker.piper.piper_worker worker_commons - module     : <module 'sensors_streams' from '/home/cramonco/gitlab/projects/distro-stream-lib/examples/sensors-python/sensors_streams.pyc'> 
pycompss.worker.piper.piper_worker worker_commons - method_name: big_filter 
pycompss.worker.piper.piper_worker worker_commons - time_out   : 0 
pycompss.worker.piper.piper_worker worker_commons - Types      : [28, 28, 4, 4] 
pycompss.worker.piper.piper_worker worker_commons - Values     : [
Parameter fds_sensor
	Type 28
	File Name /tmp/COMPSsWorker01/7e0d3247-25bd-4ed2-9f4d-f4cc77f54621/COMPSsWorker01/d1v1_1563974683515.IT
	Key None
	Content None
	Stream 3
	Prefix null
--------------------
, 
Parameter fds_filtered
	Type 28
	File Name /tmp/COMPSsWorker01/7e0d3247-25bd-4ed2-9f4d-f4cc77f54621/COMPSsWorker01/d2v1_1563974683515.IT
	Key None
	Content None
	Stream 3
	Prefix null
--------------------
, 
Parameter base_sleep_time
	Type 4
	File Name None
	Key None
	Content 2000
	Stream 3
	Prefix null
--------------------
, 
Parameter sleep_random_range
	Type 4
	File Name None
	Key None
	Content 200
	Stream 3
	Prefix null
--------------------
] 
pycompss.worker.piper.piper_worker worker_commons - P. storage : False 
pycompss.worker.piper.piper_worker worker_commons - Storage cfg: null 
pycompss.worker.piper.piper_worker worker_commons - Exit code : 0 
pycompss.worker.piper.piper_worker worker_commons - Return Types : [28, 28, 4, 4] 
pycompss.worker.piper.piper_worker worker_commons - Return Values: ['null', 'null', 'null', 'null'] 
pycompss.worker.piper.piper_worker worker_commons - Return target_direction: Parameter(type=None, direction=2, stream=3, prefix=null
          object=None
          file_name=None
          is_future=False) 
pycompss.worker.piper.piper_worker worker_commons - Return timed_out: False 
pycompss.worker.piper.piper_worker worker_commons - Return exception_message:  
pycompss.worker.piper.piper_worker worker_commons - Finished task execution
pycompss.worker.piper.piper_worker worker_commons - End task execution. Status: Ok
[DEBUG] Starting big_filter
[DEBUG] Polling new files
[DEBUG] Polling new files
[DEBUG] Polling new files
[DEBUG] Polling new files
[DEBUG] Notifying stream closure
[DEBUG] Stopping big_filter
pycompss.worker.piper.piper_worker pipe_executor - Process-4 - Pipe /tmp/COMPSsWorker01/7e0d3247-25bd-4ed2-9f4d-f4cc77f54621/COMPSsWorker01/pipe_-62428917_compute4.inbound END TASK MESSAGE: END_TASK 5 0 4 28 null 28 null 4 null 4 null 

pycompss.worker.piper.piper_worker pipe_executor - Cleaning environment.
pycompss.worker.piper.piper_worker pipe_executor - Restoring loggers.
