[EXECUTOR] executeTask - Begin task execution
WORKER - Parameters of execution:
  * Method type: COMPSs
  * Method definition: [RUNCOMPSS=/opt/COMPSs/Runtime/scripts/user/runcompss, FLAGS=-d -g -t --summary --streaming=OBJECTS --streaming_master_name=localhost --streaming_master_port=49049, APP_NAME=simulations.Simulation, WORKER_IN_MASTER=true, WORKING_DIR=[unassigned]]
  * Parameter types: es.bsc.distrostreamlib.api.objects.ObjectDistroStream es.bsc.distrostreamlib.api.objects.ObjectDistroStream es.bsc.distrostreamlib.api.objects.ObjectDistroStream int int int
  * Parameter values: es.bsc.distrostreamlib.api.objects.ObjectDistroStream@4d1079f0 es.bsc.distrostreamlib.api.objects.ObjectDistroStream@7eb0ccc8 es.bsc.distrostreamlib.api.objects.ObjectDistroStream@eb5415d 5 10000 5000
  * Parameter streams: UNSPECIFIED UNSPECIFIED UNSPECIFIED UNSPECIFIED UNSPECIFIED UNSPECIFIED
  * Parameter prefixes: null null null null null null
  * Has Target: false
  * Has Return: true
[INVOKER] COMPSS_HOSTNAMES: COMPSsWorker03,COMPSsWorker03,COMPSsWorker03,COMPSsWorker03
[INVOKER] COMPSS_NUM_NODES: 1
[INVOKER] COMPSS_NUM_THREADS: 4

[COMPSs INVOKER] Begin COMPSs call to simulations.Simulation
[COMPSs INVOKER] On WorkingDir : /tmp/COMPSsWorker03/456b6107-8688-43f0-ace3-1bcbe8d09917/COMPSsWorker03/sandBox/job_2
[COMPSs INVOKER] Slave hostname COMPSsWorker03 with 4 cus
[COMPSs INVOKER] Generate project.xml at: project_44acbfad-f878-4ae6-9f80-b7f058be7ffc.xml
[COMPSs INVOKER] Generate resources.xml at: resources_44acbfad-f878-4ae6-9f80-b7f058be7ffc.xml
[COMPSs INVOKER] Creating nested log dir in: /tmp/COMPSsWorker03/456b6107-8688-43f0-ace3-1bcbe8d09917/COMPSsWorker03/sandBox/job_2/nestedCOMPSsLog
[COMPSs INVOKER] COMPSs CMD: /opt/COMPSs/Runtime/scripts/user/runcompss --project=project_44acbfad-f878-4ae6-9f80-b7f058be7ffc.xml --resources=resources_44acbfad-f878-4ae6-9f80-b7f058be7ffc.xml --specific_log_dir=/tmp/COMPSsWorker03/456b6107-8688-43f0-ace3-1bcbe8d09917/COMPSsWorker03/sandBox/job_2/nestedCOMPSsLog --classpath=/home/cramonco/gitlab/projects/distro-stream-lib/examples/nested-multisim-java/run_scripts/../target/nested-multisim-java.jar:::/opt/COMPSs/Runtime/compss-engine.jar -d -g -t --summary --streaming=OBJECTS --streaming_master_name=localhost --streaming_master_port=49049 simulations.Simulation Simulation1 Simulation0 Simulation2 5 10000 5000 
[COMPSs INVOKER] COMPSs STDIN: null
[COMPSs INVOKER] COMPSs STDOUT: null
[COMPSs INVOKER] COMPSs STDERR: null
[BINARY EXECUTION WRAPPER] ------------------------------------
[BINARY EXECUTION WRAPPER] Executing binary command
[BINARY EXECUTION WRAPPER] ------------------------------------
[BINARY EXECUTION WRAPPER] CMD OUTPUT:
[  INFO] Using default execution type: compss
[  INFO] Using default language: java
[  INFO] Relative Classpath resolved: /home/cramonco/gitlab/projects/distro-stream-lib/examples/nested-multisim-java/run_scripts/../target/nested-multisim-java.jar:/opt/COMPSs/Runtime/compss-engine.jar:

[  INFO] Starting Streaming Backend
[  INFO] Streaming Backend ready

----------------- Executing simulations.Simulation --------------------------

Welcome to Extrae 3.5.3
Extrae: Parsing the configuration file (/opt/COMPSs/Runtime/scripts/system/adaptors/nio/../../../../..//Runtime/configuration/xml/tracing/extrae_basic.xml) begins
Extrae: Warning! <trace> tag has no <home> property defined.
Extrae: Generating intermediate files for Paraver traces.
Extrae: <cpu> tag at <counters> level will be ignored. This library does not support CPU HW.
Extrae: Tracing buffer can hold 100000 events
Extrae: Circular buffer disabled.
Extrae: Warning! <input-output> tag will be ignored. This library does support instrumenting I/O calls.
Extrae: Dynamic memory instrumentation is disabled.
Extrae: Basic I/O memory instrumentation is disabled.
Extrae: System calls instrumentation is disabled.
Extrae: Parsing the configuration file (/opt/COMPSs/Runtime/scripts/system/adaptors/nio/../../../../..//Runtime/configuration/xml/tracing/extrae_basic.xml) has ended
Extrae: Intermediate traces will be stored in /tmp/COMPSsWorker03/456b6107-8688-43f0-ace3-1bcbe8d09917/COMPSsWorker03/sandBox/job_2
Extrae: Tracing mode is set to: Detail.
Extrae: Successfully initiated with 1 tasks and 1 threads

[(3615)    API]  -  Deploying COMPSs Runtime v2.5.rc1907 (build 20190725-1133.rc4b506aea456016ff21297734e6b311a7be79e38)
[(3619)    API]  -  Starting COMPSs Runtime v2.5.rc1907 (build 20190725-1133.rc4b506aea456016ff21297734e6b311a7be79e38)
[(3619)    API]  -  Initializing components
[(5368)    API]  -  Ready to process tasks
[INFO] Starting application
[INFO] Parsing application arguments
[INFO] Launching simulation
[INFO] Creating read stream
[INFO] Creating write streams
[INFO] Performing simulation iterations
[DEBUG] Begin iteration 0
[DEBUG] Performing local simulation
[(5446)    API]  -  Creating task from method accumulateLocal in mains.State
[(5446)    API]  -  There are 3 parameters
[(5446)    API]  -    Parameter 0 has type INT_T
[(5448)    API]  -    Parameter 1 has type INT_T
[(5448)    API]  -    Parameter 2 has type OBJECT_T
[(5451)    API]  -  Barrier for app 1 with noMoreTasks = false
[DEBUG] Communicating TO other simulations
[(22184)    API]  -  Getting object with hash code 1309335839
[(22249)    API]  -  Object obtained 749282235
[(22903)    API]  -  Getting object with hash code 1309335839
[(22908)    API]  -  Object obtained null
[DEBUG] Communicating FROM other simulations
[DEBUG] Begin iteration 1
[DEBUG] Performing local simulation
[(23358)    API]  -  Creating task from method accumulateLocal in mains.State
[(23358)    API]  -  There are 3 parameters
[(23358)    API]  -    Parameter 0 has type INT_T
[(23358)    API]  -    Parameter 1 has type INT_T
[(23359)    API]  -    Parameter 2 has type OBJECT_T
[(23361)    API]  -  Barrier for app 1 with noMoreTasks = false
[DEBUG] Communicating TO other simulations
[(35107)    API]  -  Getting object with hash code 1309335839
[(35159)    API]  -  Object obtained 941836856
[(35168)    API]  -  Getting object with hash code 1309335839
[(35168)    API]  -  Object obtained null
[DEBUG] Communicating FROM other simulations
[DEBUG] Received element: State[Local=1,Foreign=0]
[(35303)    API]  -  Creating task from method accumulateForeign in mains.State
[(35303)    API]  -  There are 3 parameters
[(35303)    API]  -    Parameter 0 has type INT_T
[(35303)    API]  -    Parameter 1 has type INT_T
[(35303)    API]  -    Parameter 2 has type OBJECT_T
[DEBUG] Received element: State[Local=1,Foreign=0]
[(35331)    API]  -  Creating task from method accumulateForeign in mains.State
[(35331)    API]  -  There are 3 parameters
[(35331)    API]  -    Parameter 0 has type INT_T
[(35331)    API]  -    Parameter 1 has type INT_T
[(35331)    API]  -    Parameter 2 has type OBJECT_T
[DEBUG] Received element: State[Local=2,Foreign=0]
[(35331)    API]  -  Creating task from method accumulateForeign in mains.State
[(35331)    API]  -  There are 3 parameters
[(35331)    API]  -    Parameter 0 has type INT_T
[(35331)    API]  -    Parameter 1 has type INT_T
[(35331)    API]  -    Parameter 2 has type OBJECT_T
[DEBUG] Begin iteration 2
[DEBUG] Performing local simulation
[(35332)    API]  -  Creating task from method accumulateLocal in mains.State
[(35332)    API]  -  There are 3 parameters
[(35332)    API]  -    Parameter 0 has type INT_T
[(35332)    API]  -    Parameter 1 has type INT_T
[(35332)    API]  -    Parameter 2 has type OBJECT_T
[(35332)    API]  -  Barrier for app 1 with noMoreTasks = false
[DEBUG] Communicating TO other simulations
[(87562)    API]  -  Getting object with hash code 1309335839
[(87606)    API]  -  Object obtained 125844477
[(87620)    API]  -  Getting object with hash code 1309335839
[(87623)    API]  -  Object obtained null
[DEBUG] Communicating FROM other simulations
[DEBUG] Received element: State[Local=2,Foreign=0]
[(87669)    API]  -  Creating task from method accumulateForeign in mains.State
[(87669)    API]  -  There are 3 parameters
[(87669)    API]  -    Parameter 0 has type INT_T
[(87669)    API]  -    Parameter 1 has type INT_T
[(87670)    API]  -    Parameter 2 has type OBJECT_T
[DEBUG] Begin iteration 3
[DEBUG] Performing local simulation
[(87671)    API]  -  Creating task from method accumulateLocal in mains.State
[(87671)    API]  -  There are 3 parameters
[(87671)    API]  -    Parameter 0 has type INT_T
[(87671)    API]  -    Parameter 1 has type INT_T
[(87671)    API]  -    Parameter 2 has type OBJECT_T
[(87672)    API]  -  Barrier for app 1 with noMoreTasks = false
[DEBUG] Communicating TO other simulations
[(117487)    API]  -  Getting object with hash code 1309335839
[(117527)    API]  -  Object obtained 1511574902
[(117533)    API]  -  Getting object with hash code 1309335839
[(117533)    API]  -  Object obtained null
[DEBUG] Communicating FROM other simulations
[DEBUG] Received element: State[Local=3,Foreign=2]
[(117565)    API]  -  Creating task from method accumulateForeign in mains.State
[(117565)    API]  -  There are 3 parameters
[(117565)    API]  -    Parameter 0 has type INT_T
[(117565)    API]  -    Parameter 1 has type INT_T
[(117565)    API]  -    Parameter 2 has type OBJECT_T
[DEBUG] Begin iteration 4
[DEBUG] Performing local simulation
[(117565)    API]  -  Creating task from method accumulateLocal in mains.State
[(117565)    API]  -  There are 3 parameters
[(117565)    API]  -    Parameter 0 has type INT_T
[(117565)    API]  -    Parameter 1 has type INT_T
[(117565)    API]  -    Parameter 2 has type OBJECT_T
[(117565)    API]  -  Barrier for app 1 with noMoreTasks = false
[DEBUG] Communicating TO other simulations
[(144646)    API]  -  Getting object with hash code 1309335839
[(144686)    API]  -  Object obtained 1908571880
[(144689)    API]  -  Getting object with hash code 1309335839
[(144689)    API]  -  Object obtained null
[DEBUG] Communicating FROM other simulations
[DEBUG] Received element: State[Local=3,Foreign=4]
[(144710)    API]  -  Creating task from method accumulateForeign in mains.State
[(144710)    API]  -  There are 3 parameters
[(144710)    API]  -    Parameter 0 has type INT_T
[(144710)    API]  -    Parameter 1 has type INT_T
[(144710)    API]  -    Parameter 2 has type OBJECT_T
[DEBUG] Received element: State[Local=4,Foreign=4]
[(144710)    API]  -  Creating task from method accumulateForeign in mains.State
[(144710)    API]  -  There are 3 parameters
[(144710)    API]  -    Parameter 0 has type INT_T
[(144710)    API]  -    Parameter 1 has type INT_T
[(144710)    API]  -    Parameter 2 has type OBJECT_T
[INFO] Simulation finished
[INFO] Waiting for simulation to end
[(144711)    API]  -  Getting object with hash code 1309335839
[(168387)    API]  -  Object obtained 1855261647
Computation result is: State[Local=5,Foreign=7]
DONE
[TIME] TOTAL ELAPSED: 163014
[(168388)    API]  -  No more tasks for app 1
[(168392)    API]  -  Getting Result Files 1
[(168395)    API]  -  ------- COMPSs Task Execution Summary per Worker ------
[(168395)    API]  -  --- Summary for COMPSs Worker COMPSsWorker03
[(168395)    API]  -  5 accumulateLocal(INT_T,INT_T)mains.State tasks have been executed
[(168395)    API]  -  7 accumulateForeign(INT_T,INT_T)mains.State tasks have been executed
[(168395)    API]  -  --- Total executed tasks in COMPSs Worker COMPSsWorker03: 12
[(168395)    API]  -  -------------------------------------------------------
[(168395)    API]  -  
[(168395)    API]  -  ------------ COMPSs Task Execution Summary ------------
[(168395)    API]  -  5 accumulateLocal(INT_T,INT_T)mains.State tasks have been executed
[(168395)    API]  -  7 accumulateForeign(INT_T,INT_T)mains.State tasks have been executed
[(168395)    API]  -  Total executed tasks: 12
[(168395)    API]  -  -------------------------------------------------------
[(168396)    API]  -  Stop IT reached
[(168396)    API]  -  Stopping Graph generation...
[(168396)    API]  -  Stopping AP...
[(168400)    API]  -  Stopping TD...
[(178738)    API]  -  Stopping Comm...
Package created -rw-r--r-- 1 cramonco users 9788 Jul 25 11:52 master_compss_trace.tar.gz
merger: Output trace format is: Paraver
merger: Extrae 3.5.3
mpi2prv: Assigned nodes < linux-BSC >
mpi2prv: Assigned size per processor < <1 Mbyte >
mpi2prv: File set-0/TRACE@linux-BSC.0000021285000001000000.mpit is object 1.2.1 on node linux-BSC assigned to processor 0
mpi2prv: File set-0/TRACE@linux-BSC.0000021285000001000001.mpit is object 1.2.2 on node linux-BSC assigned to processor 0
mpi2prv: File set-0/TRACE@linux-BSC.0000021285000001000002.mpit is object 1.2.3 on node linux-BSC assigned to processor 0
mpi2prv: File set-0/TRACE@linux-BSC.0000021285000001000003.mpit is object 1.2.4 on node linux-BSC assigned to processor 0
mpi2prv: File set-0/TRACE@linux-BSC.0000021285000001000004.mpit is object 1.2.5 on node linux-BSC assigned to processor 0
mpi2prv: File set-0/TRACE@linux-BSC.0000021063000000000000.mpit is object 1.1.1 on node linux-BSC assigned to processor 0
mpi2prv: File set-0/TRACE@linux-BSC.0000021063000000000001.mpit is object 1.1.2 on node linux-BSC assigned to processor 0
mpi2prv: File set-0/TRACE@linux-BSC.0000021063000000000002.mpit is object 1.1.3 on node linux-BSC assigned to processor 0
mpi2prv: Checking for target directory existance... exists, ok!
mpi2prv: Selected output trace format is Paraver
mpi2prv: Stored trace format is Paraver
mpi2prv: Searching synchronization points... done
mpi2prv: Time Synchronization disabled.
mpi2prv: Circular buffer enabled at tracing time? NO
mpi2prv: Parsing intermediate files
mpi2prv: Progress 1 of 2 ... 5% 10% 15% 20% 25% 30% 35% 40% 45% 50% 55% 60% 65% 70% 75% 80% 85% 90% 95% done
mpi2prv: Processor 0 succeeded to translate its assigned files
mpi2prv: Elapsed time translating files: 0 hours 0 minutes 0 seconds
mpi2prv: Elapsed time sorting addresses: 0 hours 0 minutes 0 seconds
mpi2prv: Generating tracefile (intermediate buffers of 838848 events)
         This process can take a while. Please, be patient.
mpi2prv: Progress 2 of 2 ... 5% 10% 15% 20% 25% 30% 35% 40% 45% 50% 55% 60% 65% 70% 75% 80% 85% 90% 95% done
mpi2prv: Elapsed time merge step: 0 hours 0 minutes 0 seconds
mpi2prv: Resulting tracefile occupies 21207 bytes
mpi2prv: Removing temporal files... done
mpi2prv: Elapsed time removing temporal files: 0 hours 0 minutes 0 seconds
mpi2prv: Congratulations! ./trace/simulations.Simulation_compss_trace_1564048355.prv has been generated.
[(178909)    API]  -  Runtime stopped
[(178909)    API]  -  Execution Finished
Welcome to Extrae 3.5.3
Extrae: Parsing the configuration file (/opt/COMPSs/Runtime/scripts/system/adaptors/nio/../../../../..//Runtime/configuration/xml/tracing/extrae_basic.xml) begins
Extrae: Warning! <trace> tag has no <home> property defined.
Extrae: Generating intermediate files for Paraver traces.
Extrae: <cpu> tag at <counters> level will be ignored. This library does not support CPU HW.
Extrae: Tracing buffer can hold 100000 events
Extrae: Circular buffer disabled.
Extrae: Warning! <input-output> tag will be ignored. This library does support instrumenting I/O calls.
Extrae: Dynamic memory instrumentation is disabled.
Extrae: Basic I/O memory instrumentation is disabled.
Extrae: System calls instrumentation is disabled.
Extrae: Parsing the configuration file (/opt/COMPSs/Runtime/scripts/system/adaptors/nio/../../../../..//Runtime/configuration/xml/tracing/extrae_basic.xml) has ended
Extrae: Intermediate traces will be stored in /tmp/COMPSsWorker03/456b6107-8688-43f0-ace3-1bcbe8d09917/COMPSsWorker03/sandBox/job_2
Extrae: Tracing mode is set to: Detail.
Extrae: Successfully initiated with 1 tasks and 1 threads

Extrae: Intermediate raw trace file created : /tmp/COMPSsWorker03/456b6107-8688-43f0-ace3-1bcbe8d09917/COMPSsWorker03/sandBox/job_2/set-0/TRACE@linux-BSC.0000021063000000000002.mpit
Extrae: Intermediate raw trace file created : /tmp/COMPSsWorker03/456b6107-8688-43f0-ace3-1bcbe8d09917/COMPSsWorker03/sandBox/job_2/set-0/TRACE@linux-BSC.0000021063000000000001.mpit
Extrae: Intermediate raw trace file created : /tmp/COMPSsWorker03/456b6107-8688-43f0-ace3-1bcbe8d09917/COMPSsWorker03/sandBox/job_2/set-0/TRACE@linux-BSC.0000021063000000000000.mpit
Extrae: Intermediate raw sym file created : /tmp/COMPSsWorker03/456b6107-8688-43f0-ace3-1bcbe8d09917/COMPSsWorker03/sandBox/job_2/set-0/TRACE@linux-BSC.0000021063000000000000.sym
Extrae: Deallocating memory.
Extrae: Application has ended. Tracing has been terminated.

------------------------------------------------------------
No kafka server to stop
No zookeeper server to stop
[BINARY EXECUTION WRAPPER] ------------------------------------
[BINARY EXECUTION WRAPPER] ------------------------------------
[BINARY EXECUTION WRAPPER] CMD EXIT VALUE: 0
[BINARY EXECUTION WRAPPER] ------------------------------------
[EXECUTOR] executeTask - End task execution
