[EXECUTOR] executeTask - Begin task execution
WORKER - Parameters of execution:
  * Method type: COMPSs
  * Method definition: [RUNCOMPSS=/opt/COMPSs/Runtime/scripts/user/runcompss, FLAGS=-d -g -t --summary --streaming=OBJECTS --streaming_master_name=localhost --streaming_master_port=49049, APP_NAME=simulations.Simulation, WORKER_IN_MASTER=true, WORKING_DIR=[unassigned]]
  * Parameter types: es.bsc.distrostreamlib.api.objects.ObjectDistroStream es.bsc.distrostreamlib.api.objects.ObjectDistroStream es.bsc.distrostreamlib.api.objects.ObjectDistroStream int int int
  * Parameter values: es.bsc.distrostreamlib.api.objects.ObjectDistroStream@2dfd18cb es.bsc.distrostreamlib.api.objects.ObjectDistroStream@ba5b646 es.bsc.distrostreamlib.api.objects.ObjectDistroStream@6e8d333d 5 10000 5000
  * Parameter streams: UNSPECIFIED UNSPECIFIED UNSPECIFIED UNSPECIFIED UNSPECIFIED UNSPECIFIED
  * Parameter prefixes: null null null null null null
  * Has Target: false
  * Has Return: true
[INVOKER] COMPSS_HOSTNAMES: COMPSsWorker01,COMPSsWorker01,COMPSsWorker01,COMPSsWorker01
[INVOKER] COMPSS_NUM_NODES: 1
[INVOKER] COMPSS_NUM_THREADS: 4

[COMPSs INVOKER] Begin COMPSs call to simulations.Simulation
[COMPSs INVOKER] On WorkingDir : /tmp/COMPSsWorker01/456b6107-8688-43f0-ace3-1bcbe8d09917/COMPSsWorker01/sandBox/job_3
[COMPSs INVOKER] Slave hostname COMPSsWorker01 with 4 cus
[COMPSs INVOKER] Generate project.xml at: project_37fa15a9-8ed0-4c02-8888-9e258f6dff19.xml
[COMPSs INVOKER] Generate resources.xml at: resources_37fa15a9-8ed0-4c02-8888-9e258f6dff19.xml
[COMPSs INVOKER] Creating nested log dir in: /tmp/COMPSsWorker01/456b6107-8688-43f0-ace3-1bcbe8d09917/COMPSsWorker01/sandBox/job_3/nestedCOMPSsLog
[COMPSs INVOKER] COMPSs CMD: /opt/COMPSs/Runtime/scripts/user/runcompss --project=project_37fa15a9-8ed0-4c02-8888-9e258f6dff19.xml --resources=resources_37fa15a9-8ed0-4c02-8888-9e258f6dff19.xml --specific_log_dir=/tmp/COMPSsWorker01/456b6107-8688-43f0-ace3-1bcbe8d09917/COMPSsWorker01/sandBox/job_3/nestedCOMPSsLog --classpath=/home/cramonco/gitlab/projects/distro-stream-lib/examples/nested-multisim-java/run_scripts/../target/nested-multisim-java.jar:::/opt/COMPSs/Runtime/compss-engine.jar -d -g -t --summary --streaming=OBJECTS --streaming_master_name=localhost --streaming_master_port=49049 simulations.Simulation Simulation2 Simulation0 Simulation1 5 10000 5000 
[COMPSs INVOKER] COMPSs STDIN: null
[COMPSs INVOKER] COMPSs STDOUT: null
[COMPSs INVOKER] COMPSs STDERR: null
[BINARY EXECUTION WRAPPER] ------------------------------------
[BINARY EXECUTION WRAPPER] Executing binary command
[BINARY EXECUTION WRAPPER] ------------------------------------
[BINARY EXECUTION WRAPPER] CMD OUTPUT:
[  INFO] Using default execution type: compss
[  INFO] Using default language: java
[  INFO] Relative Classpath resolved: /home/cramonco/gitlab/projects/distro-stream-lib/examples/nested-multisim-java/run_scripts/../target/nested-multisim-java.jar:/opt/COMPSs/Runtime/compss-engine.jar:

[  INFO] Starting Streaming Backend
[  INFO] Streaming Backend ready

----------------- Executing simulations.Simulation --------------------------

Welcome to Extrae 3.5.3
Extrae: Parsing the configuration file (/opt/COMPSs/Runtime/scripts/system/adaptors/nio/../../../../..//Runtime/configuration/xml/tracing/extrae_basic.xml) begins
Extrae: Warning! <trace> tag has no <home> property defined.
Extrae: Generating intermediate files for Paraver traces.
Extrae: <cpu> tag at <counters> level will be ignored. This library does not support CPU HW.
Extrae: Tracing buffer can hold 100000 events
Extrae: Circular buffer disabled.
Extrae: Warning! <input-output> tag will be ignored. This library does support instrumenting I/O calls.
Extrae: Dynamic memory instrumentation is disabled.
Extrae: Basic I/O memory instrumentation is disabled.
Extrae: System calls instrumentation is disabled.
Extrae: Parsing the configuration file (/opt/COMPSs/Runtime/scripts/system/adaptors/nio/../../../../..//Runtime/configuration/xml/tracing/extrae_basic.xml) has ended
Extrae: Intermediate traces will be stored in /tmp/COMPSsWorker01/456b6107-8688-43f0-ace3-1bcbe8d09917/COMPSsWorker01/sandBox/job_3
Extrae: Tracing mode is set to: Detail.
Extrae: Successfully initiated with 1 tasks and 1 threads

[(3773)    API]  -  Deploying COMPSs Runtime v2.5.rc1907 (build 20190725-1133.rc4b506aea456016ff21297734e6b311a7be79e38)
[(3775)    API]  -  Starting COMPSs Runtime v2.5.rc1907 (build 20190725-1133.rc4b506aea456016ff21297734e6b311a7be79e38)
[(3775)    API]  -  Initializing components
[(5261)    API]  -  Ready to process tasks
[INFO] Starting application
[INFO] Parsing application arguments
[INFO] Launching simulation
[INFO] Creating read stream
[INFO] Creating write streams
[INFO] Performing simulation iterations
[DEBUG] Begin iteration 0
[DEBUG] Performing local simulation
[(5313)    API]  -  Creating task from method accumulateLocal in mains.State
[(5313)    API]  -  There are 3 parameters
[(5313)    API]  -    Parameter 0 has type INT_T
[(5314)    API]  -    Parameter 1 has type INT_T
[(5314)    API]  -    Parameter 2 has type OBJECT_T
[(5336)    API]  -  Barrier for app 1 with noMoreTasks = false
[DEBUG] Communicating TO other simulations
[(23263)    API]  -  Getting object with hash code 1309335839
[(23316)    API]  -  Object obtained 749282235
[(23830)    API]  -  Getting object with hash code 1309335839
[(23832)    API]  -  Object obtained null
[DEBUG] Communicating FROM other simulations
[DEBUG] Begin iteration 1
[DEBUG] Performing local simulation
[(24227)    API]  -  Creating task from method accumulateLocal in mains.State
[(24227)    API]  -  There are 3 parameters
[(24227)    API]  -    Parameter 0 has type INT_T
[(24227)    API]  -    Parameter 1 has type INT_T
[(24227)    API]  -    Parameter 2 has type OBJECT_T
[(24228)    API]  -  Barrier for app 1 with noMoreTasks = false
[DEBUG] Communicating TO other simulations
[(34950)    API]  -  Getting object with hash code 1309335839
[(34978)    API]  -  Object obtained 1947020920
[(34997)    API]  -  Getting object with hash code 1309335839
[(35006)    API]  -  Object obtained null
[DEBUG] Communicating FROM other simulations
[DEBUG] Received element: State[Local=1,Foreign=0]
[(35080)    API]  -  Creating task from method accumulateForeign in mains.State
[(35080)    API]  -  There are 3 parameters
[(35081)    API]  -    Parameter 0 has type INT_T
[(35081)    API]  -    Parameter 1 has type INT_T
[(35081)    API]  -    Parameter 2 has type OBJECT_T
[DEBUG] Received element: State[Local=1,Foreign=0]
[(35085)    API]  -  Creating task from method accumulateForeign in mains.State
[(35085)    API]  -  There are 3 parameters
[(35085)    API]  -    Parameter 0 has type INT_T
[(35085)    API]  -    Parameter 1 has type INT_T
[(35085)    API]  -    Parameter 2 has type OBJECT_T
[DEBUG] Received element: State[Local=2,Foreign=0]
[(35087)    API]  -  Creating task from method accumulateForeign in mains.State
[(35087)    API]  -  There are 3 parameters
[(35087)    API]  -    Parameter 0 has type INT_T
[(35087)    API]  -    Parameter 1 has type INT_T
[(35087)    API]  -    Parameter 2 has type OBJECT_T
[DEBUG] Received element: State[Local=2,Foreign=0]
[(35087)    API]  -  Creating task from method accumulateForeign in mains.State
[(35087)    API]  -  There are 3 parameters
[(35087)    API]  -    Parameter 0 has type INT_T
[(35087)    API]  -    Parameter 1 has type INT_T
[(35087)    API]  -    Parameter 2 has type OBJECT_T
[DEBUG] Begin iteration 2
[DEBUG] Performing local simulation
[(35088)    API]  -  Creating task from method accumulateLocal in mains.State
[(35088)    API]  -  There are 3 parameters
[(35088)    API]  -    Parameter 0 has type INT_T
[(35088)    API]  -    Parameter 1 has type INT_T
[(35088)    API]  -    Parameter 2 has type OBJECT_T
[(35116)    API]  -  Barrier for app 1 with noMoreTasks = false
[DEBUG] Communicating TO other simulations
[(104670)    API]  -  Getting object with hash code 1309335839
[(104689)    API]  -  Object obtained 1370283822
[(104695)    API]  -  Getting object with hash code 1309335839
[(104706)    API]  -  Object obtained null
[DEBUG] Communicating FROM other simulations
[DEBUG] Received element: State[Local=3,Foreign=2]
[(104735)    API]  -  Creating task from method accumulateForeign in mains.State
[(104735)    API]  -  There are 3 parameters
[(104735)    API]  -    Parameter 0 has type INT_T
[(104735)    API]  -    Parameter 1 has type INT_T
[(104735)    API]  -    Parameter 2 has type OBJECT_T
[DEBUG] Received element: State[Local=3,Foreign=3]
[(104735)    API]  -  Creating task from method accumulateForeign in mains.State
[(104735)    API]  -  There are 3 parameters
[(104735)    API]  -    Parameter 0 has type INT_T
[(104735)    API]  -    Parameter 1 has type INT_T
[(104735)    API]  -    Parameter 2 has type OBJECT_T
[DEBUG] Begin iteration 3
[DEBUG] Performing local simulation
[(104736)    API]  -  Creating task from method accumulateLocal in mains.State
[(104736)    API]  -  There are 3 parameters
[(104736)    API]  -    Parameter 0 has type INT_T
[(104736)    API]  -    Parameter 1 has type INT_T
[(104736)    API]  -    Parameter 2 has type OBJECT_T
[(104736)    API]  -  Barrier for app 1 with noMoreTasks = false
[DEBUG] Communicating TO other simulations
[(142756)    API]  -  Getting object with hash code 1309335839
[(142779)    API]  -  Object obtained 1077873186
[(142783)    API]  -  Getting object with hash code 1309335839
[(142790)    API]  -  Object obtained null
[DEBUG] Communicating FROM other simulations
[DEBUG] Received element: State[Local=4,Foreign=4]
[(142811)    API]  -  Creating task from method accumulateForeign in mains.State
[(142811)    API]  -  There are 3 parameters
[(142811)    API]  -    Parameter 0 has type INT_T
[(142811)    API]  -    Parameter 1 has type INT_T
[(142813)    API]  -    Parameter 2 has type OBJECT_T
[DEBUG] Received element: State[Local=4,Foreign=4]
[(142815)    API]  -  Creating task from method accumulateForeign in mains.State
[(142815)    API]  -  There are 3 parameters
[(142815)    API]  -    Parameter 0 has type INT_T
[(142815)    API]  -    Parameter 1 has type INT_T
[(142815)    API]  -    Parameter 2 has type OBJECT_T
[DEBUG] Received element: State[Local=5,Foreign=6]
[(142829)    API]  -  Creating task from method accumulateForeign in mains.State
[(142829)    API]  -  There are 3 parameters
[(142829)    API]  -    Parameter 0 has type INT_T
[(142829)    API]  -    Parameter 1 has type INT_T
[(142829)    API]  -    Parameter 2 has type OBJECT_T
[DEBUG] Begin iteration 4
[DEBUG] Performing local simulation
[(142829)    API]  -  Creating task from method accumulateLocal in mains.State
[(142829)    API]  -  There are 3 parameters
[(142829)    API]  -    Parameter 0 has type INT_T
[(142829)    API]  -    Parameter 1 has type INT_T
[(142829)    API]  -    Parameter 2 has type OBJECT_T
[(142830)    API]  -  Barrier for app 1 with noMoreTasks = false
[DEBUG] Communicating TO other simulations
[(196063)    API]  -  Getting object with hash code 1309335839
[(196081)    API]  -  Object obtained 894024873
[(196083)    API]  -  Getting object with hash code 1309335839
[(196084)    API]  -  Object obtained null
[DEBUG] Communicating FROM other simulations
[INFO] Simulation finished
[INFO] Waiting for simulation to end
[(196289)    API]  -  Getting object with hash code 1309335839
[(196292)    API]  -  Object obtained null
Computation result is: State[Local=5,Foreign=9]
DONE
[TIME] TOTAL ELAPSED: 191030
[(196294)    API]  -  No more tasks for app 1
[(196296)    API]  -  Getting Result Files 1
[(196300)    API]  -  ------- COMPSs Task Execution Summary per Worker ------
[(196300)    API]  -  --- Summary for COMPSs Worker COMPSsWorker01
[(196300)    API]  -  5 accumulateLocal(INT_T,INT_T)mains.State tasks have been executed
[(196300)    API]  -  9 accumulateForeign(INT_T,INT_T)mains.State tasks have been executed
[(196300)    API]  -  --- Total executed tasks in COMPSs Worker COMPSsWorker01: 14
[(196300)    API]  -  -------------------------------------------------------
[(196300)    API]  -  
[(196300)    API]  -  ------------ COMPSs Task Execution Summary ------------
[(196300)    API]  -  5 accumulateLocal(INT_T,INT_T)mains.State tasks have been executed
[(196300)    API]  -  9 accumulateForeign(INT_T,INT_T)mains.State tasks have been executed
[(196300)    API]  -  Total executed tasks: 14
[(196300)    API]  -  -------------------------------------------------------
[(196302)    API]  -  Stop IT reached
[(196302)    API]  -  Stopping Graph generation...
[(196303)    API]  -  Stopping AP...
[(196308)    API]  -  Stopping TD...
[(206584)    API]  -  Stopping Comm...
Package created -rw-r--r-- 1 cramonco users 10450 Jul 25 11:53 master_compss_trace.tar.gz
merger: Output trace format is: Paraver
merger: Extrae 3.5.3
mpi2prv: Assigned nodes < linux-BSC >
mpi2prv: Assigned size per processor < <1 Mbyte >
mpi2prv: File set-0/TRACE@linux-BSC.0000021352000001000000.mpit is object 1.2.1 on node linux-BSC assigned to processor 0
mpi2prv: File set-0/TRACE@linux-BSC.0000021352000001000001.mpit is object 1.2.2 on node linux-BSC assigned to processor 0
mpi2prv: File set-0/TRACE@linux-BSC.0000021352000001000002.mpit is object 1.2.3 on node linux-BSC assigned to processor 0
mpi2prv: File set-0/TRACE@linux-BSC.0000021352000001000003.mpit is object 1.2.4 on node linux-BSC assigned to processor 0
mpi2prv: File set-0/TRACE@linux-BSC.0000021352000001000004.mpit is object 1.2.5 on node linux-BSC assigned to processor 0
mpi2prv: File set-0/TRACE@linux-BSC.0000021090000000000000.mpit is object 1.1.1 on node linux-BSC assigned to processor 0
mpi2prv: File set-0/TRACE@linux-BSC.0000021090000000000001.mpit is object 1.1.2 on node linux-BSC assigned to processor 0
mpi2prv: File set-0/TRACE@linux-BSC.0000021090000000000002.mpit is object 1.1.3 on node linux-BSC assigned to processor 0
mpi2prv: Checking for target directory existance... exists, ok!
mpi2prv: Selected output trace format is Paraver
mpi2prv: Stored trace format is Paraver
mpi2prv: Searching synchronization points... done
mpi2prv: Time Synchronization disabled.
mpi2prv: Circular buffer enabled at tracing time? NO
mpi2prv: Parsing intermediate files
mpi2prv: Progress 1 of 2 ... 5% 10% 15% 20% 25% 30% 35% 40% 45% 50% 55% 60% 65% 70% 75% 80% 85% 90% 95% done
mpi2prv: Processor 0 succeeded to translate its assigned files
mpi2prv: Elapsed time translating files: 0 hours 0 minutes 0 seconds
mpi2prv: Elapsed time sorting addresses: 0 hours 0 minutes 0 seconds
mpi2prv: Generating tracefile (intermediate buffers of 838848 events)
         This process can take a while. Please, be patient.
mpi2prv: Progress 2 of 2 ... 5% 10% 15% 20% 25% 30% 35% 40% 45% 50% 55% 60% 65% 70% 75% 80% 85% 90% 95% done
mpi2prv: Elapsed time merge step: 0 hours 0 minutes 0 seconds
mpi2prv: Resulting tracefile occupies 21983 bytes
mpi2prv: Removing temporal files... done
mpi2prv: Elapsed time removing temporal files: 0 hours 0 minutes 0 seconds
mpi2prv: Congratulations! ./trace/simulations.Simulation_compss_trace_1564048383.prv has been generated.
[(206738)    API]  -  Runtime stopped
[(206738)    API]  -  Execution Finished
Welcome to Extrae 3.5.3
Extrae: Parsing the configuration file (/opt/COMPSs/Runtime/scripts/system/adaptors/nio/../../../../..//Runtime/configuration/xml/tracing/extrae_basic.xml) begins
Extrae: Warning! <trace> tag has no <home> property defined.
Extrae: Generating intermediate files for Paraver traces.
Extrae: <cpu> tag at <counters> level will be ignored. This library does not support CPU HW.
Extrae: Tracing buffer can hold 100000 events
Extrae: Circular buffer disabled.
Extrae: Warning! <input-output> tag will be ignored. This library does support instrumenting I/O calls.
Extrae: Dynamic memory instrumentation is disabled.
Extrae: Basic I/O memory instrumentation is disabled.
Extrae: System calls instrumentation is disabled.
Extrae: Parsing the configuration file (/opt/COMPSs/Runtime/scripts/system/adaptors/nio/../../../../..//Runtime/configuration/xml/tracing/extrae_basic.xml) has ended
Extrae: Intermediate traces will be stored in /tmp/COMPSsWorker01/456b6107-8688-43f0-ace3-1bcbe8d09917/COMPSsWorker01/sandBox/job_3
Extrae: Tracing mode is set to: Detail.
Extrae: Successfully initiated with 1 tasks and 1 threads

Extrae: Intermediate raw trace file created : /tmp/COMPSsWorker01/456b6107-8688-43f0-ace3-1bcbe8d09917/COMPSsWorker01/sandBox/job_3/set-0/TRACE@linux-BSC.0000021090000000000002.mpit
Extrae: Intermediate raw trace file created : /tmp/COMPSsWorker01/456b6107-8688-43f0-ace3-1bcbe8d09917/COMPSsWorker01/sandBox/job_3/set-0/TRACE@linux-BSC.0000021090000000000001.mpit
Extrae: Intermediate raw trace file created : /tmp/COMPSsWorker01/456b6107-8688-43f0-ace3-1bcbe8d09917/COMPSsWorker01/sandBox/job_3/set-0/TRACE@linux-BSC.0000021090000000000000.mpit
Extrae: Intermediate raw sym file created : /tmp/COMPSsWorker01/456b6107-8688-43f0-ace3-1bcbe8d09917/COMPSsWorker01/sandBox/job_3/set-0/TRACE@linux-BSC.0000021090000000000000.sym
Extrae: Deallocating memory.
Extrae: Application has ended. Tracing has been terminated.

------------------------------------------------------------
No kafka server to stop
No zookeeper server to stop
[BINARY EXECUTION WRAPPER] ------------------------------------
[BINARY EXECUTION WRAPPER] ------------------------------------
[BINARY EXECUTION WRAPPER] CMD EXIT VALUE: 0
[BINARY EXECUTION WRAPPER] ------------------------------------
[EXECUTOR] executeTask - End task execution
