[EXECUTOR] executeTask - Begin task execution
WORKER - Parameters of execution:
  * Method type: METHOD
  * Method definition: [DECLARING CLASS=simulation_normal, METHOD NAME=simulation]
  * Parameter types: int int int java.lang.String java.lang.String java.lang.String java.lang.String java.lang.String
  * Parameter values: 5 1000 200 /tmp/COMPSsWorker03/5b98e0ff-e63b-419e-910d-687586415321/COMPSsWorker03/sandBox/job_1/file0 /tmp/COMPSsWorker03/5b98e0ff-e63b-419e-910d-687586415321/COMPSsWorker03/sandBox/job_1/file1 /tmp/COMPSsWorker03/5b98e0ff-e63b-419e-910d-687586415321/COMPSsWorker03/sandBox/job_1/file2 /tmp/COMPSsWorker03/5b98e0ff-e63b-419e-910d-687586415321/COMPSsWorker03/sandBox/job_1/file3 /tmp/COMPSsWorker03/5b98e0ff-e63b-419e-910d-687586415321/COMPSsWorker03/sandBox/job_1/file4
  * Parameter streams: UNSPECIFIED UNSPECIFIED UNSPECIFIED UNSPECIFIED UNSPECIFIED UNSPECIFIED UNSPECIFIED UNSPECIFIED
  * Parameter prefixes: null null null null null null null null
  * Has Target: false
  * Has Return: true
[INVOKER] COMPSS_HOSTNAMES: COMPSsWorker03,COMPSsWorker03,COMPSsWorker03,COMPSsWorker03,COMPSsWorker03,COMPSsWorker03,COMPSsWorker03,COMPSsWorker03
[INVOKER] COMPSS_NUM_NODES: 1
[INVOKER] COMPSS_NUM_THREADS: 8
[EXECUTOR] executeTask - End task execution
utor - Received task in process: Process-0
pycompss.worker.piper.piper_worker pipe_executor -  - TASK CMD: ['EXECUTE_TASK', '1', '/tmp/COMPSsWorker03/5b98e0ff-e63b-419e-910d-687586415321/COMPSsWorker03/jobs/job1_NEW.out', '/tmp/COMPSsWorker03/5b98e0ff-e63b-419e-910d-687586415321/COMPSsWorker03/jobs/job1_NEW.err', '1', '1', 'true', 'null', 'METHOD', 'simulation_normal', 'simulation', '0', '1', 'COMPSsWorker03', '8', 'false', 'null', '0', '8', '4', '3', 'null', 'num_files', '5', '4', '3', 'null', 'base_sleep_time', '1000', '4', '3', 'null', 'sleep_random_range', '200', '9', '3', 'null', '*args*_0', '/tmp/COMPSsWorker03/5b98e0ff-e63b-419e-910d-687586415321/COMPSsWorker03/sandBox/job_1/file0:d1v2_1563977429958.IT:false:true:/tmp/COMPSsWorker03/5b98e0ff-e63b-419e-910d-687586415321/COMPSsWorker03/sandBox/job_1/file0', '9', '3', 'null', '*args*_1', '/tmp/COMPSsWorker03/5b98e0ff-e63b-419e-910d-687586415321/COMPSsWorker03/sandBox/job_1/file1:d2v2_1563977429958.IT:false:true:/tmp/COMPSsWorker03/5b98e0ff-e63b-419e-910d-687586415321/COMPSsWorker03/sandBox/job_1/file1', '9', '3', 'null', '*args*_2', '/tmp/COMPSsWorker03/5b98e0ff-e63b-419e-910d-687586415321/COMPSsWorker03/sandBox/job_1/file2:d3v2_1563977429958.IT:false:true:/tmp/COMPSsWorker03/5b98e0ff-e63b-419e-910d-687586415321/COMPSsWorker03/sandBox/job_1/file2', '9', '3', 'null', '*args*_3', '/tmp/COMPSsWorker03/5b98e0ff-e63b-419e-910d-687586415321/COMPSsWorker03/sandBox/job_1/file3:d4v2_1563977429958.IT:false:true:/tmp/COMPSsWorker03/5b98e0ff-e63b-419e-910d-687586415321/COMPSsWorker03/sandBox/job_1/file3', '9', '3', 'null', '*args*_4', '/tmp/COMPSsWorker03/5b98e0ff-e63b-419e-910d-687586415321/COMPSsWorker03/sandBox/job_1/file4:d5v2_1563977429958.IT:false:true:/tmp/COMPSsWorker03/5b98e0ff-e63b-419e-910d-687586415321/COMPSsWorker03/sandBox/job_1/file4']
pycompss.worker.piper.piper_worker pipe_executor - Process environment:
pycompss.worker.piper.piper_worker pipe_executor - 	 - Number of nodes: 1
pycompss.worker.piper.piper_worker pipe_executor - 	 - Hostnames: COMPSsWorker03
pycompss.worker.piper.piper_worker pipe_executor - 	 - Number of threads: 8
pycompss.worker.piper.piper_worker worker_commons - Begin task execution in Process-0
pycompss.worker.piper.piper_worker worker_commons - Storage conf: null
pycompss.worker.piper.piper_worker worker_commons - Params: ['simulation_normal', 'simulation', '0', '1', 'COMPSsWorker03', '8', 'false', 'null', '0', '8', '4', '3', 'null', 'num_files', '5', '4', '3', 'null', 'base_sleep_time', '1000', '4', '3', 'null', 'sleep_random_range', '200', '9', '3', 'null', '*args*_0', '/tmp/COMPSsWorker03/5b98e0ff-e63b-419e-910d-687586415321/COMPSsWorker03/sandBox/job_1/file0:d1v2_1563977429958.IT:false:true:/tmp/COMPSsWorker03/5b98e0ff-e63b-419e-910d-687586415321/COMPSsWorker03/sandBox/job_1/file0', '9', '3', 'null', '*args*_1', '/tmp/COMPSsWorker03/5b98e0ff-e63b-419e-910d-687586415321/COMPSsWorker03/sandBox/job_1/file1:d2v2_1563977429958.IT:false:true:/tmp/COMPSsWorker03/5b98e0ff-e63b-419e-910d-687586415321/COMPSsWorker03/sandBox/job_1/file1', '9', '3', 'null', '*args*_2', '/tmp/COMPSsWorker03/5b98e0ff-e63b-419e-910d-687586415321/COMPSsWorker03/sandBox/job_1/file2:d3v2_1563977429958.IT:false:true:/tmp/COMPSsWorker03/5b98e0ff-e63b-419e-910d-687586415321/COMPSsWorker03/sandBox/job_1/file2', '9', '3', 'null', '*args*_3', '/tmp/COMPSsWorker03/5b98e0ff-e63b-419e-910d-687586415321/COMPSsWorker03/sandBox/job_1/file3:d4v2_1563977429958.IT:false:true:/tmp/COMPSsWorker03/5b98e0ff-e63b-419e-910d-687586415321/COMPSsWorker03/sandBox/job_1/file3', '9', '3', 'null', '*args*_4', '/tmp/COMPSsWorker03/5b98e0ff-e63b-419e-910d-687586415321/COMPSsWorker03/sandBox/job_1/file4:d5v2_1563977429958.IT:false:true:/tmp/COMPSsWorker03/5b98e0ff-e63b-419e-910d-687586415321/COMPSsWorker03/sandBox/job_1/file4']
pycompss.worker.piper.piper_worker worker_commons - Path: simulation_normal
pycompss.worker.piper.piper_worker worker_commons - Method name: simulation
pycompss.worker.piper.piper_worker worker_commons - Num slaves: 1
pycompss.worker.piper.piper_worker worker_commons - Slaves: ['1']
pycompss.worker.piper.piper_worker worker_commons - Cus: 8
pycompss.worker.piper.piper_worker worker_commons - Has target: false
pycompss.worker.piper.piper_worker worker_commons - Num Params: 8
pycompss.worker.piper.piper_worker worker_commons - Return Length: 0
pycompss.worker.piper.piper_worker worker_commons - Args: ['4', '3', 'null', 'num_files', '5', '4', '3', 'null', 'base_sleep_time', '1000', '4', '3', 'null', 'sleep_random_range', '200', '9', '3', 'null', '*args*_0', '/tmp/COMPSsWorker03/5b98e0ff-e63b-419e-910d-687586415321/COMPSsWorker03/sandBox/job_1/file0:d1v2_1563977429958.IT:false:true:/tmp/COMPSsWorker03/5b98e0ff-e63b-419e-910d-687586415321/COMPSsWorker03/sandBox/job_1/file0', '9', '3', 'null', '*args*_1', '/tmp/COMPSsWorker03/5b98e0ff-e63b-419e-910d-687586415321/COMPSsWorker03/sandBox/job_1/file1:d2v2_1563977429958.IT:false:true:/tmp/COMPSsWorker03/5b98e0ff-e63b-419e-910d-687586415321/COMPSsWorker03/sandBox/job_1/file1', '9', '3', 'null', '*args*_2', '/tmp/COMPSsWorker03/5b98e0ff-e63b-419e-910d-687586415321/COMPSsWorker03/sandBox/job_1/file2:d3v2_1563977429958.IT:false:true:/tmp/COMPSsWorker03/5b98e0ff-e63b-419e-910d-687586415321/COMPSsWorker03/sandBox/job_1/file2', '9', '3', 'null', '*args*_3', '/tmp/COMPSsWorker03/5b98e0ff-e63b-419e-910d-687586415321/COMPSsWorker03/sandBox/job_1/file3:d4v2_1563977429958.IT:false:true:/tmp/COMPSsWorker03/5b98e0ff-e63b-419e-910d-687586415321/COMPSsWorker03/sandBox/job_1/file3', '9', '3', 'null', '*args*_4', '/tmp/COMPSsWorker03/5b98e0ff-e63b-419e-910d-687586415321/COMPSsWorker03/sandBox/job_1/file4:d5v2_1563977429958.IT:false:true:/tmp/COMPSsWorker03/5b98e0ff-e63b-419e-910d-687586415321/COMPSsWorker03/sandBox/job_1/file4']
pycompss.worker.piper.piper_worker worker_commons - Processing parameters:
pycompss.worker.piper.piper_worker worker_commons - Parameter : 0
pycompss.worker.piper.piper_worker worker_commons - 	 * Type : 4
pycompss.worker.piper.piper_worker worker_commons - 	 * Std IO Stream : 3
pycompss.worker.piper.piper_worker worker_commons - 	 * Prefix : null
pycompss.worker.piper.piper_worker worker_commons - 	 * Name : num_files
pycompss.worker.piper.piper_worker worker_commons - 	 * Value: '5'
pycompss.worker.piper.piper_worker worker_commons - Parameter : 1
pycompss.worker.piper.piper_worker worker_commons - 	 * Type : 4
pycompss.worker.piper.piper_worker worker_commons - 	 * Std IO Stream : 3
pycompss.worker.piper.piper_worker worker_commons - 	 * Prefix : null
pycompss.worker.piper.piper_worker worker_commons - 	 * Name : base_sleep_time
pycompss.worker.piper.piper_worker worker_commons - 	 * Value: '1000'
pycompss.worker.piper.piper_worker worker_commons - Parameter : 2
pycompss.worker.piper.piper_worker worker_commons - 	 * Type : 4
pycompss.worker.piper.piper_worker worker_commons - 	 * Std IO Stream : 3
pycompss.worker.piper.piper_worker worker_commons - 	 * Prefix : null
pycompss.worker.piper.piper_worker worker_commons - 	 * Name : sleep_random_range
pycompss.worker.piper.piper_worker worker_commons - 	 * Value: '200'
pycompss.worker.piper.piper_worker worker_commons - Parameter : 3
pycompss.worker.piper.piper_worker worker_commons - 	 * Type : 9
pycompss.worker.piper.piper_worker worker_commons - 	 * Std IO Stream : 3
pycompss.worker.piper.piper_worker worker_commons - 	 * Prefix : null
pycompss.worker.piper.piper_worker worker_commons - 	 * Name : *args*_0
pycompss.worker.piper.piper_worker worker_commons - 	 * Value: '/tmp/COMPSsWorker03/5b98e0ff-e63b-419e-910d-687586415321/COMPSsWorker03/sandBox/job_1/file0:d1v2_1563977429958.IT:false:true:/tmp/COMPSsWorker03/5b98e0ff-e63b-419e-910d-687586415321/COMPSsWorker03/sandBox/job_1/file0'
pycompss.worker.piper.piper_worker worker_commons - Parameter : 4
pycompss.worker.piper.piper_worker worker_commons - 	 * Type : 9
pycompss.worker.piper.piper_worker worker_commons - 	 * Std IO Stream : 3
pycompss.worker.piper.piper_worker worker_commons - 	 * Prefix : null
pycompss.worker.piper.piper_worker worker_commons - 	 * Name : *args*_1
pycompss.worker.piper.piper_worker worker_commons - 	 * Value: '/tmp/COMPSsWorker03/5b98e0ff-e63b-419e-910d-687586415321/COMPSsWorker03/sandBox/job_1/file1:d2v2_1563977429958.IT:false:true:/tmp/COMPSsWorker03/5b98e0ff-e63b-419e-910d-687586415321/COMPSsWorker03/sandBox/job_1/file1'
pycompss.worker.piper.piper_worker worker_commons - Parameter : 5
pycompss.worker.piper.piper_worker worker_commons - 	 * Type : 9
pycompss.worker.piper.piper_worker worker_commons - 	 * Std IO Stream : 3
pycompss.worker.piper.piper_worker worker_commons - 	 * Prefix : null
pycompss.worker.piper.piper_worker worker_commons - 	 * Name : *args*_2
pycompss.worker.piper.piper_worker worker_commons - 	 * Value: '/tmp/COMPSsWorker03/5b98e0ff-e63b-419e-910d-687586415321/COMPSsWorker03/sandBox/job_1/file2:d3v2_1563977429958.IT:false:true:/tmp/COMPSsWorker03/5b98e0ff-e63b-419e-910d-687586415321/COMPSsWorker03/sandBox/job_1/file2'
pycompss.worker.piper.piper_worker worker_commons - Parameter : 6
pycompss.worker.piper.piper_worker worker_commons - 	 * Type : 9
pycompss.worker.piper.piper_worker worker_commons - 	 * Std IO Stream : 3
pycompss.worker.piper.piper_worker worker_commons - 	 * Prefix : null
pycompss.worker.piper.piper_worker worker_commons - 	 * Name : *args*_3
pycompss.worker.piper.piper_worker worker_commons - 	 * Value: '/tmp/COMPSsWorker03/5b98e0ff-e63b-419e-910d-687586415321/COMPSsWorker03/sandBox/job_1/file3:d4v2_1563977429958.IT:false:true:/tmp/COMPSsWorker03/5b98e0ff-e63b-419e-910d-687586415321/COMPSsWorker03/sandBox/job_1/file3'
pycompss.worker.piper.piper_worker worker_commons - Parameter : 7
pycompss.worker.piper.piper_worker worker_commons - 	 * Type : 9
pycompss.worker.piper.piper_worker worker_commons - 	 * Std IO Stream : 3
pycompss.worker.piper.piper_worker worker_commons - 	 * Prefix : null
pycompss.worker.piper.piper_worker worker_commons - 	 * Name : *args*_4
pycompss.worker.piper.piper_worker worker_commons - 	 * Value: '/tmp/COMPSsWorker03/5b98e0ff-e63b-419e-910d-687586415321/COMPSsWorker03/sandBox/job_1/file4:d5v2_1563977429958.IT:false:true:/tmp/COMPSsWorker03/5b98e0ff-e63b-419e-910d-687586415321/COMPSsWorker03/sandBox/job_1/file4'
pycompss.worker.piper.piper_worker worker_commons - RUN TASK with arguments:
pycompss.worker.piper.piper_worker worker_commons - 	- Path: simulation_normal
pycompss.worker.piper.piper_worker worker_commons - 	- Method/function name: simulation
pycompss.worker.piper.piper_worker worker_commons - 	- Has target: false
pycompss.worker.piper.piper_worker worker_commons - 	- # parameters: 8
pycompss.worker.piper.piper_worker worker_commons - 	- Values:
pycompss.worker.piper.piper_worker worker_commons - 		 
Parameter num_files
	Type 4
	File Name None
	Key None
	Content 5
	Stream 3
	Prefix null
--------------------

pycompss.worker.piper.piper_worker worker_commons - 		 
Parameter base_sleep_time
	Type 4
	File Name None
	Key None
	Content 1000
	Stream 3
	Prefix null
--------------------

pycompss.worker.piper.piper_worker worker_commons - 		 
Parameter sleep_random_range
	Type 4
	File Name None
	Key None
	Content 200
	Stream 3
	Prefix null
--------------------

pycompss.worker.piper.piper_worker worker_commons - 		 
Parameter *args*_0
	Type 9
	File Name /tmp/COMPSsWorker03/5b98e0ff-e63b-419e-910d-687586415321/COMPSsWorker03/sandBox/job_1/file0:d1v2_1563977429958.IT:false:true:/tmp/COMPSsWorker03/5b98e0ff-e63b-419e-910d-687586415321/COMPSsWorker03/sandBox/job_1/file0
	Key None
	Content None
	Stream 3
	Prefix null
--------------------

pycompss.worker.piper.piper_worker worker_commons - 		 
Parameter *args*_1
	Type 9
	File Name /tmp/COMPSsWorker03/5b98e0ff-e63b-419e-910d-687586415321/COMPSsWorker03/sandBox/job_1/file1:d2v2_1563977429958.IT:false:true:/tmp/COMPSsWorker03/5b98e0ff-e63b-419e-910d-687586415321/COMPSsWorker03/sandBox/job_1/file1
	Key None
	Content None
	Stream 3
	Prefix null
--------------------

pycompss.worker.piper.piper_worker worker_commons - 		 
Parameter *args*_2
	Type 9
	File Name /tmp/COMPSsWorker03/5b98e0ff-e63b-419e-910d-687586415321/COMPSsWorker03/sandBox/job_1/file2:d3v2_1563977429958.IT:false:true:/tmp/COMPSsWorker03/5b98e0ff-e63b-419e-910d-687586415321/COMPSsWorker03/sandBox/job_1/file2
	Key None
	Content None
	Stream 3
	Prefix null
--------------------

pycompss.worker.piper.piper_worker worker_commons - 		 
Parameter *args*_3
	Type 9
	File Name /tmp/COMPSsWorker03/5b98e0ff-e63b-419e-910d-687586415321/COMPSsWorker03/sandBox/job_1/file3:d4v2_1563977429958.IT:false:true:/tmp/COMPSsWorker03/5b98e0ff-e63b-419e-910d-687586415321/COMPSsWorker03/sandBox/job_1/file3
	Key None
	Content None
	Stream 3
	Prefix null
--------------------

pycompss.worker.piper.piper_worker worker_commons - 		 
Parameter *args*_4
	Type 9
	File Name /tmp/COMPSsWorker03/5b98e0ff-e63b-419e-910d-687586415321/COMPSsWorker03/sandBox/job_1/file4:d5v2_1563977429958.IT:false:true:/tmp/COMPSsWorker03/5b98e0ff-e63b-419e-910d-687586415321/COMPSsWorker03/sandBox/job_1/file4
	Key None
	Content None
	Stream 3
	Prefix null
--------------------

pycompss.worker.piper.piper_worker worker_commons - 	- COMPSs types:
pycompss.worker.piper.piper_worker worker_commons - 		 4
pycompss.worker.piper.piper_worker worker_commons - 		 4
pycompss.worker.piper.piper_worker worker_commons - 		 4
pycompss.worker.piper.piper_worker worker_commons - 		 9
pycompss.worker.piper.piper_worker worker_commons - 		 9
pycompss.worker.piper.piper_worker worker_commons - 		 9
pycompss.worker.piper.piper_worker worker_commons - 		 9
pycompss.worker.piper.piper_worker worker_commons - 		 9
pycompss.worker.piper.piper_worker worker_commons - Trying to import the user module: simulation_normal
pycompss.worker.piper.piper_worker worker_commons - Module successfully loaded (Python version >= 2.7)
pycompss.worker.piper.piper_worker worker_commons - Starting task execution
pycompss.worker.piper.piper_worker worker_commons - module     : <module 'simulation_normal' from '/home/cramonco/gitlab/projects/distro-stream-lib/examples/simulation-python/simulation_normal.pyc'> 
pycompss.worker.piper.piper_worker worker_commons - method_name: simulation 
pycompss.worker.piper.piper_worker worker_commons - time_out   : 0 
pycompss.worker.piper.piper_worker worker_commons - Types      : [4, 4, 4, 9, 9, 9, 9, 9] 
pycompss.worker.piper.piper_worker worker_commons - Values     : [
Parameter num_files
	Type 4
	File Name None
	Key None
	Content 5
	Stream 3
	Prefix null
--------------------
, 
Parameter base_sleep_time
	Type 4
	File Name None
	Key None
	Content 1000
	Stream 3
	Prefix null
--------------------
, 
Parameter sleep_random_range
	Type 4
	File Name None
	Key None
	Content 200
	Stream 3
	Prefix null
--------------------
, 
Parameter *args*_0
	Type 9
	File Name /tmp/COMPSsWorker03/5b98e0ff-e63b-419e-910d-687586415321/COMPSsWorker03/sandBox/job_1/file0:d1v2_1563977429958.IT:false:true:/tmp/COMPSsWorker03/5b98e0ff-e63b-419e-910d-687586415321/COMPSsWorker03/sandBox/job_1/file0
	Key None
	Content None
	Stream 3
	Prefix null
--------------------
, 
Parameter *args*_1
	Type 9
	File Name /tmp/COMPSsWorker03/5b98e0ff-e63b-419e-910d-687586415321/COMPSsWorker03/sandBox/job_1/file1:d2v2_1563977429958.IT:false:true:/tmp/COMPSsWorker03/5b98e0ff-e63b-419e-910d-687586415321/COMPSsWorker03/sandBox/job_1/file1
	Key None
	Content None
	Stream 3
	Prefix null
--------------------
, 
Parameter *args*_2
	Type 9
	File Name /tmp/COMPSsWorker03/5b98e0ff-e63b-419e-910d-687586415321/COMPSsWorker03/sandBox/job_1/file2:d3v2_1563977429958.IT:false:true:/tmp/COMPSsWorker03/5b98e0ff-e63b-419e-910d-687586415321/COMPSsWorker03/sandBox/job_1/file2
	Key None
	Content None
	Stream 3
	Prefix null
--------------------
, 
Parameter *args*_3
	Type 9
	File Name /tmp/COMPSsWorker03/5b98e0ff-e63b-419e-910d-687586415321/COMPSsWorker03/sandBox/job_1/file3:d4v2_1563977429958.IT:false:true:/tmp/COMPSsWorker03/5b98e0ff-e63b-419e-910d-687586415321/COMPSsWorker03/sandBox/job_1/file3
	Key None
	Content None
	Stream 3
	Prefix null
--------------------
, 
Parameter *args*_4
	Type 9
	File Name /tmp/COMPSsWorker03/5b98e0ff-e63b-419e-910d-687586415321/COMPSsWorker03/sandBox/job_1/file4:d5v2_1563977429958.IT:false:true:/tmp/COMPSsWorker03/5b98e0ff-e63b-419e-910d-687586415321/COMPSsWorker03/sandBox/job_1/file4
	Key None
	Content None
	Stream 3
	Prefix null
--------------------
] 
pycompss.worker.piper.piper_worker worker_commons - P. storage : False 
pycompss.worker.piper.piper_worker worker_commons - Storage cfg: null 
pycompss.worker.piper.piper_worker worker_commons - Exit code : 0 
pycompss.worker.piper.piper_worker worker_commons - Return Types : [4, 4, 4, 9, 9, 9, 9, 9] 
pycompss.worker.piper.piper_worker worker_commons - Return Values: ['null', 'null', 'null', 'null', 'null', 'null', 'null', 'null'] 
pycompss.worker.piper.piper_worker worker_commons - Return target_direction: Parameter(type=None, direction=2, stream=3, prefix=null
          object=None
          file_name=None
          is_future=False) 
pycompss.worker.piper.piper_worker worker_commons - Return timed_out: False 
pycompss.worker.piper.piper_worker worker_commons - Return exception_message:  
pycompss.worker.piper.piper_worker worker_commons - Finished task execution
pycompss.worker.piper.piper_worker worker_commons - End task execution. Status: Ok
[DEBUG] Starting simulation
[DEBUG] (2019-07-24 16:10:33.939217) Generating file /tmp/COMPSsWorker03/5b98e0ff-e63b-419e-910d-687586415321/COMPSsWorker03/sandBox/job_1/file0
[DEBUG] (2019-07-24 16:10:34.939963) Generating file /tmp/COMPSsWorker03/5b98e0ff-e63b-419e-910d-687586415321/COMPSsWorker03/sandBox/job_1/file1
[DEBUG] (2019-07-24 16:10:35.941635) Generating file /tmp/COMPSsWorker03/5b98e0ff-e63b-419e-910d-687586415321/COMPSsWorker03/sandBox/job_1/file2
[DEBUG] (2019-07-24 16:10:36.942316) Generating file /tmp/COMPSsWorker03/5b98e0ff-e63b-419e-910d-687586415321/COMPSsWorker03/sandBox/job_1/file3
[DEBUG] (2019-07-24 16:10:37.943423) Generating file /tmp/COMPSsWorker03/5b98e0ff-e63b-419e-910d-687586415321/COMPSsWorker03/sandBox/job_1/file4
pycompss.worker.piper.piper_worker pipe_executor - Process-0 - Pipe /tmp/COMPSsWorker03/5b98e0ff-e63b-419e-910d-687586415321/COMPSsWorker03/pipe_-180138080_compute0.inbound END TASK MESSAGE: END_TASK 1 0 8 4 null 4 null 4 null 9 null 9 null 9 null 9 null 9 null 

pycompss.worker.piper.piper_worker pipe_executor - Cleaning environment.
pycompss.worker.piper.piper_worker pipe_executor - Restoring loggers.
