[EXECUTOR] executeTask - Begin task execution
WORKER - Parameters of execution:
  * Method type: METHOD
  * Method definition: [DECLARING CLASS=big_filter, METHOD NAME=filter_files]
  * Parameter types: java.lang.String java.lang.String int int
  * Parameter values: /home/cramonco/.COMPSs/filter.py/6cf06f0f-da27-40b5-a759-ed13d81eb2bd/COMPSsWorker01/sandBox/job_5/compss-serialized-obj_1c59513e-ae16-11e9-9ddc-a44cc871a000-6 /home/cramonco/.COMPSs/filter.py/6cf06f0f-da27-40b5-a759-ed13d81eb2bd/COMPSsWorker01/d2v1_1563974571184.IT 2000 200
  * Parameter streams: UNSPECIFIED UNSPECIFIED UNSPECIFIED UNSPECIFIED
  * Parameter prefixes: null null null null
  * Has Target: false
  * Has Return: true
[INVOKER] COMPSS_HOSTNAMES: COMPSsWorker01
[INVOKER] COMPSS_NUM_NODES: 1
[INVOKER] COMPSS_NUM_THREADS: 1
[EXECUTOR] executeTask - End task execution
utor - Received task in process: Process-2
pycompss.worker.piper.piper_worker pipe_executor -  - TASK CMD: ['EXECUTE_TASK', '5', '/home/cramonco/.COMPSs/filter.py/6cf06f0f-da27-40b5-a759-ed13d81eb2bd/COMPSsWorker01/jobs/job5_NEW.out', '/home/cramonco/.COMPSs/filter.py/6cf06f0f-da27-40b5-a759-ed13d81eb2bd/COMPSsWorker01/jobs/job5_NEW.err', '0', '5', 'true', 'null', 'METHOD', 'big_filter', 'filter_files', '0', '1', 'COMPSsWorker01', '1', 'false', 'null', '0', '4', '9', '3', 'null', 'files_to_process', '/home/cramonco/.COMPSs/filter.py/6cf06f0f-da27-40b5-a759-ed13d81eb2bd/COMPSsWorker01/sandBox/job_5/compss-serialized-obj_1c59513e-ae16-11e9-9ddc-a44cc871a000-6:d6v1_1563974571184.IT:true:false:/home/cramonco/.COMPSs/filter.py/6cf06f0f-da27-40b5-a759-ed13d81eb2bd/COMPSsWorker01/sandBox/job_5/compss-serialized-obj_1c59513e-ae16-11e9-9ddc-a44cc871a000-6', '28', '3', 'null', 'output_fds', '/home/cramonco/.COMPSs/filter.py/6cf06f0f-da27-40b5-a759-ed13d81eb2bd/COMPSsWorker01/d2v1_1563974571184.IT', 'W', '4', '3', 'null', 'base_sleep_time', '2000', '4', '3', 'null', 'sleep_random_range', '200']
pycompss.worker.piper.piper_worker pipe_executor - Process environment:
pycompss.worker.piper.piper_worker pipe_executor - 	 - Number of nodes: 1
pycompss.worker.piper.piper_worker pipe_executor - 	 - Hostnames: COMPSsWorker01
pycompss.worker.piper.piper_worker pipe_executor - 	 - Number of threads: 1
pycompss.worker.piper.piper_worker worker_commons - Begin task execution in Process-2
pycompss.worker.piper.piper_worker worker_commons - Storage conf: null
pycompss.worker.piper.piper_worker worker_commons - Params: ['big_filter', 'filter_files', '0', '1', 'COMPSsWorker01', '1', 'false', 'null', '0', '4', '9', '3', 'null', 'files_to_process', '/home/cramonco/.COMPSs/filter.py/6cf06f0f-da27-40b5-a759-ed13d81eb2bd/COMPSsWorker01/sandBox/job_5/compss-serialized-obj_1c59513e-ae16-11e9-9ddc-a44cc871a000-6:d6v1_1563974571184.IT:true:false:/home/cramonco/.COMPSs/filter.py/6cf06f0f-da27-40b5-a759-ed13d81eb2bd/COMPSsWorker01/sandBox/job_5/compss-serialized-obj_1c59513e-ae16-11e9-9ddc-a44cc871a000-6', '28', '3', 'null', 'output_fds', '/home/cramonco/.COMPSs/filter.py/6cf06f0f-da27-40b5-a759-ed13d81eb2bd/COMPSsWorker01/d2v1_1563974571184.IT', 'W', '4', '3', 'null', 'base_sleep_time', '2000', '4', '3', 'null', 'sleep_random_range', '200']
pycompss.worker.piper.piper_worker worker_commons - Path: big_filter
pycompss.worker.piper.piper_worker worker_commons - Method name: filter_files
pycompss.worker.piper.piper_worker worker_commons - Num slaves: 1
pycompss.worker.piper.piper_worker worker_commons - Slaves: ['1']
pycompss.worker.piper.piper_worker worker_commons - Cus: 1
pycompss.worker.piper.piper_worker worker_commons - Has target: false
pycompss.worker.piper.piper_worker worker_commons - Num Params: 4
pycompss.worker.piper.piper_worker worker_commons - Return Length: 0
pycompss.worker.piper.piper_worker worker_commons - Args: ['9', '3', 'null', 'files_to_process', '/home/cramonco/.COMPSs/filter.py/6cf06f0f-da27-40b5-a759-ed13d81eb2bd/COMPSsWorker01/sandBox/job_5/compss-serialized-obj_1c59513e-ae16-11e9-9ddc-a44cc871a000-6:d6v1_1563974571184.IT:true:false:/home/cramonco/.COMPSs/filter.py/6cf06f0f-da27-40b5-a759-ed13d81eb2bd/COMPSsWorker01/sandBox/job_5/compss-serialized-obj_1c59513e-ae16-11e9-9ddc-a44cc871a000-6', '28', '3', 'null', 'output_fds', '/home/cramonco/.COMPSs/filter.py/6cf06f0f-da27-40b5-a759-ed13d81eb2bd/COMPSsWorker01/d2v1_1563974571184.IT', 'W', '4', '3', 'null', 'base_sleep_time', '2000', '4', '3', 'null', 'sleep_random_range', '200']
pycompss.worker.piper.piper_worker worker_commons - Processing parameters:
pycompss.worker.piper.piper_worker worker_commons - Parameter : 0
pycompss.worker.piper.piper_worker worker_commons - 	 * Type : 9
pycompss.worker.piper.piper_worker worker_commons - 	 * Std IO Stream : 3
pycompss.worker.piper.piper_worker worker_commons - 	 * Prefix : null
pycompss.worker.piper.piper_worker worker_commons - 	 * Name : files_to_process
pycompss.worker.piper.piper_worker worker_commons - 	 * Value: '/home/cramonco/.COMPSs/filter.py/6cf06f0f-da27-40b5-a759-ed13d81eb2bd/COMPSsWorker01/sandBox/job_5/compss-serialized-obj_1c59513e-ae16-11e9-9ddc-a44cc871a000-6:d6v1_1563974571184.IT:true:false:/home/cramonco/.COMPSs/filter.py/6cf06f0f-da27-40b5-a759-ed13d81eb2bd/COMPSsWorker01/sandBox/job_5/compss-serialized-obj_1c59513e-ae16-11e9-9ddc-a44cc871a000-6'
pycompss.worker.piper.piper_worker worker_commons - Parameter : 1
pycompss.worker.piper.piper_worker worker_commons - 	 * Type : 28
pycompss.worker.piper.piper_worker worker_commons - 	 * Std IO Stream : 3
pycompss.worker.piper.piper_worker worker_commons - 	 * Prefix : null
pycompss.worker.piper.piper_worker worker_commons - 	 * Name : output_fds
pycompss.worker.piper.piper_worker worker_commons - 	 * Value: '/home/cramonco/.COMPSs/filter.py/6cf06f0f-da27-40b5-a759-ed13d81eb2bd/COMPSsWorker01/d2v1_1563974571184.IT'
pycompss.worker.piper.piper_worker worker_commons - Parameter : 2
pycompss.worker.piper.piper_worker worker_commons - 	 * Type : 4
pycompss.worker.piper.piper_worker worker_commons - 	 * Std IO Stream : 3
pycompss.worker.piper.piper_worker worker_commons - 	 * Prefix : null
pycompss.worker.piper.piper_worker worker_commons - 	 * Name : base_sleep_time
pycompss.worker.piper.piper_worker worker_commons - 	 * Value: '2000'
pycompss.worker.piper.piper_worker worker_commons - Parameter : 3
pycompss.worker.piper.piper_worker worker_commons - 	 * Type : 4
pycompss.worker.piper.piper_worker worker_commons - 	 * Std IO Stream : 3
pycompss.worker.piper.piper_worker worker_commons - 	 * Prefix : null
pycompss.worker.piper.piper_worker worker_commons - 	 * Name : sleep_random_range
pycompss.worker.piper.piper_worker worker_commons - 	 * Value: '200'
pycompss.worker.piper.piper_worker worker_commons - RUN TASK with arguments:
pycompss.worker.piper.piper_worker worker_commons - 	- Path: big_filter
pycompss.worker.piper.piper_worker worker_commons - 	- Method/function name: filter_files
pycompss.worker.piper.piper_worker worker_commons - 	- Has target: false
pycompss.worker.piper.piper_worker worker_commons - 	- # parameters: 4
pycompss.worker.piper.piper_worker worker_commons - 	- Values:
pycompss.worker.piper.piper_worker worker_commons - 		 
Parameter files_to_process
	Type 9
	File Name /home/cramonco/.COMPSs/filter.py/6cf06f0f-da27-40b5-a759-ed13d81eb2bd/COMPSsWorker01/sandBox/job_5/compss-serialized-obj_1c59513e-ae16-11e9-9ddc-a44cc871a000-6:d6v1_1563974571184.IT:true:false:/home/cramonco/.COMPSs/filter.py/6cf06f0f-da27-40b5-a759-ed13d81eb2bd/COMPSsWorker01/sandBox/job_5/compss-serialized-obj_1c59513e-ae16-11e9-9ddc-a44cc871a000-6
	Key None
	Content None
	Stream 3
	Prefix null
--------------------

pycompss.worker.piper.piper_worker worker_commons - 		 
Parameter output_fds
	Type 28
	File Name /home/cramonco/.COMPSs/filter.py/6cf06f0f-da27-40b5-a759-ed13d81eb2bd/COMPSsWorker01/d2v1_1563974571184.IT
	Key None
	Content None
	Stream 3
	Prefix null
--------------------

pycompss.worker.piper.piper_worker worker_commons - 		 
Parameter base_sleep_time
	Type 4
	File Name None
	Key None
	Content 2000
	Stream 3
	Prefix null
--------------------

pycompss.worker.piper.piper_worker worker_commons - 		 
Parameter sleep_random_range
	Type 4
	File Name None
	Key None
	Content 200
	Stream 3
	Prefix null
--------------------

pycompss.worker.piper.piper_worker worker_commons - 	- COMPSs types:
pycompss.worker.piper.piper_worker worker_commons - 		 9
pycompss.worker.piper.piper_worker worker_commons - 		 28
pycompss.worker.piper.piper_worker worker_commons - 		 4
pycompss.worker.piper.piper_worker worker_commons - 		 4
pycompss.worker.piper.piper_worker worker_commons - Trying to import the user module: big_filter
pycompss.worker.piper.piper_worker worker_commons - Module successfully loaded (Python version >= 2.7)
pycompss.worker.piper.piper_worker worker_commons - Starting task execution
pycompss.worker.piper.piper_worker worker_commons - module     : <module 'big_filter' from '/home/cramonco/gitlab/projects/distro-stream-lib/examples/nested-hybrid-python/big_filter.pyc'> 
pycompss.worker.piper.piper_worker worker_commons - method_name: filter_files 
pycompss.worker.piper.piper_worker worker_commons - time_out   : 0 
pycompss.worker.piper.piper_worker worker_commons - Types      : [9, 28, 4, 4] 
pycompss.worker.piper.piper_worker worker_commons - Values     : [
Parameter files_to_process
	Type 9
	File Name /home/cramonco/.COMPSs/filter.py/6cf06f0f-da27-40b5-a759-ed13d81eb2bd/COMPSsWorker01/sandBox/job_5/compss-serialized-obj_1c59513e-ae16-11e9-9ddc-a44cc871a000-6:d6v1_1563974571184.IT:true:false:/home/cramonco/.COMPSs/filter.py/6cf06f0f-da27-40b5-a759-ed13d81eb2bd/COMPSsWorker01/sandBox/job_5/compss-serialized-obj_1c59513e-ae16-11e9-9ddc-a44cc871a000-6
	Key None
	Content None
	Stream 3
	Prefix null
--------------------
, 
Parameter output_fds
	Type 28
	File Name /home/cramonco/.COMPSs/filter.py/6cf06f0f-da27-40b5-a759-ed13d81eb2bd/COMPSsWorker01/d2v1_1563974571184.IT
	Key None
	Content None
	Stream 3
	Prefix null
--------------------
, 
Parameter base_sleep_time
	Type 4
	File Name None
	Key None
	Content 2000
	Stream 3
	Prefix null
--------------------
, 
Parameter sleep_random_range
	Type 4
	File Name None
	Key None
	Content 200
	Stream 3
	Prefix null
--------------------
] 
pycompss.worker.piper.piper_worker worker_commons - P. storage : False 
pycompss.worker.piper.piper_worker worker_commons - Storage cfg: null 
pycompss.worker.piper.piper_worker worker_commons - Exit code : 0 
pycompss.worker.piper.piper_worker worker_commons - Return Types : [9, 28, 4, 4] 
pycompss.worker.piper.piper_worker worker_commons - Return Values: ['null', 'null', 'null', 'null'] 
pycompss.worker.piper.piper_worker worker_commons - Return target_direction: Parameter(type=None, direction=2, stream=3, prefix=null
          object=None
          file_name=None
          is_future=False) 
pycompss.worker.piper.piper_worker worker_commons - Return timed_out: False 
pycompss.worker.piper.piper_worker worker_commons - Return exception_message:  
pycompss.worker.piper.piper_worker worker_commons - Finished task execution
pycompss.worker.piper.piper_worker worker_commons - End task execution. Status: Ok
[DEBUG] Polling new files
[DEBUG] Processing file /home/cramonco/gitlab/projects/distro-stream-lib/examples/nested-hybrid-python/run_scripts/exec/sensor/file1
['File generated at 2019-07-24 15:22:50.727530\n']
[DEBUG] Generating filtered file /home/cramonco/gitlab/projects/distro-stream-lib/examples/nested-hybrid-python/run_scripts/exec//filter//filtered_file_file1
[DEBUG] Processing file /home/cramonco/gitlab/projects/distro-stream-lib/examples/nested-hybrid-python/run_scripts/exec/sensor/file12
['File generated at 2019-07-24 15:22:50.729887\n']
[DEBUG] Generating filtered file /home/cramonco/gitlab/projects/distro-stream-lib/examples/nested-hybrid-python/run_scripts/exec//filter//filtered_file_file12
[DEBUG] Processing file /home/cramonco/gitlab/projects/distro-stream-lib/examples/nested-hybrid-python/run_scripts/exec/sensor/file2
['File generated at 2019-07-24 15:22:50.727848\n']
[DEBUG] Generating filtered file /home/cramonco/gitlab/projects/distro-stream-lib/examples/nested-hybrid-python/run_scripts/exec//filter//filtered_file_file2
[DEBUG] Processing file /home/cramonco/gitlab/projects/distro-stream-lib/examples/nested-hybrid-python/run_scripts/exec/sensor/file27
['File generated at 2019-07-24 15:22:50.732811\n']
[DEBUG] Generating filtered file /home/cramonco/gitlab/projects/distro-stream-lib/examples/nested-hybrid-python/run_scripts/exec//filter//filtered_file_file27
[DEBUG] Processing file /home/cramonco/gitlab/projects/distro-stream-lib/examples/nested-hybrid-python/run_scripts/exec/sensor/file26
['File generated at 2019-07-24 15:22:50.732642\n']
[DEBUG] Generating filtered file /home/cramonco/gitlab/projects/distro-stream-lib/examples/nested-hybrid-python/run_scripts/exec//filter//filtered_file_file26
[DEBUG] Processing file /home/cramonco/gitlab/projects/distro-stream-lib/examples/nested-hybrid-python/run_scripts/exec/sensor/file36
['File generated at 2019-07-24 15:22:50.734602\n']
[DEBUG] Generating filtered file /home/cramonco/gitlab/projects/distro-stream-lib/examples/nested-hybrid-python/run_scripts/exec//filter//filtered_file_file36
[DEBUG] Processing file /home/cramonco/gitlab/projects/distro-stream-lib/examples/nested-hybrid-python/run_scripts/exec/sensor/file6
['File generated at 2019-07-24 15:22:50.728707\n']
[DEBUG] Generating filtered file /home/cramonco/gitlab/projects/distro-stream-lib/examples/nested-hybrid-python/run_scripts/exec//filter//filtered_file_file6
[DEBUG] Processing file /home/cramonco/gitlab/projects/distro-stream-lib/examples/nested-hybrid-python/run_scripts/exec/sensor/file16
['File generated at 2019-07-24 15:22:50.730676\n']
[DEBUG] Generating filtered file /home/cramonco/gitlab/projects/distro-stream-lib/examples/nested-hybrid-python/run_scripts/exec//filter//filtered_file_file16
[DEBUG] Processing file /home/cramonco/gitlab/projects/distro-stream-lib/examples/nested-hybrid-python/run_scripts/exec/sensor/file8
['File generated at 2019-07-24 15:22:50.729064\n']
[DEBUG] Generating filtered file /home/cramonco/gitlab/projects/distro-stream-lib/examples/nested-hybrid-python/run_scripts/exec//filter//filtered_file_file8
[DEBUG] Processing file /home/cramonco/gitlab/projects/distro-stream-lib/examples/nested-hybrid-python/run_scripts/exec/sensor/file42
['File generated at 2019-07-24 15:22:50.735687\n']
[DEBUG] Generating filtered file /home/cramonco/gitlab/projects/distro-stream-lib/examples/nested-hybrid-python/run_scripts/exec//filter//filtered_file_file42
[DEBUG] Closing stream
pycompss.worker.piper.piper_worker pipe_executor - Process-2 - Pipe /home/cramonco/.COMPSs/filter.py/6cf06f0f-da27-40b5-a759-ed13d81eb2bd/COMPSsWorker01/pipe_1501425572_compute2.inbound END TASK MESSAGE: END_TASK 5 0 4 9 null 28 null 4 null 4 null 

pycompss.worker.piper.piper_worker pipe_executor - Cleaning environment.
pycompss.worker.piper.piper_worker pipe_executor - Restoring loggers.
