[EXECUTOR] executeTask - Begin task execution
WORKER - Parameters of execution:
  * Method type: METHOD
  * Method definition: [DECLARING CLASS=filters.BigFilterTasks, METHOD NAME=filterObjects]
  * Parameter types: java.util.LinkedList es.bsc.distrostreamlib.api.objects.ObjectDistroStream int int
  * Parameter values: [MyElement[IF=[object0,],P=false], MyElement[IF=[object1,],P=false], MyElement[IF=[object2,],P=false], MyElement[IF=[object3,],P=false], MyElement[IF=[object4,],P=false], MyElement[IF=[object5,],P=false], MyElement[IF=[object6,],P=false], MyElement[IF=[object7,],P=false], MyElement[IF=[object8,],P=false], MyElement[IF=[object9,],P=false]] es.bsc.distrostreamlib.api.objects.ObjectDistroStream@7192310d 2000 200
  * Parameter streams: UNSPECIFIED UNSPECIFIED UNSPECIFIED UNSPECIFIED
  * Parameter prefixes: null null null null
  * Has Target: false
  * Has Return: true
[INVOKER] COMPSS_HOSTNAMES: COMPSsWorker02
[INVOKER] COMPSS_NUM_NODES: 1
[INVOKER] COMPSS_NUM_THREADS: 1
[DEBUG] Processing object MyElement[IF=[object0,],P=false]
Generating filtered object
[DEBUG] Processing object MyElement[IF=[object1,],P=false]
Generating filtered object
[DEBUG] Processing object MyElement[IF=[object2,],P=false]
Generating filtered object
[DEBUG] Processing object MyElement[IF=[object3,],P=false]
Generating filtered object
[DEBUG] Processing object MyElement[IF=[object4,],P=false]
Generating filtered object
[DEBUG] Processing object MyElement[IF=[object5,],P=false]
Generating filtered object
[DEBUG] Processing object MyElement[IF=[object6,],P=false]
Generating filtered object
[DEBUG] Processing object MyElement[IF=[object7,],P=false]
Generating filtered object
[DEBUG] Processing object MyElement[IF=[object8,],P=false]
Generating filtered object
[DEBUG] Processing object MyElement[IF=[object9,],P=false]
Generating filtered object
[EXECUTOR] executeTask - End task execution
