[EXECUTOR] executeTask - Begin task execution
WORKER - Parameters of execution:
  * Method type: METHOD
  * Method definition: [DECLARING CLASS=filters.BigFilterTasks, METHOD NAME=filterObjects]
  * Parameter types: java.util.LinkedList es.bsc.distrostreamlib.api.objects.ObjectDistroStream int int
  * Parameter values: [MyElement[IF=[object20,],P=false], MyElement[IF=[object21,],P=false], MyElement[IF=[object22,],P=false], MyElement[IF=[object23,],P=false], MyElement[IF=[object24,],P=false], MyElement[IF=[object25,],P=false], MyElement[IF=[object26,],P=false], MyElement[IF=[object27,],P=false], MyElement[IF=[object28,],P=false], MyElement[IF=[object29,],P=false]] es.bsc.distrostreamlib.api.objects.ObjectDistroStream@7192310d 2000 200
  * Parameter streams: UNSPECIFIED UNSPECIFIED UNSPECIFIED UNSPECIFIED
  * Parameter prefixes: null null null null
  * Has Target: false
  * Has Return: true
[INVOKER] COMPSS_HOSTNAMES: COMPSsWorker02
[INVOKER] COMPSS_NUM_NODES: 1
[INVOKER] COMPSS_NUM_THREADS: 1
[DEBUG] Processing object MyElement[IF=[object20,],P=false]
Generating filtered object
[DEBUG] Processing object MyElement[IF=[object21,],P=false]
Generating filtered object
[DEBUG] Processing object MyElement[IF=[object22,],P=false]
Generating filtered object
[DEBUG] Processing object MyElement[IF=[object23,],P=false]
Generating filtered object
[DEBUG] Processing object MyElement[IF=[object24,],P=false]
Generating filtered object
[DEBUG] Processing object MyElement[IF=[object25,],P=false]
Generating filtered object
[DEBUG] Processing object MyElement[IF=[object26,],P=false]
Generating filtered object
[DEBUG] Processing object MyElement[IF=[object27,],P=false]
Generating filtered object
[DEBUG] Processing object MyElement[IF=[object28,],P=false]
Generating filtered object
[DEBUG] Processing object MyElement[IF=[object29,],P=false]
Generating filtered object
[EXECUTOR] executeTask - End task execution
