[EXECUTOR] executeTask - Begin task execution
WORKER - Parameters of execution:
  * Method type: METHOD
  * Method definition: [DECLARING CLASS=filters.BigFilterTasks, METHOD NAME=filterObjects]
  * Parameter types: java.util.LinkedList es.bsc.distrostreamlib.api.objects.ObjectDistroStream int int
  * Parameter values: [MyElement[IF=[object30,],P=false], MyElement[IF=[object31,],P=false], MyElement[IF=[object32,],P=false], MyElement[IF=[object33,],P=false], MyElement[IF=[object34,],P=false], MyElement[IF=[object35,],P=false], MyElement[IF=[object36,],P=false]] es.bsc.distrostreamlib.api.objects.ObjectDistroStream@7192310d 2000 200
  * Parameter streams: UNSPECIFIED UNSPECIFIED UNSPECIFIED UNSPECIFIED
  * Parameter prefixes: null null null null
  * Has Target: false
  * Has Return: true
[INVOKER] COMPSS_HOSTNAMES: COMPSsWorker02
[INVOKER] COMPSS_NUM_NODES: 1
[INVOKER] COMPSS_NUM_THREADS: 1
[DEBUG] Processing object MyElement[IF=[object30,],P=false]
Generating filtered object
[DEBUG] Processing object MyElement[IF=[object31,],P=false]
Generating filtered object
[DEBUG] Processing object MyElement[IF=[object32,],P=false]
Generating filtered object
[DEBUG] Processing object MyElement[IF=[object33,],P=false]
Generating filtered object
[DEBUG] Processing object MyElement[IF=[object34,],P=false]
Generating filtered object
[DEBUG] Processing object MyElement[IF=[object35,],P=false]
Generating filtered object
[DEBUG] Processing object MyElement[IF=[object36,],P=false]
Generating filtered object
[EXECUTOR] executeTask - End task execution
