[EXECUTOR] executeTask - Begin task execution
WORKER - Parameters of execution:
  * Method type: METHOD
  * Method definition: [DECLARING CLASS=task_flow, METHOD NAME=tf_task]
  * Parameter types: java.lang.String int int
  * Parameter values: /home/cramonco/.COMPSs/tf.py/236ee2ba-050f-49ae-a850-cd5367d54b25/COMPSsWorker01/sandBox/job_15/compss-serialized-obj_3df0c8ae-ae16-11e9-8811-a44cc871a000-17 1000 50
  * Parameter streams: UNSPECIFIED UNSPECIFIED UNSPECIFIED
  * Parameter prefixes: null null null
  * Has Target: false
  * Has Return: true
[INVOKER] COMPSS_HOSTNAMES: COMPSsWorker01
[INVOKER] COMPSS_NUM_NODES: 1
[INVOKER] COMPSS_NUM_THREADS: 1
[EXECUTOR] executeTask - End task execution
utor - Received task in process: Process-2
pycompss.worker.piper.piper_worker pipe_executor -  - TASK CMD: ['EXECUTE_TASK', '15', '/home/cramonco/.COMPSs/tf.py/236ee2ba-050f-49ae-a850-cd5367d54b25/COMPSsWorker01/jobs/job15_NEW.out', '/home/cramonco/.COMPSs/tf.py/236ee2ba-050f-49ae-a850-cd5367d54b25/COMPSsWorker01/jobs/job15_NEW.err', '0', '12', 'true', 'null', 'METHOD', 'task_flow', 'tf_task', '0', '1', 'COMPSsWorker01', '1', 'false', '9', '1', '4', '9', '3', 'null', 'e', '/home/cramonco/.COMPSs/tf.py/236ee2ba-050f-49ae-a850-cd5367d54b25/COMPSsWorker01/sandBox/job_15/compss-serialized-obj_3df0c8ae-ae16-11e9-8811-a44cc871a000-17:d16v3_1563974617241.IT:false:true:/home/cramonco/.COMPSs/tf.py/236ee2ba-050f-49ae-a850-cd5367d54b25/COMPSsWorker01/sandBox/job_15/compss-serialized-obj_3df0c8ae-ae16-11e9-8811-a44cc871a000-17', '4', '3', 'null', 'base_sleep_time', '1000', '4', '3', 'null', 'sleep_random_range', '50', '9', '3', '#', '$return_0', '/home/cramonco/.COMPSs/tf.py/236ee2ba-050f-49ae-a850-cd5367d54b25/COMPSsWorker01/sandBox/job_15/compss-serialized-obj_3df0c8ae-ae16-11e9-8811-a44cc871a000-18:d18v2_1563974617241.IT:false:true:/home/cramonco/.COMPSs/tf.py/236ee2ba-050f-49ae-a850-cd5367d54b25/COMPSsWorker01/sandBox/job_15/compss-serialized-obj_3df0c8ae-ae16-11e9-8811-a44cc871a000-18']
pycompss.worker.piper.piper_worker pipe_executor - Process environment:
pycompss.worker.piper.piper_worker pipe_executor - 	 - Number of nodes: 1
pycompss.worker.piper.piper_worker pipe_executor - 	 - Hostnames: COMPSsWorker01
pycompss.worker.piper.piper_worker pipe_executor - 	 - Number of threads: 1
pycompss.worker.piper.piper_worker worker_commons - Begin task execution in Process-2
pycompss.worker.piper.piper_worker worker_commons - Storage conf: null
pycompss.worker.piper.piper_worker worker_commons - Params: ['task_flow', 'tf_task', '0', '1', 'COMPSsWorker01', '1', 'false', '9', '1', '4', '9', '3', 'null', 'e', '/home/cramonco/.COMPSs/tf.py/236ee2ba-050f-49ae-a850-cd5367d54b25/COMPSsWorker01/sandBox/job_15/compss-serialized-obj_3df0c8ae-ae16-11e9-8811-a44cc871a000-17:d16v3_1563974617241.IT:false:true:/home/cramonco/.COMPSs/tf.py/236ee2ba-050f-49ae-a850-cd5367d54b25/COMPSsWorker01/sandBox/job_15/compss-serialized-obj_3df0c8ae-ae16-11e9-8811-a44cc871a000-17', '4', '3', 'null', 'base_sleep_time', '1000', '4', '3', 'null', 'sleep_random_range', '50', '9', '3', '#', '$return_0', '/home/cramonco/.COMPSs/tf.py/236ee2ba-050f-49ae-a850-cd5367d54b25/COMPSsWorker01/sandBox/job_15/compss-serialized-obj_3df0c8ae-ae16-11e9-8811-a44cc871a000-18:d18v2_1563974617241.IT:false:true:/home/cramonco/.COMPSs/tf.py/236ee2ba-050f-49ae-a850-cd5367d54b25/COMPSsWorker01/sandBox/job_15/compss-serialized-obj_3df0c8ae-ae16-11e9-8811-a44cc871a000-18']
pycompss.worker.piper.piper_worker worker_commons - Path: task_flow
pycompss.worker.piper.piper_worker worker_commons - Method name: tf_task
pycompss.worker.piper.piper_worker worker_commons - Num slaves: 1
pycompss.worker.piper.piper_worker worker_commons - Slaves: ['1']
pycompss.worker.piper.piper_worker worker_commons - Cus: 1
pycompss.worker.piper.piper_worker worker_commons - Has target: false
pycompss.worker.piper.piper_worker worker_commons - Num Params: 4
pycompss.worker.piper.piper_worker worker_commons - Return Length: 1
pycompss.worker.piper.piper_worker worker_commons - Args: ['9', '3', 'null', 'e', '/home/cramonco/.COMPSs/tf.py/236ee2ba-050f-49ae-a850-cd5367d54b25/COMPSsWorker01/sandBox/job_15/compss-serialized-obj_3df0c8ae-ae16-11e9-8811-a44cc871a000-17:d16v3_1563974617241.IT:false:true:/home/cramonco/.COMPSs/tf.py/236ee2ba-050f-49ae-a850-cd5367d54b25/COMPSsWorker01/sandBox/job_15/compss-serialized-obj_3df0c8ae-ae16-11e9-8811-a44cc871a000-17', '4', '3', 'null', 'base_sleep_time', '1000', '4', '3', 'null', 'sleep_random_range', '50', '9', '3', '#', '$return_0', '/home/cramonco/.COMPSs/tf.py/236ee2ba-050f-49ae-a850-cd5367d54b25/COMPSsWorker01/sandBox/job_15/compss-serialized-obj_3df0c8ae-ae16-11e9-8811-a44cc871a000-18:d18v2_1563974617241.IT:false:true:/home/cramonco/.COMPSs/tf.py/236ee2ba-050f-49ae-a850-cd5367d54b25/COMPSsWorker01/sandBox/job_15/compss-serialized-obj_3df0c8ae-ae16-11e9-8811-a44cc871a000-18']
pycompss.worker.piper.piper_worker worker_commons - Processing parameters:
pycompss.worker.piper.piper_worker worker_commons - Parameter : 0
pycompss.worker.piper.piper_worker worker_commons - 	 * Type : 9
pycompss.worker.piper.piper_worker worker_commons - 	 * Std IO Stream : 3
pycompss.worker.piper.piper_worker worker_commons - 	 * Prefix : null
pycompss.worker.piper.piper_worker worker_commons - 	 * Name : e
pycompss.worker.piper.piper_worker worker_commons - 	 * Value: '/home/cramonco/.COMPSs/tf.py/236ee2ba-050f-49ae-a850-cd5367d54b25/COMPSsWorker01/sandBox/job_15/compss-serialized-obj_3df0c8ae-ae16-11e9-8811-a44cc871a000-17:d16v3_1563974617241.IT:false:true:/home/cramonco/.COMPSs/tf.py/236ee2ba-050f-49ae-a850-cd5367d54b25/COMPSsWorker01/sandBox/job_15/compss-serialized-obj_3df0c8ae-ae16-11e9-8811-a44cc871a000-17'
pycompss.worker.piper.piper_worker worker_commons - Parameter : 1
pycompss.worker.piper.piper_worker worker_commons - 	 * Type : 4
pycompss.worker.piper.piper_worker worker_commons - 	 * Std IO Stream : 3
pycompss.worker.piper.piper_worker worker_commons - 	 * Prefix : null
pycompss.worker.piper.piper_worker worker_commons - 	 * Name : base_sleep_time
pycompss.worker.piper.piper_worker worker_commons - 	 * Value: '1000'
pycompss.worker.piper.piper_worker worker_commons - Parameter : 2
pycompss.worker.piper.piper_worker worker_commons - 	 * Type : 4
pycompss.worker.piper.piper_worker worker_commons - 	 * Std IO Stream : 3
pycompss.worker.piper.piper_worker worker_commons - 	 * Prefix : null
pycompss.worker.piper.piper_worker worker_commons - 	 * Name : sleep_random_range
pycompss.worker.piper.piper_worker worker_commons - 	 * Value: '50'
pycompss.worker.piper.piper_worker worker_commons - Parameter : 3
pycompss.worker.piper.piper_worker worker_commons - 	 * Type : 9
pycompss.worker.piper.piper_worker worker_commons - 	 * Std IO Stream : 3
pycompss.worker.piper.piper_worker worker_commons - 	 * Prefix : #
pycompss.worker.piper.piper_worker worker_commons - 	 * Name : $return_0
pycompss.worker.piper.piper_worker worker_commons - 	 * Value: '/home/cramonco/.COMPSs/tf.py/236ee2ba-050f-49ae-a850-cd5367d54b25/COMPSsWorker01/sandBox/job_15/compss-serialized-obj_3df0c8ae-ae16-11e9-8811-a44cc871a000-18:d18v2_1563974617241.IT:false:true:/home/cramonco/.COMPSs/tf.py/236ee2ba-050f-49ae-a850-cd5367d54b25/COMPSsWorker01/sandBox/job_15/compss-serialized-obj_3df0c8ae-ae16-11e9-8811-a44cc871a000-18'
pycompss.worker.piper.piper_worker worker_commons - RUN TASK with arguments:
pycompss.worker.piper.piper_worker worker_commons - 	- Path: task_flow
pycompss.worker.piper.piper_worker worker_commons - 	- Method/function name: tf_task
pycompss.worker.piper.piper_worker worker_commons - 	- Has target: false
pycompss.worker.piper.piper_worker worker_commons - 	- # parameters: 4
pycompss.worker.piper.piper_worker worker_commons - 	- Values:
pycompss.worker.piper.piper_worker worker_commons - 		 
Parameter e
	Type 9
	File Name /home/cramonco/.COMPSs/tf.py/236ee2ba-050f-49ae-a850-cd5367d54b25/COMPSsWorker01/sandBox/job_15/compss-serialized-obj_3df0c8ae-ae16-11e9-8811-a44cc871a000-17:d16v3_1563974617241.IT:false:true:/home/cramonco/.COMPSs/tf.py/236ee2ba-050f-49ae-a850-cd5367d54b25/COMPSsWorker01/sandBox/job_15/compss-serialized-obj_3df0c8ae-ae16-11e9-8811-a44cc871a000-17
	Key None
	Content None
	Stream 3
	Prefix null
--------------------

pycompss.worker.piper.piper_worker worker_commons - 		 
Parameter base_sleep_time
	Type 4
	File Name None
	Key None
	Content 1000
	Stream 3
	Prefix null
--------------------

pycompss.worker.piper.piper_worker worker_commons - 		 
Parameter sleep_random_range
	Type 4
	File Name None
	Key None
	Content 50
	Stream 3
	Prefix null
--------------------

pycompss.worker.piper.piper_worker worker_commons - 		 
Parameter $return_0
	Type 9
	File Name /home/cramonco/.COMPSs/tf.py/236ee2ba-050f-49ae-a850-cd5367d54b25/COMPSsWorker01/sandBox/job_15/compss-serialized-obj_3df0c8ae-ae16-11e9-8811-a44cc871a000-18:d18v2_1563974617241.IT:false:true:/home/cramonco/.COMPSs/tf.py/236ee2ba-050f-49ae-a850-cd5367d54b25/COMPSsWorker01/sandBox/job_15/compss-serialized-obj_3df0c8ae-ae16-11e9-8811-a44cc871a000-18
	Key None
	Content None
	Stream 3
	Prefix #
--------------------

pycompss.worker.piper.piper_worker worker_commons - 	- COMPSs types:
pycompss.worker.piper.piper_worker worker_commons - 		 9
pycompss.worker.piper.piper_worker worker_commons - 		 4
pycompss.worker.piper.piper_worker worker_commons - 		 4
pycompss.worker.piper.piper_worker worker_commons - 		 9
pycompss.worker.piper.piper_worker worker_commons - Trying to import the user module: task_flow
pycompss.worker.piper.piper_worker worker_commons - Module successfully loaded (Python version >= 2.7)
pycompss.worker.piper.piper_worker worker_commons - Starting task execution
pycompss.worker.piper.piper_worker worker_commons - module     : <module 'task_flow' from '/home/cramonco/gitlab/projects/distro-stream-lib/examples/nested-hybrid-python/task_flow.pyc'> 
pycompss.worker.piper.piper_worker worker_commons - method_name: tf_task 
pycompss.worker.piper.piper_worker worker_commons - time_out   : 0 
pycompss.worker.piper.piper_worker worker_commons - Types      : [9, 4, 4, 9] 
pycompss.worker.piper.piper_worker worker_commons - Values     : [
Parameter e
	Type 9
	File Name /home/cramonco/.COMPSs/tf.py/236ee2ba-050f-49ae-a850-cd5367d54b25/COMPSsWorker01/sandBox/job_15/compss-serialized-obj_3df0c8ae-ae16-11e9-8811-a44cc871a000-17:d16v3_1563974617241.IT:false:true:/home/cramonco/.COMPSs/tf.py/236ee2ba-050f-49ae-a850-cd5367d54b25/COMPSsWorker01/sandBox/job_15/compss-serialized-obj_3df0c8ae-ae16-11e9-8811-a44cc871a000-17
	Key None
	Content None
	Stream 3
	Prefix null
--------------------
, 
Parameter base_sleep_time
	Type 4
	File Name None
	Key None
	Content 1000
	Stream 3
	Prefix null
--------------------
, 
Parameter sleep_random_range
	Type 4
	File Name None
	Key None
	Content 50
	Stream 3
	Prefix null
--------------------
, 
Parameter $return_0
	Type 9
	File Name /home/cramonco/.COMPSs/tf.py/236ee2ba-050f-49ae-a850-cd5367d54b25/COMPSsWorker01/sandBox/job_15/compss-serialized-obj_3df0c8ae-ae16-11e9-8811-a44cc871a000-18:d18v2_1563974617241.IT:false:true:/home/cramonco/.COMPSs/tf.py/236ee2ba-050f-49ae-a850-cd5367d54b25/COMPSsWorker01/sandBox/job_15/compss-serialized-obj_3df0c8ae-ae16-11e9-8811-a44cc871a000-18
	Key None
	Content None
	Stream 3
	Prefix #
--------------------
] 
pycompss.worker.piper.piper_worker worker_commons - P. storage : False 
pycompss.worker.piper.piper_worker worker_commons - Storage cfg: null 
pycompss.worker.piper.piper_worker worker_commons - Exit code : 0 
pycompss.worker.piper.piper_worker worker_commons - Return Types : [9, 4, 4, 9] 
pycompss.worker.piper.piper_worker worker_commons - Return Values: ['null', 'null', 'null', 'null'] 
pycompss.worker.piper.piper_worker worker_commons - Return target_direction: Parameter(type=None, direction=2, stream=3, prefix=null
          object=None
          file_name=None
          is_future=False) 
pycompss.worker.piper.piper_worker worker_commons - Return timed_out: False 
pycompss.worker.piper.piper_worker worker_commons - Return exception_message:  
pycompss.worker.piper.piper_worker worker_commons - Finished task execution
pycompss.worker.piper.piper_worker worker_commons - End task execution. Status: Ok
pycompss.worker.piper.piper_worker pipe_executor - Process-2 - Pipe /home/cramonco/.COMPSs/tf.py/236ee2ba-050f-49ae-a850-cd5367d54b25/COMPSsWorker01/pipe_967475707_compute2.inbound END TASK MESSAGE: END_TASK 15 0 4 9 null 4 null 4 null 9 null 

pycompss.worker.piper.piper_worker pipe_executor - Cleaning environment.
pycompss.worker.piper.piper_worker pipe_executor - Restoring loggers.
